  [1m[35m (1.3ms)[0m  [1m[35mDROP DATABASE IF EXISTS "tunr_development"[0m
  ↳ /Users/henryzhang/.rvm/rubies/ruby-2.7.1/lib/ruby/gems/2.7.0/gems/rake-13.0.1/lib/rake/task.rb:281
  [1m[35m (0.3ms)[0m  [1m[35mDROP DATABASE IF EXISTS "tunr_test"[0m
  ↳ /Users/henryzhang/.rvm/rubies/ruby-2.7.1/lib/ruby/gems/2.7.0/gems/rake-13.0.1/lib/rake/task.rb:281
  [1m[35m (390.6ms)[0m  [1m[35mCREATE DATABASE "tunr_development" ENCODING = 'unicode'[0m
  ↳ /Users/henryzhang/.rvm/rubies/ruby-2.7.1/lib/ruby/gems/2.7.0/gems/rake-13.0.1/lib/rake/task.rb:281
  [1m[35m (121.7ms)[0m  [1m[35mCREATE DATABASE "tunr_test" ENCODING = 'unicode'[0m
  ↳ /Users/henryzhang/.rvm/rubies/ruby-2.7.1/lib/ruby/gems/2.7.0/gems/rake-13.0.1/lib/rake/task.rb:281
  [1m[35m (57.8ms)[0m  [1m[35mCREATE TABLE "schema_migrations" ("version" character varying NOT NULL PRIMARY KEY)[0m
  ↳ /Users/henryzhang/.rvm/rubies/ruby-2.7.1/lib/ruby/gems/2.7.0/gems/rake-13.0.1/lib/rake/task.rb:281
  [1m[35m (5.3ms)[0m  [1m[35mCREATE TABLE "ar_internal_metadata" ("key" character varying NOT NULL PRIMARY KEY, "value" character varying, "created_at" timestamp NOT NULL, "updated_at" timestamp NOT NULL)[0m
  ↳ /Users/henryzhang/.rvm/rubies/ruby-2.7.1/lib/ruby/gems/2.7.0/gems/rake-13.0.1/lib/rake/task.rb:281
  [1m[35m (0.3ms)[0m  [1m[34mSELECT pg_try_advisory_lock(5870676503668667565)[0m
  ↳ /Users/henryzhang/.rvm/rubies/ruby-2.7.1/lib/ruby/gems/2.7.0/gems/rake-13.0.1/lib/rake/task.rb:281
  [1m[35m (1.4ms)[0m  [1m[34mSELECT "schema_migrations"."version" FROM "schema_migrations" ORDER BY "schema_migrations"."version" ASC[0m
  ↳ /Users/henryzhang/.rvm/rubies/ruby-2.7.1/lib/ruby/gems/2.7.0/gems/rake-13.0.1/lib/rake/task.rb:281
Migrating to CreateSongs (20201015103545)
  [1m[35m (0.6ms)[0m  [1m[35mBEGIN[0m
  ↳ /Users/henryzhang/.rvm/rubies/ruby-2.7.1/lib/ruby/gems/2.7.0/gems/rake-13.0.1/lib/rake/task.rb:281
  [1m[35m (13.9ms)[0m  [1m[35mCREATE TABLE "songs" ("id" bigserial primary key, "title" text, "artist_id" integer, "album_id" integer, "created_at" timestamp NOT NULL, "updated_at" timestamp NOT NULL)[0m
  ↳ db/migrate/20201015103545_create_songs.rb:3
  [1m[36mActiveRecord::SchemaMigration Create (1.5ms)[0m  [1m[32mINSERT INTO "schema_migrations" ("version") VALUES ($1) RETURNING "version"[0m  [["version", "20201015103545"]]
  ↳ /Users/henryzhang/.rvm/rubies/ruby-2.7.1/lib/ruby/gems/2.7.0/gems/rake-13.0.1/lib/rake/task.rb:281
  [1m[35m (0.6ms)[0m  [1m[35mCOMMIT[0m
  ↳ /Users/henryzhang/.rvm/rubies/ruby-2.7.1/lib/ruby/gems/2.7.0/gems/rake-13.0.1/lib/rake/task.rb:281
  [1m[36mActiveRecord::InternalMetadata Load (0.5ms)[0m  [1m[34mSELECT  "ar_internal_metadata".* FROM "ar_internal_metadata" WHERE "ar_internal_metadata"."key" = $1 LIMIT $2[0m  [["key", "environment"], ["LIMIT", 1]]
  ↳ /Users/henryzhang/.rvm/rubies/ruby-2.7.1/lib/ruby/gems/2.7.0/gems/rake-13.0.1/lib/rake/task.rb:281
  [1m[35m (0.4ms)[0m  [1m[35mBEGIN[0m
  ↳ /Users/henryzhang/.rvm/rubies/ruby-2.7.1/lib/ruby/gems/2.7.0/gems/rake-13.0.1/lib/rake/task.rb:281
  [1m[36mActiveRecord::InternalMetadata Create (1.8ms)[0m  [1m[32mINSERT INTO "ar_internal_metadata" ("key", "value", "created_at", "updated_at") VALUES ($1, $2, $3, $4) RETURNING "key"[0m  [["key", "environment"], ["value", "development"], ["created_at", "2020-10-15 10:37:25.783283"], ["updated_at", "2020-10-15 10:37:25.783283"]]
  ↳ /Users/henryzhang/.rvm/rubies/ruby-2.7.1/lib/ruby/gems/2.7.0/gems/rake-13.0.1/lib/rake/task.rb:281
  [1m[35m (0.6ms)[0m  [1m[35mCOMMIT[0m
  ↳ /Users/henryzhang/.rvm/rubies/ruby-2.7.1/lib/ruby/gems/2.7.0/gems/rake-13.0.1/lib/rake/task.rb:281
  [1m[35m (0.4ms)[0m  [1m[34mSELECT pg_advisory_unlock(5870676503668667565)[0m
  ↳ /Users/henryzhang/.rvm/rubies/ruby-2.7.1/lib/ruby/gems/2.7.0/gems/rake-13.0.1/lib/rake/task.rb:281
  [1m[35m (0.3ms)[0m  [1m[34mSELECT "schema_migrations"."version" FROM "schema_migrations" ORDER BY "schema_migrations"."version" ASC[0m
  ↳ /Users/henryzhang/.rvm/rubies/ruby-2.7.1/lib/ruby/gems/2.7.0/gems/rake-13.0.1/lib/rake/task.rb:281
  [1m[35m (0.4ms)[0m  [1m[34mSELECT pg_try_advisory_lock(5870676503668667565)[0m
  ↳ /Users/henryzhang/.rvm/rubies/ruby-2.7.1/lib/ruby/gems/2.7.0/gems/rake-13.0.1/lib/rake/task.rb:281
  [1m[35m (1.7ms)[0m  [1m[34mSELECT "schema_migrations"."version" FROM "schema_migrations" ORDER BY "schema_migrations"."version" ASC[0m
  ↳ /Users/henryzhang/.rvm/rubies/ruby-2.7.1/lib/ruby/gems/2.7.0/gems/rake-13.0.1/lib/rake/task.rb:281
Migrating to CreateArtists (20201015104302)
  [1m[35m (1.5ms)[0m  [1m[35mBEGIN[0m
  ↳ /Users/henryzhang/.rvm/rubies/ruby-2.7.1/lib/ruby/gems/2.7.0/gems/rake-13.0.1/lib/rake/task.rb:281
  [1m[35m (8.2ms)[0m  [1m[35mCREATE TABLE "artists" ("id" bigserial primary key, "name" text, "image" text, "created_at" timestamp NOT NULL, "updated_at" timestamp NOT NULL)[0m
  ↳ db/migrate/20201015104302_create_artists.rb:3
  [1m[36mActiveRecord::SchemaMigration Create (1.7ms)[0m  [1m[32mINSERT INTO "schema_migrations" ("version") VALUES ($1) RETURNING "version"[0m  [["version", "20201015104302"]]
  ↳ /Users/henryzhang/.rvm/rubies/ruby-2.7.1/lib/ruby/gems/2.7.0/gems/rake-13.0.1/lib/rake/task.rb:281
  [1m[35m (1.9ms)[0m  [1m[35mCOMMIT[0m
  ↳ /Users/henryzhang/.rvm/rubies/ruby-2.7.1/lib/ruby/gems/2.7.0/gems/rake-13.0.1/lib/rake/task.rb:281
  [1m[36mActiveRecord::InternalMetadata Load (0.8ms)[0m  [1m[34mSELECT  "ar_internal_metadata".* FROM "ar_internal_metadata" WHERE "ar_internal_metadata"."key" = $1 LIMIT $2[0m  [["key", "environment"], ["LIMIT", 1]]
  ↳ /Users/henryzhang/.rvm/rubies/ruby-2.7.1/lib/ruby/gems/2.7.0/gems/rake-13.0.1/lib/rake/task.rb:281
  [1m[35m (0.4ms)[0m  [1m[35mBEGIN[0m
  ↳ /Users/henryzhang/.rvm/rubies/ruby-2.7.1/lib/ruby/gems/2.7.0/gems/rake-13.0.1/lib/rake/task.rb:281
  [1m[35m (0.2ms)[0m  [1m[35mCOMMIT[0m
  ↳ /Users/henryzhang/.rvm/rubies/ruby-2.7.1/lib/ruby/gems/2.7.0/gems/rake-13.0.1/lib/rake/task.rb:281
  [1m[35m (0.5ms)[0m  [1m[34mSELECT pg_advisory_unlock(5870676503668667565)[0m
  ↳ /Users/henryzhang/.rvm/rubies/ruby-2.7.1/lib/ruby/gems/2.7.0/gems/rake-13.0.1/lib/rake/task.rb:281
  [1m[35m (0.6ms)[0m  [1m[34mSELECT "schema_migrations"."version" FROM "schema_migrations" ORDER BY "schema_migrations"."version" ASC[0m
  ↳ /Users/henryzhang/.rvm/rubies/ruby-2.7.1/lib/ruby/gems/2.7.0/gems/rake-13.0.1/lib/rake/task.rb:281
  [1m[35m (0.5ms)[0m  [1m[34mSELECT pg_try_advisory_lock(5870676503668667565)[0m
  ↳ /Users/henryzhang/.rvm/rubies/ruby-2.7.1/lib/ruby/gems/2.7.0/gems/rake-13.0.1/lib/rake/task.rb:281
  [1m[35m (1.2ms)[0m  [1m[34mSELECT "schema_migrations"."version" FROM "schema_migrations" ORDER BY "schema_migrations"."version" ASC[0m
  ↳ /Users/henryzhang/.rvm/rubies/ruby-2.7.1/lib/ruby/gems/2.7.0/gems/rake-13.0.1/lib/rake/task.rb:281
Migrating to CreateAlbums (20201015104527)
  [1m[35m (0.5ms)[0m  [1m[35mBEGIN[0m
  ↳ /Users/henryzhang/.rvm/rubies/ruby-2.7.1/lib/ruby/gems/2.7.0/gems/rake-13.0.1/lib/rake/task.rb:281
  [1m[35m (7.1ms)[0m  [1m[35mCREATE TABLE "albums" ("id" bigserial primary key, "title" text, "image" text, "created_at" timestamp NOT NULL, "updated_at" timestamp NOT NULL)[0m
  ↳ db/migrate/20201015104527_create_albums.rb:3
  [1m[36mActiveRecord::SchemaMigration Create (0.7ms)[0m  [1m[32mINSERT INTO "schema_migrations" ("version") VALUES ($1) RETURNING "version"[0m  [["version", "20201015104527"]]
  ↳ /Users/henryzhang/.rvm/rubies/ruby-2.7.1/lib/ruby/gems/2.7.0/gems/rake-13.0.1/lib/rake/task.rb:281
  [1m[35m (0.7ms)[0m  [1m[35mCOMMIT[0m
  ↳ /Users/henryzhang/.rvm/rubies/ruby-2.7.1/lib/ruby/gems/2.7.0/gems/rake-13.0.1/lib/rake/task.rb:281
  [1m[36mActiveRecord::InternalMetadata Load (1.1ms)[0m  [1m[34mSELECT  "ar_internal_metadata".* FROM "ar_internal_metadata" WHERE "ar_internal_metadata"."key" = $1 LIMIT $2[0m  [["key", "environment"], ["LIMIT", 1]]
  ↳ /Users/henryzhang/.rvm/rubies/ruby-2.7.1/lib/ruby/gems/2.7.0/gems/rake-13.0.1/lib/rake/task.rb:281
  [1m[35m (0.4ms)[0m  [1m[35mBEGIN[0m
  ↳ /Users/henryzhang/.rvm/rubies/ruby-2.7.1/lib/ruby/gems/2.7.0/gems/rake-13.0.1/lib/rake/task.rb:281
  [1m[35m (0.2ms)[0m  [1m[35mCOMMIT[0m
  ↳ /Users/henryzhang/.rvm/rubies/ruby-2.7.1/lib/ruby/gems/2.7.0/gems/rake-13.0.1/lib/rake/task.rb:281
  [1m[35m (0.4ms)[0m  [1m[34mSELECT pg_advisory_unlock(5870676503668667565)[0m
  ↳ /Users/henryzhang/.rvm/rubies/ruby-2.7.1/lib/ruby/gems/2.7.0/gems/rake-13.0.1/lib/rake/task.rb:281
  [1m[35m (0.5ms)[0m  [1m[34mSELECT "schema_migrations"."version" FROM "schema_migrations" ORDER BY "schema_migrations"."version" ASC[0m
  ↳ /Users/henryzhang/.rvm/rubies/ruby-2.7.1/lib/ruby/gems/2.7.0/gems/rake-13.0.1/lib/rake/task.rb:281
  [1m[35m (0.5ms)[0m  [1m[34mSELECT pg_try_advisory_lock(5870676503668667565)[0m
  ↳ /Users/henryzhang/.rvm/rubies/ruby-2.7.1/lib/ruby/gems/2.7.0/gems/rake-13.0.1/lib/rake/task.rb:281
  [1m[35m (1.4ms)[0m  [1m[34mSELECT "schema_migrations"."version" FROM "schema_migrations" ORDER BY "schema_migrations"."version" ASC[0m
  ↳ /Users/henryzhang/.rvm/rubies/ruby-2.7.1/lib/ruby/gems/2.7.0/gems/rake-13.0.1/lib/rake/task.rb:281
Migrating to CreateGenres (20201015104731)
  [1m[35m (0.4ms)[0m  [1m[35mBEGIN[0m
  ↳ /Users/henryzhang/.rvm/rubies/ruby-2.7.1/lib/ruby/gems/2.7.0/gems/rake-13.0.1/lib/rake/task.rb:281
  [1m[35m (7.0ms)[0m  [1m[35mCREATE TABLE "genres" ("id" bigserial primary key, "name" text, "created_at" timestamp NOT NULL, "updated_at" timestamp NOT NULL)[0m
  ↳ db/migrate/20201015104731_create_genres.rb:3
  [1m[36mActiveRecord::SchemaMigration Create (0.8ms)[0m  [1m[32mINSERT INTO "schema_migrations" ("version") VALUES ($1) RETURNING "version"[0m  [["version", "20201015104731"]]
  ↳ /Users/henryzhang/.rvm/rubies/ruby-2.7.1/lib/ruby/gems/2.7.0/gems/rake-13.0.1/lib/rake/task.rb:281
  [1m[35m (0.8ms)[0m  [1m[35mCOMMIT[0m
  ↳ /Users/henryzhang/.rvm/rubies/ruby-2.7.1/lib/ruby/gems/2.7.0/gems/rake-13.0.1/lib/rake/task.rb:281
  [1m[36mActiveRecord::InternalMetadata Load (0.7ms)[0m  [1m[34mSELECT  "ar_internal_metadata".* FROM "ar_internal_metadata" WHERE "ar_internal_metadata"."key" = $1 LIMIT $2[0m  [["key", "environment"], ["LIMIT", 1]]
  ↳ /Users/henryzhang/.rvm/rubies/ruby-2.7.1/lib/ruby/gems/2.7.0/gems/rake-13.0.1/lib/rake/task.rb:281
  [1m[35m (0.4ms)[0m  [1m[35mBEGIN[0m
  ↳ /Users/henryzhang/.rvm/rubies/ruby-2.7.1/lib/ruby/gems/2.7.0/gems/rake-13.0.1/lib/rake/task.rb:281
  [1m[35m (0.3ms)[0m  [1m[35mCOMMIT[0m
  ↳ /Users/henryzhang/.rvm/rubies/ruby-2.7.1/lib/ruby/gems/2.7.0/gems/rake-13.0.1/lib/rake/task.rb:281
  [1m[35m (0.3ms)[0m  [1m[34mSELECT pg_advisory_unlock(5870676503668667565)[0m
  ↳ /Users/henryzhang/.rvm/rubies/ruby-2.7.1/lib/ruby/gems/2.7.0/gems/rake-13.0.1/lib/rake/task.rb:281
  [1m[35m (0.5ms)[0m  [1m[34mSELECT "schema_migrations"."version" FROM "schema_migrations" ORDER BY "schema_migrations"."version" ASC[0m
  ↳ /Users/henryzhang/.rvm/rubies/ruby-2.7.1/lib/ruby/gems/2.7.0/gems/rake-13.0.1/lib/rake/task.rb:281
  [1m[35m (0.5ms)[0m  [1m[34mSELECT pg_try_advisory_lock(5870676503668667565)[0m
  ↳ /Users/henryzhang/.rvm/rubies/ruby-2.7.1/lib/ruby/gems/2.7.0/gems/rake-13.0.1/lib/rake/task.rb:281
  [1m[35m (1.2ms)[0m  [1m[34mSELECT "schema_migrations"."version" FROM "schema_migrations" ORDER BY "schema_migrations"."version" ASC[0m
  ↳ /Users/henryzhang/.rvm/rubies/ruby-2.7.1/lib/ruby/gems/2.7.0/gems/rake-13.0.1/lib/rake/task.rb:281
Migrating to CreateMixtapes (20201015104855)
  [1m[35m (0.3ms)[0m  [1m[35mBEGIN[0m
  ↳ /Users/henryzhang/.rvm/rubies/ruby-2.7.1/lib/ruby/gems/2.7.0/gems/rake-13.0.1/lib/rake/task.rb:281
  [1m[35m (7.2ms)[0m  [1m[35mCREATE TABLE "mixtapes" ("id" bigserial primary key, "title" text, "user_id" integer, "created_at" timestamp NOT NULL, "updated_at" timestamp NOT NULL)[0m
  ↳ db/migrate/20201015104855_create_mixtapes.rb:3
  [1m[36mActiveRecord::SchemaMigration Create (0.6ms)[0m  [1m[32mINSERT INTO "schema_migrations" ("version") VALUES ($1) RETURNING "version"[0m  [["version", "20201015104855"]]
  ↳ /Users/henryzhang/.rvm/rubies/ruby-2.7.1/lib/ruby/gems/2.7.0/gems/rake-13.0.1/lib/rake/task.rb:281
  [1m[35m (4.6ms)[0m  [1m[35mCOMMIT[0m
  ↳ /Users/henryzhang/.rvm/rubies/ruby-2.7.1/lib/ruby/gems/2.7.0/gems/rake-13.0.1/lib/rake/task.rb:281
  [1m[36mActiveRecord::InternalMetadata Load (1.0ms)[0m  [1m[34mSELECT  "ar_internal_metadata".* FROM "ar_internal_metadata" WHERE "ar_internal_metadata"."key" = $1 LIMIT $2[0m  [["key", "environment"], ["LIMIT", 1]]
  ↳ /Users/henryzhang/.rvm/rubies/ruby-2.7.1/lib/ruby/gems/2.7.0/gems/rake-13.0.1/lib/rake/task.rb:281
  [1m[35m (0.3ms)[0m  [1m[35mBEGIN[0m
  ↳ /Users/henryzhang/.rvm/rubies/ruby-2.7.1/lib/ruby/gems/2.7.0/gems/rake-13.0.1/lib/rake/task.rb:281
  [1m[35m (0.4ms)[0m  [1m[35mCOMMIT[0m
  ↳ /Users/henryzhang/.rvm/rubies/ruby-2.7.1/lib/ruby/gems/2.7.0/gems/rake-13.0.1/lib/rake/task.rb:281
  [1m[35m (0.4ms)[0m  [1m[34mSELECT pg_advisory_unlock(5870676503668667565)[0m
  ↳ /Users/henryzhang/.rvm/rubies/ruby-2.7.1/lib/ruby/gems/2.7.0/gems/rake-13.0.1/lib/rake/task.rb:281
  [1m[35m (0.6ms)[0m  [1m[34mSELECT "schema_migrations"."version" FROM "schema_migrations" ORDER BY "schema_migrations"."version" ASC[0m
  ↳ /Users/henryzhang/.rvm/rubies/ruby-2.7.1/lib/ruby/gems/2.7.0/gems/rake-13.0.1/lib/rake/task.rb:281
  [1m[35m (0.4ms)[0m  [1m[34mSELECT pg_try_advisory_lock(5870676503668667565)[0m
  ↳ /Users/henryzhang/.rvm/rubies/ruby-2.7.1/lib/ruby/gems/2.7.0/gems/rake-13.0.1/lib/rake/task.rb:281
  [1m[35m (1.5ms)[0m  [1m[34mSELECT "schema_migrations"."version" FROM "schema_migrations" ORDER BY "schema_migrations"."version" ASC[0m
  ↳ /Users/henryzhang/.rvm/rubies/ruby-2.7.1/lib/ruby/gems/2.7.0/gems/rake-13.0.1/lib/rake/task.rb:281
Migrating to CreateUsers (20201015105107)
  [1m[35m (0.4ms)[0m  [1m[35mBEGIN[0m
  ↳ /Users/henryzhang/.rvm/rubies/ruby-2.7.1/lib/ruby/gems/2.7.0/gems/rake-13.0.1/lib/rake/task.rb:281
  [1m[35m (7.8ms)[0m  [1m[35mCREATE TABLE "users" ("id" bigserial primary key, "email" text, "created_at" timestamp NOT NULL, "updated_at" timestamp NOT NULL)[0m
  ↳ db/migrate/20201015105107_create_users.rb:3
  [1m[36mActiveRecord::SchemaMigration Create (1.5ms)[0m  [1m[32mINSERT INTO "schema_migrations" ("version") VALUES ($1) RETURNING "version"[0m  [["version", "20201015105107"]]
  ↳ /Users/henryzhang/.rvm/rubies/ruby-2.7.1/lib/ruby/gems/2.7.0/gems/rake-13.0.1/lib/rake/task.rb:281
  [1m[35m (1.1ms)[0m  [1m[35mCOMMIT[0m
  ↳ /Users/henryzhang/.rvm/rubies/ruby-2.7.1/lib/ruby/gems/2.7.0/gems/rake-13.0.1/lib/rake/task.rb:281
  [1m[36mActiveRecord::InternalMetadata Load (1.4ms)[0m  [1m[34mSELECT  "ar_internal_metadata".* FROM "ar_internal_metadata" WHERE "ar_internal_metadata"."key" = $1 LIMIT $2[0m  [["key", "environment"], ["LIMIT", 1]]
  ↳ /Users/henryzhang/.rvm/rubies/ruby-2.7.1/lib/ruby/gems/2.7.0/gems/rake-13.0.1/lib/rake/task.rb:281
  [1m[35m (0.4ms)[0m  [1m[35mBEGIN[0m
  ↳ /Users/henryzhang/.rvm/rubies/ruby-2.7.1/lib/ruby/gems/2.7.0/gems/rake-13.0.1/lib/rake/task.rb:281
  [1m[35m (0.4ms)[0m  [1m[35mCOMMIT[0m
  ↳ /Users/henryzhang/.rvm/rubies/ruby-2.7.1/lib/ruby/gems/2.7.0/gems/rake-13.0.1/lib/rake/task.rb:281
  [1m[35m (1.8ms)[0m  [1m[34mSELECT pg_advisory_unlock(5870676503668667565)[0m
  ↳ /Users/henryzhang/.rvm/rubies/ruby-2.7.1/lib/ruby/gems/2.7.0/gems/rake-13.0.1/lib/rake/task.rb:281
  [1m[35m (0.5ms)[0m  [1m[34mSELECT "schema_migrations"."version" FROM "schema_migrations" ORDER BY "schema_migrations"."version" ASC[0m
  ↳ /Users/henryzhang/.rvm/rubies/ruby-2.7.1/lib/ruby/gems/2.7.0/gems/rake-13.0.1/lib/rake/task.rb:281
  [1m[35m (0.5ms)[0m  [1m[34mSELECT pg_try_advisory_lock(5870676503668667565)[0m
  ↳ /Users/henryzhang/.rvm/rubies/ruby-2.7.1/lib/ruby/gems/2.7.0/gems/rake-13.0.1/lib/rake/task.rb:281
  [1m[35m (1.5ms)[0m  [1m[34mSELECT "schema_migrations"."version" FROM "schema_migrations" ORDER BY "schema_migrations"."version" ASC[0m
  ↳ /Users/henryzhang/.rvm/rubies/ruby-2.7.1/lib/ruby/gems/2.7.0/gems/rake-13.0.1/lib/rake/task.rb:281
Migrating to CreateGenresSongs (20201015105448)
  [1m[35m (0.4ms)[0m  [1m[35mBEGIN[0m
  ↳ /Users/henryzhang/.rvm/rubies/ruby-2.7.1/lib/ruby/gems/2.7.0/gems/rake-13.0.1/lib/rake/task.rb:281
  [1m[35m (2.4ms)[0m  [1m[35mCREATE TABLE "genres_songs" ("genre_id" integer, "song_id" integer)[0m
  ↳ db/migrate/20201015105448_create_genres_songs.rb:3
  [1m[36mActiveRecord::SchemaMigration Create (1.5ms)[0m  [1m[32mINSERT INTO "schema_migrations" ("version") VALUES ($1) RETURNING "version"[0m  [["version", "20201015105448"]]
  ↳ /Users/henryzhang/.rvm/rubies/ruby-2.7.1/lib/ruby/gems/2.7.0/gems/rake-13.0.1/lib/rake/task.rb:281
  [1m[35m (0.9ms)[0m  [1m[35mCOMMIT[0m
  ↳ /Users/henryzhang/.rvm/rubies/ruby-2.7.1/lib/ruby/gems/2.7.0/gems/rake-13.0.1/lib/rake/task.rb:281
  [1m[36mActiveRecord::InternalMetadata Load (0.7ms)[0m  [1m[34mSELECT  "ar_internal_metadata".* FROM "ar_internal_metadata" WHERE "ar_internal_metadata"."key" = $1 LIMIT $2[0m  [["key", "environment"], ["LIMIT", 1]]
  ↳ /Users/henryzhang/.rvm/rubies/ruby-2.7.1/lib/ruby/gems/2.7.0/gems/rake-13.0.1/lib/rake/task.rb:281
  [1m[35m (0.5ms)[0m  [1m[35mBEGIN[0m
  ↳ /Users/henryzhang/.rvm/rubies/ruby-2.7.1/lib/ruby/gems/2.7.0/gems/rake-13.0.1/lib/rake/task.rb:281
  [1m[35m (0.2ms)[0m  [1m[35mCOMMIT[0m
  ↳ /Users/henryzhang/.rvm/rubies/ruby-2.7.1/lib/ruby/gems/2.7.0/gems/rake-13.0.1/lib/rake/task.rb:281
  [1m[35m (0.4ms)[0m  [1m[34mSELECT pg_advisory_unlock(5870676503668667565)[0m
  ↳ /Users/henryzhang/.rvm/rubies/ruby-2.7.1/lib/ruby/gems/2.7.0/gems/rake-13.0.1/lib/rake/task.rb:281
  [1m[35m (0.3ms)[0m  [1m[34mSELECT "schema_migrations"."version" FROM "schema_migrations" ORDER BY "schema_migrations"."version" ASC[0m
  ↳ /Users/henryzhang/.rvm/rubies/ruby-2.7.1/lib/ruby/gems/2.7.0/gems/rake-13.0.1/lib/rake/task.rb:281
  [1m[35m (0.4ms)[0m  [1m[34mSELECT pg_try_advisory_lock(5870676503668667565)[0m
  ↳ /Users/henryzhang/.rvm/rubies/ruby-2.7.1/lib/ruby/gems/2.7.0/gems/rake-13.0.1/lib/rake/task.rb:281
  [1m[35m (1.2ms)[0m  [1m[34mSELECT "schema_migrations"."version" FROM "schema_migrations" ORDER BY "schema_migrations"."version" ASC[0m
  ↳ /Users/henryzhang/.rvm/rubies/ruby-2.7.1/lib/ruby/gems/2.7.0/gems/rake-13.0.1/lib/rake/task.rb:281
Migrating to CreateMixtapesSongs (20201015110258)
  [1m[35m (0.4ms)[0m  [1m[35mBEGIN[0m
  ↳ /Users/henryzhang/.rvm/rubies/ruby-2.7.1/lib/ruby/gems/2.7.0/gems/rake-13.0.1/lib/rake/task.rb:281
  [1m[35m (2.3ms)[0m  [1m[35mCREATE TABLE "mixtapes_songs" ("mixtape_id" integer, "song_id" integer)[0m
  ↳ db/migrate/20201015110258_create_mixtapes_songs.rb:3
  [1m[36mActiveRecord::SchemaMigration Create (0.8ms)[0m  [1m[32mINSERT INTO "schema_migrations" ("version") VALUES ($1) RETURNING "version"[0m  [["version", "20201015110258"]]
  ↳ /Users/henryzhang/.rvm/rubies/ruby-2.7.1/lib/ruby/gems/2.7.0/gems/rake-13.0.1/lib/rake/task.rb:281
  [1m[35m (1.0ms)[0m  [1m[35mCOMMIT[0m
  ↳ /Users/henryzhang/.rvm/rubies/ruby-2.7.1/lib/ruby/gems/2.7.0/gems/rake-13.0.1/lib/rake/task.rb:281
  [1m[36mActiveRecord::InternalMetadata Load (0.7ms)[0m  [1m[34mSELECT  "ar_internal_metadata".* FROM "ar_internal_metadata" WHERE "ar_internal_metadata"."key" = $1 LIMIT $2[0m  [["key", "environment"], ["LIMIT", 1]]
  ↳ /Users/henryzhang/.rvm/rubies/ruby-2.7.1/lib/ruby/gems/2.7.0/gems/rake-13.0.1/lib/rake/task.rb:281
  [1m[35m (0.5ms)[0m  [1m[35mBEGIN[0m
  ↳ /Users/henryzhang/.rvm/rubies/ruby-2.7.1/lib/ruby/gems/2.7.0/gems/rake-13.0.1/lib/rake/task.rb:281
  [1m[35m (0.6ms)[0m  [1m[35mCOMMIT[0m
  ↳ /Users/henryzhang/.rvm/rubies/ruby-2.7.1/lib/ruby/gems/2.7.0/gems/rake-13.0.1/lib/rake/task.rb:281
  [1m[35m (1.0ms)[0m  [1m[34mSELECT pg_advisory_unlock(5870676503668667565)[0m
  ↳ /Users/henryzhang/.rvm/rubies/ruby-2.7.1/lib/ruby/gems/2.7.0/gems/rake-13.0.1/lib/rake/task.rb:281
  [1m[35m (0.4ms)[0m  [1m[34mSELECT "schema_migrations"."version" FROM "schema_migrations" ORDER BY "schema_migrations"."version" ASC[0m
  ↳ /Users/henryzhang/.rvm/rubies/ruby-2.7.1/lib/ruby/gems/2.7.0/gems/rake-13.0.1/lib/rake/task.rb:281
Started GET "/" for ::1 at 2020-10-16 08:01:52 +1100
  [1m[35m (1.4ms)[0m  [1m[34mSELECT "schema_migrations"."version" FROM "schema_migrations" ORDER BY "schema_migrations"."version" ASC[0m
  ↳ /Users/henryzhang/.rvm/gems/ruby-2.7.1/gems/activerecord-5.2.4.4/lib/active_record/log_subscriber.rb:98
Processing by Rails::WelcomeController#index as HTML
  Rendering /Users/henryzhang/.rvm/gems/ruby-2.7.1/gems/railties-5.2.4.4/lib/rails/templates/rails/welcome/index.html.erb
  Rendered /Users/henryzhang/.rvm/gems/ruby-2.7.1/gems/railties-5.2.4.4/lib/rails/templates/rails/welcome/index.html.erb (4.0ms)
Completed 200 OK in 17ms (Views: 12.5ms | ActiveRecord: 0.0ms)


Started GET "/users/new" for ::1 at 2020-10-16 08:01:59 +1100
Processing by UsersController#new as HTML
  Rendering users/new.html.erb within layouts/application
  Rendered users/new.html.erb within layouts/application (8.3ms)
Completed 500 Internal Server Error in 21ms (ActiveRecord: 0.0ms)


  
ActionView::Template::Error (Missing block):
    1: <h1>Sign up</h1>
    2: 
    3: <%= form_for @user %>
    4: <%= f.label :email %>
    5: <%= f.email_field :email %>
    6: <%= f.sumbit %>
  
app/views/users/new.html.erb:3:in `_app_views_users_new_html_erb___3585394156466532967_11560'
Started GET "/users/new" for ::1 at 2020-10-16 08:04:06 +1100
Processing by UsersController#new as HTML
  Rendering users/new.html.erb within layouts/application
  Rendered users/new.html.erb within layouts/application (2.2ms)
Completed 500 Internal Server Error in 35ms (ActiveRecord: 10.8ms)


  
ActionView::Template::Error (Missing block):
    1: <h1>Sign up</h1>
    2: 
    3: <%= form_for @user %>
    4: <%= f.label :email %>
    5: <%= f.email_field :email %>
    6: <%= f.sumbit %>
  
app/views/users/new.html.erb:3:in `_app_views_users_new_html_erb___3585394156466532967_13200'
Started GET "/users/new" for ::1 at 2020-10-16 08:04:11 +1100
Processing by UsersController#new as HTML
  Rendering users/new.html.erb within layouts/application
  Rendered users/new.html.erb within layouts/application (2.2ms)
Completed 500 Internal Server Error in 7ms (ActiveRecord: 0.0ms)


  
ActionView::Template::Error (Missing block):
    1: <h1>Sign up</h1>
    2: 
    3: <%= form_for @user %>
    4: <%= f.label :email %>
    5: <%= f.email_field :email %>
    6: <%= f.sumbit %>
  
app/views/users/new.html.erb:3:in `_app_views_users_new_html_erb___3585394156466532967_13720'
Started GET "/users/new" for ::1 at 2020-10-16 08:08:03 +1100
Processing by UsersController#new as HTML
  Rendering users/new.html.erb within layouts/application
  Rendered users/new.html.erb within layouts/application (0.7ms)
Completed 500 Internal Server Error in 6ms (ActiveRecord: 0.0ms)


  
SyntaxError (/Users/henryzhang/Projects/classwork/08-rails/tunr/app/views/users/new.html.erb:7: syntax error, unexpected `end'
...eze;@output_buffer.append=( end );
...                            ^~~
/Users/henryzhang/Projects/classwork/08-rails/tunr/app/views/users/new.html.erb:10: syntax error, unexpected `ensure', expecting ')'
          ensure
          ^~~~~~
/Users/henryzhang/Projects/classwork/08-rails/tunr/app/views/users/new.html.erb:12: syntax error, unexpected `end', expecting ')'
          end
          ^~~
):
  
app/views/users/new.html.erb:7: syntax error, unexpected `end'
app/views/users/new.html.erb:10: syntax error, unexpected `ensure', expecting ')'
app/views/users/new.html.erb:12: syntax error, unexpected `end', expecting ')'
Started GET "/users/new" for ::1 at 2020-10-16 08:08:21 +1100
Processing by UsersController#new as HTML
  Rendering users/new.html.erb within layouts/application
  Rendered users/new.html.erb within layouts/application (3.2ms)
Completed 500 Internal Server Error in 9ms (ActiveRecord: 0.0ms)


  
SyntaxError (/Users/henryzhang/Projects/classwork/08-rails/tunr/app/views/users/new.html.erb:9: syntax error, unexpected `ensure', expecting end-of-input
          ensure
          ^~~~~~
):
  
app/views/users/new.html.erb:9: syntax error, unexpected `ensure', expecting end-of-input
Started GET "/users/new" for ::1 at 2020-10-16 08:10:24 +1100
Processing by UsersController#new as HTML
  Rendering users/new.html.erb within layouts/application
  Rendered users/new.html.erb within layouts/application (119.4ms)
Completed 500 Internal Server Error in 124ms (ActiveRecord: 0.0ms)


  
ActionView::Template::Error (undefined local variable or method `f' for #<#<Class:0x00007fbef6eeea00>:0x00007fbef6961f88>):
    1: <h1>Sign up</h1>
    2: 
    3: <%= form_for @user do %>
    4: <%= f.label :email %>
    5: <%= f.email_field :email %>
    6: <%= f.sumbit %>
    7: <% end %>
  
app/views/users/new.html.erb:4:in `block in _app_views_users_new_html_erb___3585394156466532967_15360'
app/views/users/new.html.erb:3:in `_app_views_users_new_html_erb___3585394156466532967_15360'
Started GET "/users/new" for ::1 at 2020-10-16 08:10:52 +1100
Processing by UsersController#new as HTML
  Rendering users/new.html.erb within layouts/application
  Rendered users/new.html.erb within layouts/application (118.6ms)
Completed 500 Internal Server Error in 126ms (ActiveRecord: 0.0ms)


  
ActionView::Template::Error (undefined method `sumbit' for #<ActionView::Helpers::FormBuilder:0x00007fbef62ed328>
Did you mean?  submit):
    3: <%= form_for @user do |f| %>
    4: <%= f.label :email %>
    5: <%= f.email_field :email %>
    6: <%= f.sumbit %>
    7: <% end %>
  
app/views/users/new.html.erb:6:in `block in _app_views_users_new_html_erb___3585394156466532967_15980'
app/views/users/new.html.erb:3:in `_app_views_users_new_html_erb___3585394156466532967_15980'
Started GET "/users/new" for ::1 at 2020-10-16 08:11:54 +1100
Processing by UsersController#new as HTML
  Rendering users/new.html.erb within layouts/application
  Rendered users/new.html.erb within layouts/application (2.7ms)
Completed 200 OK in 549ms (Views: 546.9ms | ActiveRecord: 0.0ms)


Started GET "/users/new" for ::1 at 2020-10-16 08:12:29 +1100
Processing by UsersController#new as HTML
  Rendering users/new.html.erb within layouts/application
  Rendered users/new.html.erb within layouts/application (2.4ms)
Completed 200 OK in 23ms (Views: 20.8ms | ActiveRecord: 0.0ms)


  [1m[35m (0.5ms)[0m  [1m[34mSELECT pg_try_advisory_lock(5870676503668667565)[0m
  ↳ /Users/henryzhang/.rvm/rubies/ruby-2.7.1/lib/ruby/gems/2.7.0/gems/rake-13.0.1/lib/rake/task.rb:281
  [1m[35m (1.5ms)[0m  [1m[34mSELECT "schema_migrations"."version" FROM "schema_migrations" ORDER BY "schema_migrations"."version" ASC[0m
  ↳ /Users/henryzhang/.rvm/rubies/ruby-2.7.1/lib/ruby/gems/2.7.0/gems/rake-13.0.1/lib/rake/task.rb:281
Migrating to AddPasswordDigestToUsers (20201015212124)
  [1m[35m (0.7ms)[0m  [1m[35mBEGIN[0m
  ↳ /Users/henryzhang/.rvm/rubies/ruby-2.7.1/lib/ruby/gems/2.7.0/gems/rake-13.0.1/lib/rake/task.rb:281
  [1m[35m (10.5ms)[0m  [1m[35mALTER TABLE "users" ADD "password_digest" character varying[0m
  ↳ db/migrate/20201015212124_add_password_digest_to_users.rb:3
  [1m[36mActiveRecord::SchemaMigration Create (2.6ms)[0m  [1m[32mINSERT INTO "schema_migrations" ("version") VALUES ($1) RETURNING "version"[0m  [["version", "20201015212124"]]
  ↳ /Users/henryzhang/.rvm/rubies/ruby-2.7.1/lib/ruby/gems/2.7.0/gems/rake-13.0.1/lib/rake/task.rb:281
  [1m[35m (3.3ms)[0m  [1m[35mCOMMIT[0m
  ↳ /Users/henryzhang/.rvm/rubies/ruby-2.7.1/lib/ruby/gems/2.7.0/gems/rake-13.0.1/lib/rake/task.rb:281
  [1m[36mActiveRecord::InternalMetadata Load (4.2ms)[0m  [1m[34mSELECT  "ar_internal_metadata".* FROM "ar_internal_metadata" WHERE "ar_internal_metadata"."key" = $1 LIMIT $2[0m  [["key", "environment"], ["LIMIT", 1]]
  ↳ /Users/henryzhang/.rvm/rubies/ruby-2.7.1/lib/ruby/gems/2.7.0/gems/rake-13.0.1/lib/rake/task.rb:281
  [1m[35m (0.3ms)[0m  [1m[35mBEGIN[0m
  ↳ /Users/henryzhang/.rvm/rubies/ruby-2.7.1/lib/ruby/gems/2.7.0/gems/rake-13.0.1/lib/rake/task.rb:281
  [1m[35m (0.3ms)[0m  [1m[35mCOMMIT[0m
  ↳ /Users/henryzhang/.rvm/rubies/ruby-2.7.1/lib/ruby/gems/2.7.0/gems/rake-13.0.1/lib/rake/task.rb:281
  [1m[35m (1.4ms)[0m  [1m[34mSELECT pg_advisory_unlock(5870676503668667565)[0m
  ↳ /Users/henryzhang/.rvm/rubies/ruby-2.7.1/lib/ruby/gems/2.7.0/gems/rake-13.0.1/lib/rake/task.rb:281
  [1m[35m (1.6ms)[0m  [1m[34mSELECT "schema_migrations"."version" FROM "schema_migrations" ORDER BY "schema_migrations"."version" ASC[0m
  ↳ /Users/henryzhang/.rvm/rubies/ruby-2.7.1/lib/ruby/gems/2.7.0/gems/rake-13.0.1/lib/rake/task.rb:281
Started GET "/users/new" for ::1 at 2020-10-16 08:38:58 +1100
  [1m[35m (1.5ms)[0m  [1m[34mSELECT "schema_migrations"."version" FROM "schema_migrations" ORDER BY "schema_migrations"."version" ASC[0m
  ↳ /Users/henryzhang/.rvm/gems/ruby-2.7.1/gems/activerecord-5.2.4.4/lib/active_record/log_subscriber.rb:98
Processing by UsersController#new as HTML
  Rendering users/new.html.erb within layouts/application
  Rendered users/new.html.erb within layouts/application (9.6ms)
Completed 200 OK in 254ms (Views: 234.6ms | ActiveRecord: 8.3ms)


Started GET "/" for ::1 at 2020-10-16 08:39:09 +1100
Processing by PagesController#home as HTML
  Rendering pages/home.html.erb within layouts/application
  Rendered pages/home.html.erb within layouts/application (0.7ms)
Completed 200 OK in 41ms (Views: 39.4ms | ActiveRecord: 0.0ms)


  [1m[35m (1.7ms)[0m  [1m[34mSELECT "schema_migrations"."version" FROM "schema_migrations" ORDER BY "schema_migrations"."version" ASC[0m
  ↳ /Users/henryzhang/.rvm/rubies/ruby-2.7.1/lib/ruby/gems/2.7.0/gems/rake-13.0.1/lib/rake/task.rb:281
  [1m[36mUser Load (19.2ms)[0m  [1m[34mSELECT "users".* FROM "users"[0m
  ↳ db/seeds.rb:9
  [1m[35m (0.4ms)[0m  [1m[35mBEGIN[0m
  ↳ db/seeds.rb:10
  [1m[36mUser Exists (1.6ms)[0m  [1m[34mSELECT  1 AS one FROM "users" WHERE "users"."email" = $1 LIMIT $2[0m  [["email", "jonesy@ga.co"], ["LIMIT", 1]]
  ↳ db/seeds.rb:10
  [1m[36mUser Create (1.2ms)[0m  [1m[32mINSERT INTO "users" ("email", "created_at", "updated_at", "password_digest") VALUES ($1, $2, $3, $4) RETURNING "id"[0m  [["email", "jonesy@ga.co"], ["created_at", "2020-10-15 21:52:47.129812"], ["updated_at", "2020-10-15 21:52:47.129812"], ["password_digest", "$2a$12$FHppaVxnaAs3tZqVC0FZvOj7JjzKiSB4mUhseGlnYcEIz8AtZJ3iO"]]
  ↳ db/seeds.rb:10
  [1m[35m (1.1ms)[0m  [1m[35mCOMMIT[0m
  ↳ db/seeds.rb:10
  [1m[35m (0.3ms)[0m  [1m[35mBEGIN[0m
  ↳ db/seeds.rb:11
  [1m[36mUser Exists (1.4ms)[0m  [1m[34mSELECT  1 AS one FROM "users" WHERE "users"."email" = $1 LIMIT $2[0m  [["email", "craigsy@ga.co"], ["LIMIT", 1]]
  ↳ db/seeds.rb:11
  [1m[36mUser Create (1.3ms)[0m  [1m[32mINSERT INTO "users" ("email", "created_at", "updated_at", "password_digest") VALUES ($1, $2, $3, $4) RETURNING "id"[0m  [["email", "craigsy@ga.co"], ["created_at", "2020-10-15 21:52:47.362347"], ["updated_at", "2020-10-15 21:52:47.362347"], ["password_digest", "$2a$12$YT/80qPaYlgVyHGOkgIvFewyBvqrlIH9/DRFJJ8DBC79jLAP2mHtG"]]
  ↳ db/seeds.rb:11
  [1m[35m (1.2ms)[0m  [1m[35mCOMMIT[0m
  ↳ db/seeds.rb:11
  [1m[35m (5.6ms)[0m  [1m[34mSELECT COUNT(*) FROM "users"[0m
  ↳ db/seeds.rb:12
  [1m[36mSong Load (2.3ms)[0m  [1m[34mSELECT "songs".* FROM "songs"[0m
  ↳ db/seeds.rb:14
  [1m[35m (0.4ms)[0m  [1m[35mBEGIN[0m
  ↳ db/seeds.rb:15
  [1m[36mSong Create (0.8ms)[0m  [1m[32mINSERT INTO "songs" ("title", "created_at", "updated_at") VALUES ($1, $2, $3) RETURNING "id"[0m  [["title", "Have A Safe Trip Dear"], ["created_at", "2020-10-15 21:52:47.416871"], ["updated_at", "2020-10-15 21:52:47.416871"]]
  ↳ db/seeds.rb:15
  [1m[35m (0.6ms)[0m  [1m[35mCOMMIT[0m
  ↳ db/seeds.rb:15
  [1m[35m (0.3ms)[0m  [1m[35mBEGIN[0m
  ↳ db/seeds.rb:16
  [1m[36mSong Create (0.5ms)[0m  [1m[32mINSERT INTO "songs" ("title", "created_at", "updated_at") VALUES ($1, $2, $3) RETURNING "id"[0m  [["title", "Toxic"], ["created_at", "2020-10-15 21:52:47.420232"], ["updated_at", "2020-10-15 21:52:47.420232"]]
  ↳ db/seeds.rb:16
  [1m[35m (0.5ms)[0m  [1m[35mCOMMIT[0m
  ↳ db/seeds.rb:16
  [1m[35m (0.2ms)[0m  [1m[35mBEGIN[0m
  ↳ db/seeds.rb:17
  [1m[36mSong Create (0.5ms)[0m  [1m[32mINSERT INTO "songs" ("title", "created_at", "updated_at") VALUES ($1, $2, $3) RETURNING "id"[0m  [["title", "Don't Ask Me To Dance"], ["created_at", "2020-10-15 21:52:47.423262"], ["updated_at", "2020-10-15 21:52:47.423262"]]
  ↳ db/seeds.rb:17
  [1m[35m (0.5ms)[0m  [1m[35mCOMMIT[0m
  ↳ db/seeds.rb:17
  [1m[35m (0.3ms)[0m  [1m[35mBEGIN[0m
  ↳ db/seeds.rb:18
  [1m[36mSong Create (0.4ms)[0m  [1m[32mINSERT INTO "songs" ("title", "created_at", "updated_at") VALUES ($1, $2, $3) RETURNING "id"[0m  [["title", "Gut Feeling"], ["created_at", "2020-10-15 21:52:47.425980"], ["updated_at", "2020-10-15 21:52:47.425980"]]
  ↳ db/seeds.rb:18
  [1m[35m (0.5ms)[0m  [1m[35mCOMMIT[0m
  ↳ db/seeds.rb:18
  [1m[35m (0.5ms)[0m  [1m[34mSELECT COUNT(*) FROM "songs"[0m
  ↳ db/seeds.rb:19
Started GET "/" for ::1 at 2020-10-16 09:22:48 +1100
  [1m[35m (1.2ms)[0m  [1m[34mSELECT "schema_migrations"."version" FROM "schema_migrations" ORDER BY "schema_migrations"."version" ASC[0m
  ↳ /Users/henryzhang/.rvm/gems/ruby-2.7.1/gems/activerecord-5.2.4.4/lib/active_record/log_subscriber.rb:98
Processing by PagesController#home as HTML
  Rendering pages/home.html.erb within layouts/application
  Rendered pages/home.html.erb within layouts/application (1.1ms)
Completed 200 OK in 320ms (Views: 315.5ms | ActiveRecord: 0.0ms)


Started GET "/users/new" for ::1 at 2020-10-16 09:23:45 +1100
Processing by UsersController#new as HTML
  Rendering users/new.html.erb within layouts/application
  Rendered users/new.html.erb within layouts/application (13.8ms)
Completed 200 OK in 55ms (Views: 33.1ms | ActiveRecord: 11.0ms)


Started GET "/login" for ::1 at 2020-10-16 09:34:10 +1100
  [1m[35m (0.8ms)[0m  [1m[34mSELECT "schema_migrations"."version" FROM "schema_migrations" ORDER BY "schema_migrations"."version" ASC[0m
  ↳ /Users/henryzhang/.rvm/gems/ruby-2.7.1/gems/activerecord-5.2.4.4/lib/active_record/log_subscriber.rb:98
Processing by SessionController#new as HTML
  Rendering session/new.html.erb within layouts/application
  Rendered session/new.html.erb within layouts/application (0.6ms)
Completed 200 OK in 282ms (Views: 277.4ms | ActiveRecord: 0.0ms)


Started GET "/login" for ::1 at 2020-10-16 09:39:32 +1100
Processing by SessionController#new as HTML
  Rendering session/new.html.erb within layouts/application
  Rendered session/new.html.erb within layouts/application (1.9ms)
Completed 200 OK in 18ms (Views: 17.0ms | ActiveRecord: 0.0ms)


Started POST "/login" for ::1 at 2020-10-16 09:41:43 +1100
Processing by SessionController#create as HTML
  Parameters: {"utf8"=>"✓", "authenticity_token"=>"VIjzHwjNibu66bsGleaMvw0B15EpNybSe5l9Yy48n3K4DRpKUoV01EAFjj49iA1j8Lv8zzKbnGHHU4QEC20N3w==", "email"=>"craigsy@ga.co", "password"=>"[FILTERED]", "commit"=>"Sign In!"}
Completed 500 Internal Server Error in 1ms (ActiveRecord: 0.0ms)


  
RuntimeError (hell):
  
app/controllers/session_controller.rb:6:in `create'
Started GET "/" for ::1 at 2020-10-16 09:54:14 +1100
Processing by PagesController#home as HTML
  Rendering pages/home.html.erb within layouts/application
  Rendered pages/home.html.erb within layouts/application (0.4ms)
Completed 200 OK in 20ms (Views: 17.9ms | ActiveRecord: 0.0ms)


Started GET "/login" for ::1 at 2020-10-16 09:55:28 +1100
  
SyntaxError (/Users/henryzhang/Projects/classwork/08-rails/tunr/app/controllers/session_controller.rb:18: syntax error, unexpected end-of-input, expecting `end'):
  
app/controllers/session_controller.rb:18: syntax error, unexpected end-of-input, expecting `end'
Started GET "/login" for ::1 at 2020-10-16 09:55:47 +1100
Processing by SessionController#new as HTML
  Rendering session/new.html.erb within layouts/application
  Rendered session/new.html.erb within layouts/application (2.0ms)
Completed 200 OK in 23ms (Views: 20.7ms | ActiveRecord: 0.0ms)


Started POST "/login" for ::1 at 2020-10-16 09:55:54 +1100
Processing by SessionController#create as HTML
  Parameters: {"utf8"=>"✓", "authenticity_token"=>"uSsl4qwkOqmKAzvvdwjcZFRsVzKjComVeCJFcVssWBhVrsy39mzHxnDvDtffZl24qdZ8bLimMybE6LwWfn3KtQ==", "email"=>"craigsy@ga.co", "password"=>"[FILTERED]", "commit"=>"Sign In!"}
  [1m[36mUser Load (0.9ms)[0m  [1m[34mSELECT  "users".* FROM "users" WHERE "users"."email" = $1 LIMIT $2[0m  [["email", "craigsy@ga.co"], ["LIMIT", 1]]
  ↳ app/controllers/session_controller.rb:9
Redirected to http://localhost:3000/login
Completed 302 Found in 276ms (ActiveRecord: 16.1ms)


Started GET "/login" for ::1 at 2020-10-16 09:55:55 +1100
Processing by SessionController#new as HTML
  Rendering session/new.html.erb within layouts/application
  Rendered session/new.html.erb within layouts/application (0.9ms)
Completed 200 OK in 13ms (Views: 12.2ms | ActiveRecord: 0.0ms)


Started POST "/login" for ::1 at 2020-10-16 09:56:44 +1100
Processing by SessionController#create as HTML
  Parameters: {"utf8"=>"✓", "authenticity_token"=>"oqbyXGOg9bBwtrM1KTh14+CdPb9WRxQzozBP0EeZywlOIxsJOegI34pahg2BVvQ/HScW4U3rroAf+ra3YshZpA==", "email"=>"craigsy@ga.co", "password"=>"[FILTERED]", "commit"=>"Sign In!"}
  [1m[36mUser Load (0.6ms)[0m  [1m[34mSELECT  "users".* FROM "users" WHERE "users"."email" = $1 LIMIT $2[0m  [["email", "craigsy@ga.co"], ["LIMIT", 1]]
  ↳ app/controllers/session_controller.rb:9
Redirected to http://localhost:3000/login
Completed 302 Found in 251ms (ActiveRecord: 0.6ms)


Started GET "/login" for ::1 at 2020-10-16 09:56:44 +1100
Processing by SessionController#new as HTML
  Rendering session/new.html.erb within layouts/application
  Rendered session/new.html.erb within layouts/application (0.9ms)
Completed 200 OK in 18ms (Views: 17.6ms | ActiveRecord: 0.0ms)


Started POST "/login" for ::1 at 2020-10-16 09:58:13 +1100
Processing by SessionController#create as HTML
  Parameters: {"utf8"=>"✓", "authenticity_token"=>"8W5zs+0CE+3VpJ+WX3DTu3pZIeLFNXP6w2NJVGzLP8Ud65rmt0rugi9Iqq73HlJnh+MKvN6ZyUl/qbAzSZqtaA==", "email"=>"craigsy@ga.co", "password"=>"[FILTERED]", "commit"=>"Sign In!"}
  [1m[36mUser Load (0.8ms)[0m  [1m[34mSELECT  "users".* FROM "users" WHERE "users"."email" = $1 LIMIT $2[0m  [["email", "craigsy@ga.co"], ["LIMIT", 1]]
  ↳ app/controllers/session_controller.rb:9
Redirected to http://localhost:3000/login
Completed 302 Found in 255ms (ActiveRecord: 0.8ms)


Started GET "/login" for ::1 at 2020-10-16 09:58:13 +1100
Processing by SessionController#new as HTML
  Rendering session/new.html.erb within layouts/application
  Rendered session/new.html.erb within layouts/application (1.4ms)
Completed 200 OK in 31ms (Views: 28.8ms | ActiveRecord: 0.0ms)


Started GET "/users/new" for ::1 at 2020-10-16 09:58:57 +1100
Processing by UsersController#new as HTML
  Rendering users/new.html.erb within layouts/application
  Rendered users/new.html.erb within layouts/application (15.7ms)
Completed 200 OK in 35ms (Views: 33.5ms | ActiveRecord: 0.0ms)


Started POST "/users" for ::1 at 2020-10-16 09:59:56 +1100
Processing by UsersController#create as HTML
  Parameters: {"utf8"=>"✓", "authenticity_token"=>"g8RlCk9id9WSPEbWndEULUEJlDtphbhbRhrTFNm652xvQYxfFSqKumjQc+41v5XxvLO/ZXIpAuj60Cpz/Ot1wQ==", "user"=>{"email"=>"craigsy@go.co", "password"=>"[FILTERED]", "password_confirmation"=>"[FILTERED]"}, "commit"=>"Sign up!"}
  [1m[35m (0.3ms)[0m  [1m[35mBEGIN[0m
  ↳ app/controllers/users_controller.rb:8
  [1m[36mUser Exists (0.3ms)[0m  [1m[34mSELECT  1 AS one FROM "users" WHERE "users"."email" = $1 LIMIT $2[0m  [["email", "craigsy@go.co"], ["LIMIT", 1]]
  ↳ app/controllers/users_controller.rb:8
  [1m[36mUser Create (0.9ms)[0m  [1m[32mINSERT INTO "users" ("email", "created_at", "updated_at", "password_digest") VALUES ($1, $2, $3, $4) RETURNING "id"[0m  [["email", "craigsy@go.co"], ["created_at", "2020-10-15 22:59:56.264201"], ["updated_at", "2020-10-15 22:59:56.264201"], ["password_digest", "$2a$12$ShQcRLvqAdJiqD5EQvY.M.u8IKCVLvfKr60aQZF2bwo83MTo1qG0K"]]
  ↳ app/controllers/users_controller.rb:8
  [1m[35m (1.9ms)[0m  [1m[35mCOMMIT[0m
  ↳ app/controllers/users_controller.rb:8
Redirected to http://localhost:3000/
Completed 302 Found in 256ms (ActiveRecord: 3.4ms)


Started GET "/" for ::1 at 2020-10-16 09:59:56 +1100
Processing by PagesController#home as HTML
  Rendering pages/home.html.erb within layouts/application
  Rendered pages/home.html.erb within layouts/application (0.3ms)
Completed 200 OK in 16ms (Views: 13.8ms | ActiveRecord: 0.0ms)


Started GET "/login" for ::1 at 2020-10-16 10:00:25 +1100
Processing by SessionController#new as HTML
  Rendering session/new.html.erb within layouts/application
  Rendered session/new.html.erb within layouts/application (1.3ms)
Completed 200 OK in 19ms (Views: 17.8ms | ActiveRecord: 0.0ms)


Started POST "/login" for ::1 at 2020-10-16 10:00:33 +1100
Processing by SessionController#create as HTML
  Parameters: {"utf8"=>"✓", "authenticity_token"=>"XGTOo4SL0IeneNGjVHR6zcVdjkNXXStTrDywBBoui/aw4Sf23sMt6F2U5Jv8GvsROOelHUzxkeAQ9kljP38ZWw==", "email"=>"craigsy@ga.co", "password"=>"[FILTERED]", "commit"=>"Sign In!"}
  [1m[36mUser Load (0.8ms)[0m  [1m[34mSELECT  "users".* FROM "users" WHERE "users"."email" = $1 LIMIT $2[0m  [["email", "craigsy@ga.co"], ["LIMIT", 1]]
  ↳ app/controllers/session_controller.rb:9
Completed 500 Internal Server Error in 333ms (ActiveRecord: 0.8ms)


  
NameError (undefined local variable or method `user_id' for #<SessionController:0x00007fc205603e10>
Did you mean?  user):
  
app/controllers/session_controller.rb:12:in `create'
Started POST "/login" for ::1 at 2020-10-16 10:02:48 +1100
Processing by SessionController#create as HTML
  Parameters: {"utf8"=>"✓", "authenticity_token"=>"XGTOo4SL0IeneNGjVHR6zcVdjkNXXStTrDywBBoui/aw4Sf23sMt6F2U5Jv8GvsROOelHUzxkeAQ9kljP38ZWw==", "email"=>"craigsy@ga.co", "password"=>"[FILTERED]", "commit"=>"Sign In!"}
  [1m[36mUser Load (0.5ms)[0m  [1m[34mSELECT  "users".* FROM "users" WHERE "users"."email" = $1 LIMIT $2[0m  [["email", "craigsy@ga.co"], ["LIMIT", 1]]
  ↳ app/controllers/session_controller.rb:9
Redirected to http://localhost:3000/
Completed 302 Found in 264ms (ActiveRecord: 10.1ms)


Started GET "/" for ::1 at 2020-10-16 10:02:48 +1100
Processing by PagesController#home as HTML
  Rendering pages/home.html.erb within layouts/application
  Rendered pages/home.html.erb within layouts/application (0.3ms)
Completed 200 OK in 26ms (Views: 24.4ms | ActiveRecord: 0.0ms)


Started GET "/" for ::1 at 2020-10-16 10:05:37 +1100
Processing by PagesController#home as HTML
  Rendering pages/home.html.erb within layouts/application
  Rendered pages/home.html.erb within layouts/application (3.6ms)
Completed 500 Internal Server Error in 9ms (ActiveRecord: 0.0ms)


  
ActionView::Template::Error (undefined method `email' for 2:Integer):
    1: <h1>Pages#home</h1>
    2: <p>Find me in app/views/pages/home.html.erb</p>
    3: 
    4: <p> login is <%= User.find(session[:user_id].email)%></p>
  
app/views/pages/home.html.erb:4:in `_app_views_pages_home_html_erb___1208164230663642102_21260'
  [1m[36mUser Load (0.4ms)[0m  [1m[34mSELECT  "users".* FROM "users" WHERE "users"."id" = $1 LIMIT $2[0m  [["id", 17], ["LIMIT", 1]]
Started GET "/" for ::1 at 2020-10-16 10:30:28 +1100
  [1m[35m (1.9ms)[0m  [1m[34mSELECT "schema_migrations"."version" FROM "schema_migrations" ORDER BY "schema_migrations"."version" ASC[0m
  ↳ /Users/henryzhang/.rvm/gems/ruby-2.7.1/gems/activerecord-5.2.4.4/lib/active_record/log_subscriber.rb:98
Processing by PagesController#home as HTML
  [1m[36mUser Load (0.7ms)[0m  [1m[34mSELECT  "users".* FROM "users" WHERE "users"."id" = $1 LIMIT $2[0m  [["id", 2], ["LIMIT", 1]]
  ↳ app/controllers/application_controller.rb:6
Completed 500 Internal Server Error in 96ms (ActiveRecord: 6.2ms)


  
NameError (undefined local variable or method `sessiion' for #<PagesController:0x00007fe59292cf00>
Did you mean?  session):
  
app/controllers/pages_controller.rb:3:in `home'
Started GET "/" for ::1 at 2020-10-16 10:31:02 +1100
Processing by PagesController#home as HTML
  [1m[36mUser Load (0.8ms)[0m  [1m[34mSELECT  "users".* FROM "users" WHERE "users"."id" = $1 LIMIT $2[0m  [["id", 2], ["LIMIT", 1]]
  ↳ app/controllers/application_controller.rb:6
  [1m[36mCACHE User Load (0.0ms)[0m  [1m[34mSELECT  "users".* FROM "users" WHERE "users"."id" = $1 LIMIT $2[0m  [["id", 2], ["LIMIT", 1]]
  ↳ app/controllers/pages_controller.rb:3
  Rendering pages/home.html.erb within layouts/application
  Rendered pages/home.html.erb within layouts/application (4.1ms)
Completed 500 Internal Server Error in 38ms (ActiveRecord: 6.0ms)


  
ActionView::Template::Error (undefined method `email' for 2:Integer):
    2: <p>Find me in app/views/pages/home.html.erb</p>
    3: 
    4: <>
    5: <p> login is <%= session[:user_id].email%></p>
    6: <>
  
app/views/pages/home.html.erb:5:in `_app_views_pages_home_html_erb___3875810559044012298_13800'
Started GET "/" for ::1 at 2020-10-16 10:31:59 +1100
Processing by PagesController#home as HTML
  [1m[36mUser Load (1.1ms)[0m  [1m[34mSELECT  "users".* FROM "users" WHERE "users"."id" = $1 LIMIT $2[0m  [["id", 2], ["LIMIT", 1]]
  ↳ app/controllers/application_controller.rb:6
  [1m[36mCACHE User Load (0.0ms)[0m  [1m[34mSELECT  "users".* FROM "users" WHERE "users"."id" = $1 LIMIT $2[0m  [["id", 2], ["LIMIT", 1]]
  ↳ app/controllers/pages_controller.rb:3
  Rendering pages/home.html.erb within layouts/application
  Rendered pages/home.html.erb within layouts/application (0.3ms)
Completed 500 Internal Server Error in 7ms (ActiveRecord: 1.1ms)


  
SyntaxError (/Users/henryzhang/Projects/classwork/08-rails/tunr/app/views/layouts/application.html.erb:16: syntax error, unexpected symbol literal, expecting `do' or '{' or '('
...link_to 'log out', login_path :method => 'delete');@output_b...
...                              ^
):
  
app/views/layouts/application.html.erb:16: syntax error, unexpected symbol literal, expecting `do' or '{' or '('
Started GET "/" for ::1 at 2020-10-16 10:37:08 +1100
Processing by PagesController#home as HTML
  [1m[36mUser Load (17.2ms)[0m  [1m[34mSELECT  "users".* FROM "users" WHERE "users"."id" = $1 LIMIT $2[0m  [["id", 2], ["LIMIT", 1]]
  ↳ app/controllers/application_controller.rb:6
  [1m[36mCACHE User Load (0.0ms)[0m  [1m[34mSELECT  "users".* FROM "users" WHERE "users"."id" = $1 LIMIT $2[0m  [["id", 2], ["LIMIT", 1]]
  ↳ app/controllers/pages_controller.rb:3
  Rendering pages/home.html.erb within layouts/application
  Rendered pages/home.html.erb within layouts/application (0.9ms)
Completed 200 OK in 649ms (Views: 626.5ms | ActiveRecord: 17.3ms)


Started GET "/" for ::1 at 2020-10-16 10:40:46 +1100
Processing by PagesController#home as HTML
  [1m[36mUser Load (1.8ms)[0m  [1m[34mSELECT  "users".* FROM "users" WHERE "users"."id" = $1 LIMIT $2[0m  [["id", 2], ["LIMIT", 1]]
  ↳ app/controllers/application_controller.rb:6
  [1m[36mCACHE User Load (0.0ms)[0m  [1m[34mSELECT  "users".* FROM "users" WHERE "users"."id" = $1 LIMIT $2[0m  [["id", 2], ["LIMIT", 1]]
  ↳ app/controllers/pages_controller.rb:3
  Rendering pages/home.html.erb within layouts/application
  Rendered pages/home.html.erb within layouts/application (0.3ms)
Completed 500 Internal Server Error in 8ms (ActiveRecord: 1.8ms)


  
SyntaxError (/Users/henryzhang/Projects/classwork/08-rails/tunr/app/views/layouts/application.html.erb:17: else without rescue is useless
'.freeze;       else 
                ^~~~
/Users/henryzhang/Projects/classwork/08-rails/tunr/app/views/layouts/application.html.erb:27: syntax error, unexpected `ensure', expecting end-of-input
          ensure
          ^~~~~~
):
  
app/views/layouts/application.html.erb:17: else without rescue is useless
app/views/layouts/application.html.erb:27: syntax error, unexpected `ensure', expecting end-of-input
Started GET "/" for ::1 at 2020-10-16 10:41:39 +1100
Processing by PagesController#home as HTML
  [1m[36mUser Load (0.6ms)[0m  [1m[34mSELECT  "users".* FROM "users" WHERE "users"."id" = $1 LIMIT $2[0m  [["id", 2], ["LIMIT", 1]]
  ↳ app/controllers/application_controller.rb:6
  [1m[36mCACHE User Load (0.0ms)[0m  [1m[34mSELECT  "users".* FROM "users" WHERE "users"."id" = $1 LIMIT $2[0m  [["id", 2], ["LIMIT", 1]]
  ↳ app/controllers/pages_controller.rb:3
  Rendering pages/home.html.erb within layouts/application
  Rendered pages/home.html.erb within layouts/application (0.6ms)
Completed 200 OK in 40ms (Views: 32.5ms | ActiveRecord: 0.6ms)


Started GET "/" for ::1 at 2020-10-16 10:42:22 +1100
Processing by PagesController#home as HTML
  [1m[36mUser Load (0.5ms)[0m  [1m[34mSELECT  "users".* FROM "users" WHERE "users"."id" = $1 LIMIT $2[0m  [["id", 2], ["LIMIT", 1]]
  ↳ app/controllers/application_controller.rb:6
  [1m[36mCACHE User Load (0.0ms)[0m  [1m[34mSELECT  "users".* FROM "users" WHERE "users"."id" = $1 LIMIT $2[0m  [["id", 2], ["LIMIT", 1]]
  ↳ app/controllers/pages_controller.rb:3
  Rendering pages/home.html.erb within layouts/application
  Rendered pages/home.html.erb within layouts/application (0.6ms)
Completed 200 OK in 31ms (Views: 27.8ms | ActiveRecord: 0.5ms)


Started GET "/login" for ::1 at 2020-10-16 10:42:47 +1100
Processing by SessionController#new as HTML
  [1m[36mUser Load (0.3ms)[0m  [1m[34mSELECT  "users".* FROM "users" WHERE "users"."id" = $1 LIMIT $2[0m  [["id", 2], ["LIMIT", 1]]
  ↳ app/controllers/application_controller.rb:6
  Rendering session/new.html.erb within layouts/application
  Rendered session/new.html.erb within layouts/application (1.7ms)
Completed 200 OK in 34ms (Views: 25.8ms | ActiveRecord: 0.3ms)


Started POST "/login" for ::1 at 2020-10-16 10:42:59 +1100
Processing by SessionController#create as HTML
  Parameters: {"utf8"=>"✓", "authenticity_token"=>"dDcKQhwGZHiigwJtuMtkfzKtz9T4RORcmCgrqDX8uYiYsuMXRk6ZF1hvN1UQpeWjzxfkiuPoXu8k4tLPEK0rJQ==", "email"=>"craigsy@ga.co", "password"=>"[FILTERED]", "commit"=>"Sign In!"}
  [1m[36mUser Load (0.4ms)[0m  [1m[34mSELECT  "users".* FROM "users" WHERE "users"."id" = $1 LIMIT $2[0m  [["id", 2], ["LIMIT", 1]]
  ↳ app/controllers/application_controller.rb:6
  [1m[36mUser Load (0.2ms)[0m  [1m[34mSELECT  "users".* FROM "users" WHERE "users"."email" = $1 LIMIT $2[0m  [["email", "craigsy@ga.co"], ["LIMIT", 1]]
  ↳ app/controllers/session_controller.rb:9
Redirected to http://localhost:3000/
Completed 302 Found in 286ms (ActiveRecord: 0.6ms)


Started GET "/" for ::1 at 2020-10-16 10:42:59 +1100
Processing by PagesController#home as HTML
  [1m[36mUser Load (0.3ms)[0m  [1m[34mSELECT  "users".* FROM "users" WHERE "users"."id" = $1 LIMIT $2[0m  [["id", 2], ["LIMIT", 1]]
  ↳ app/controllers/application_controller.rb:6
  [1m[36mCACHE User Load (0.0ms)[0m  [1m[34mSELECT  "users".* FROM "users" WHERE "users"."id" = $1 LIMIT $2[0m  [["id", 2], ["LIMIT", 1]]
  ↳ app/controllers/pages_controller.rb:3
  Rendering pages/home.html.erb within layouts/application
  Rendered pages/home.html.erb within layouts/application (0.4ms)
Completed 200 OK in 25ms (Views: 21.8ms | ActiveRecord: 0.3ms)


Started GET "/" for ::1 at 2020-10-16 10:44:57 +1100
Processing by PagesController#home as HTML
  [1m[36mUser Load (0.5ms)[0m  [1m[34mSELECT  "users".* FROM "users" WHERE "users"."id" = $1 LIMIT $2[0m  [["id", 2], ["LIMIT", 1]]
  ↳ app/controllers/application_controller.rb:6
  [1m[36mCACHE User Load (0.0ms)[0m  [1m[34mSELECT  "users".* FROM "users" WHERE "users"."id" = $1 LIMIT $2[0m  [["id", 2], ["LIMIT", 1]]
  ↳ app/controllers/pages_controller.rb:3
  Rendering pages/home.html.erb within layouts/application
  Rendered pages/home.html.erb within layouts/application (0.8ms)
Completed 200 OK in 48ms (Views: 41.9ms | ActiveRecord: 0.6ms)


Started GET "/" for ::1 at 2020-10-16 10:47:15 +1100
Processing by PagesController#home as HTML
  [1m[36mUser Load (0.7ms)[0m  [1m[34mSELECT  "users".* FROM "users" WHERE "users"."id" = $1 LIMIT $2[0m  [["id", 2], ["LIMIT", 1]]
  ↳ app/controllers/application_controller.rb:6
  [1m[36mCACHE User Load (0.0ms)[0m  [1m[34mSELECT  "users".* FROM "users" WHERE "users"."id" = $1 LIMIT $2[0m  [["id", 2], ["LIMIT", 1]]
  ↳ app/controllers/pages_controller.rb:3
  Rendering pages/home.html.erb within layouts/application
  Rendered pages/home.html.erb within layouts/application (0.4ms)
Completed 200 OK in 27ms (Views: 21.5ms | ActiveRecord: 0.7ms)


Started GET "/" for ::1 at 2020-10-16 10:47:18 +1100
Processing by PagesController#home as HTML
  [1m[36mUser Load (0.4ms)[0m  [1m[34mSELECT  "users".* FROM "users" WHERE "users"."id" = $1 LIMIT $2[0m  [["id", 2], ["LIMIT", 1]]
  ↳ app/controllers/application_controller.rb:6
  [1m[36mCACHE User Load (0.0ms)[0m  [1m[34mSELECT  "users".* FROM "users" WHERE "users"."id" = $1 LIMIT $2[0m  [["id", 2], ["LIMIT", 1]]
  ↳ app/controllers/pages_controller.rb:3
  Rendering pages/home.html.erb within layouts/application
  Rendered pages/home.html.erb within layouts/application (0.6ms)
Completed 200 OK in 29ms (Views: 23.7ms | ActiveRecord: 0.4ms)


Started GET "/users/new" for ::1 at 2020-10-16 10:47:28 +1100
Processing by UsersController#new as HTML
  [1m[36mUser Load (0.3ms)[0m  [1m[34mSELECT  "users".* FROM "users" WHERE "users"."id" = $1 LIMIT $2[0m  [["id", 2], ["LIMIT", 1]]
  ↳ app/controllers/application_controller.rb:6
  Rendering users/new.html.erb within layouts/application
  Rendered users/new.html.erb within layouts/application (15.5ms)
Completed 200 OK in 46ms (Views: 41.5ms | ActiveRecord: 0.3ms)


Started GET "/login" for ::1 at 2020-10-16 10:49:23 +1100
Processing by SessionController#new as HTML
  [1m[36mUser Load (0.3ms)[0m  [1m[34mSELECT  "users".* FROM "users" WHERE "users"."id" = $1 LIMIT $2[0m  [["id", 2], ["LIMIT", 1]]
  ↳ app/controllers/application_controller.rb:6
  Rendering session/new.html.erb within layouts/application
  Rendered session/new.html.erb within layouts/application (3.1ms)
Completed 200 OK in 32ms (Views: 29.1ms | ActiveRecord: 0.3ms)


Started POST "/login" for ::1 at 2020-10-16 11:11:28 +1100
Processing by SessionController#create as HTML
  Parameters: {"utf8"=>"✓", "authenticity_token"=>"XXt5KXCa2VrES+zcQoq4mOYZOm0mA8PWALIir3y1uoSx/pB8KtIkNT6n2eTq5DlEG6MRMz2veWW8eNvIWeQoKQ==", "email"=>"craigsy@ga.co", "password"=>"[FILTERED]", "commit"=>"Sign In!"}
  [1m[36mUser Load (0.8ms)[0m  [1m[34mSELECT  "users".* FROM "users" WHERE "users"."id" = $1 LIMIT $2[0m  [["id", 2], ["LIMIT", 1]]
  ↳ app/controllers/application_controller.rb:6
  [1m[36mUser Load (0.4ms)[0m  [1m[34mSELECT  "users".* FROM "users" WHERE "users"."email" = $1 LIMIT $2[0m  [["email", "craigsy@ga.co"], ["LIMIT", 1]]
  ↳ app/controllers/session_controller.rb:9
Redirected to http://localhost:3000/
Completed 302 Found in 246ms (ActiveRecord: 1.6ms)


Started GET "/" for ::1 at 2020-10-16 11:11:28 +1100
Processing by PagesController#home as HTML
  [1m[36mUser Load (0.6ms)[0m  [1m[34mSELECT  "users".* FROM "users" WHERE "users"."id" = $1 LIMIT $2[0m  [["id", 2], ["LIMIT", 1]]
  ↳ app/controllers/application_controller.rb:6
  [1m[36mCACHE User Load (0.0ms)[0m  [1m[34mSELECT  "users".* FROM "users" WHERE "users"."id" = $1 LIMIT $2[0m  [["id", 2], ["LIMIT", 1]]
  ↳ app/controllers/pages_controller.rb:3
  Rendering pages/home.html.erb within layouts/application
  Rendered pages/home.html.erb within layouts/application (0.5ms)
Completed 200 OK in 17ms (Views: 13.4ms | ActiveRecord: 0.6ms)


Started GET "/login" for ::1 at 2020-10-16 11:16:21 +1100
Processing by SessionController#new as HTML
  [1m[36mUser Load (0.4ms)[0m  [1m[34mSELECT  "users".* FROM "users" WHERE "users"."id" = $1 LIMIT $2[0m  [["id", 2], ["LIMIT", 1]]
  ↳ app/controllers/application_controller.rb:6
  Rendering session/new.html.erb within layouts/application
  Rendered session/new.html.erb within layouts/application (1.1ms)
Completed 200 OK in 52ms (Views: 24.6ms | ActiveRecord: 13.7ms)


Started DELETE "/login" for ::1 at 2020-10-16 11:16:43 +1100
Processing by SessionController#destroy as HTML
  Parameters: {"authenticity_token"=>"+JX1r93OXMzxC2gxWSmeZW3UVnoLEvFlqPzdkfVDxSwUEBz6h4ahowvnXQnxRx+5kG59JBC+S9YUNiT20BJXgQ=="}
  [1m[36mUser Load (0.3ms)[0m  [1m[34mSELECT  "users".* FROM "users" WHERE "users"."id" = $1 LIMIT $2[0m  [["id", 2], ["LIMIT", 1]]
  ↳ app/controllers/application_controller.rb:6
Redirected to http://localhost:3000/login
Completed 302 Found in 2ms (ActiveRecord: 0.3ms)


Started GET "/login" for ::1 at 2020-10-16 11:16:43 +1100
Processing by SessionController#new as HTML
  Rendering session/new.html.erb within layouts/application
  Rendered session/new.html.erb within layouts/application (1.4ms)
Completed 200 OK in 30ms (Views: 28.4ms | ActiveRecord: 0.0ms)


Started GET "/users/new" for ::1 at 2020-10-16 11:24:19 +1100
Processing by UsersController#new as HTML
  Rendering users/new.html.erb within layouts/application
  Rendered users/new.html.erb within layouts/application (1.9ms)
Completed 200 OK in 37ms (Views: 17.2ms | ActiveRecord: 12.4ms)


Started GET "/users/new" for ::1 at 2020-10-16 11:24:33 +1100
Processing by UsersController#new as HTML
  Rendering users/new.html.erb within layouts/application
  Rendered users/new.html.erb within layouts/application (4.8ms)
Completed 200 OK in 44ms (Views: 39.8ms | ActiveRecord: 0.0ms)


Started GET "/users/new" for ::1 at 2020-10-16 11:24:41 +1100
Processing by UsersController#new as HTML
  Rendering users/new.html.erb within layouts/application
  Rendered users/new.html.erb within layouts/application (7.0ms)
Completed 200 OK in 36ms (Views: 33.3ms | ActiveRecord: 0.0ms)


Started GET "/users/new" for ::1 at 2020-10-16 11:24:42 +1100
Processing by UsersController#new as HTML
  Rendering users/new.html.erb within layouts/application
  Rendered users/new.html.erb within layouts/application (8.5ms)
Completed 200 OK in 44ms (Views: 41.6ms | ActiveRecord: 0.0ms)


Started GET "/login" for ::1 at 2020-10-16 11:25:23 +1100
Processing by SessionController#new as HTML
  Rendering session/new.html.erb within layouts/application
  Rendered session/new.html.erb within layouts/application (6.2ms)
Completed 500 Internal Server Error in 11ms (ActiveRecord: 0.0ms)


  
ActionView::Template::Error (undefined method `submit' for nil:NilClass):
     8:     <%= label_tag :password %>
     9:     <%= password_field_tag :password %>
    10: 
    11:     <%= f.submit "Sign In!" %>
    12:   <% end %>
  
app/views/session/new.html.erb:11:in `block in _app_views_session_new_html_erb___3922080537389083564_19820'
app/views/session/new.html.erb:5:in `_app_views_session_new_html_erb___3922080537389083564_19820'
Started GET "/info" for ::1 at 2020-10-16 11:39:22 +1100
  
SyntaxError (/Users/henryzhang/Projects/classwork/08-rails/tunr/config/routes.rb:14: syntax error, unexpected ':', expecting `end'
  resources :
            ^
):
  
config/routes.rb:14: syntax error, unexpected ':', expecting `end'
Started GET "/login" for ::1 at 2020-10-16 11:39:37 +1100
  
ActionController::RoutingError (No route matches [GET] "/login"):
  
actionpack (5.2.4.4) lib/action_dispatch/middleware/debug_exceptions.rb:65:in `call'
web-console (3.7.0) lib/web_console/middleware.rb:135:in `call_app'
web-console (3.7.0) lib/web_console/middleware.rb:30:in `block in call'
web-console (3.7.0) lib/web_console/middleware.rb:20:in `catch'
web-console (3.7.0) lib/web_console/middleware.rb:20:in `call'
actionpack (5.2.4.4) lib/action_dispatch/middleware/show_exceptions.rb:33:in `call'
railties (5.2.4.4) lib/rails/rack/logger.rb:38:in `call_app'
railties (5.2.4.4) lib/rails/rack/logger.rb:26:in `block in call'
activesupport (5.2.4.4) lib/active_support/tagged_logging.rb:71:in `block in tagged'
activesupport (5.2.4.4) lib/active_support/tagged_logging.rb:28:in `tagged'
activesupport (5.2.4.4) lib/active_support/tagged_logging.rb:71:in `tagged'
railties (5.2.4.4) lib/rails/rack/logger.rb:26:in `call'
sprockets-rails (3.2.2) lib/sprockets/rails/quiet_assets.rb:13:in `call'
actionpack (5.2.4.4) lib/action_dispatch/middleware/remote_ip.rb:81:in `call'
actionpack (5.2.4.4) lib/action_dispatch/middleware/request_id.rb:27:in `call'
rack (2.2.3) lib/rack/method_override.rb:24:in `call'
rack (2.2.3) lib/rack/runtime.rb:22:in `call'
activesupport (5.2.4.4) lib/active_support/cache/strategy/local_cache_middleware.rb:29:in `call'
actionpack (5.2.4.4) lib/action_dispatch/middleware/executor.rb:14:in `call'
actionpack (5.2.4.4) lib/action_dispatch/middleware/static.rb:127:in `call'
rack (2.2.3) lib/rack/sendfile.rb:110:in `call'
railties (5.2.4.4) lib/rails/engine.rb:524:in `call'
puma (3.12.6) lib/puma/configuration.rb:227:in `call'
puma (3.12.6) lib/puma/server.rb:706:in `handle_request'
puma (3.12.6) lib/puma/server.rb:476:in `process_client'
puma (3.12.6) lib/puma/server.rb:334:in `block in run'
puma (3.12.6) lib/puma/thread_pool.rb:135:in `block in spawn_thread'
Started GET "/rails/info" for ::1 at 2020-10-16 11:39:49 +1100
Processing by Rails::InfoController#index as HTML
Redirected to http://localhost:3000/rails/info/routes
Completed 302 Found in 1ms (ActiveRecord: 0.0ms)


Started GET "/rails/info/routes" for ::1 at 2020-10-16 11:39:49 +1100
Processing by Rails::InfoController#routes as HTML
  Rendering /Users/henryzhang/.rvm/gems/ruby-2.7.1/gems/railties-5.2.4.4/lib/rails/templates/rails/info/routes.html.erb within layouts/application
  Rendered /Users/henryzhang/.rvm/gems/ruby-2.7.1/gems/actionpack-5.2.4.4/lib/action_dispatch/middleware/templates/routes/_table.html.erb (1.4ms)
  Rendered /Users/henryzhang/.rvm/gems/ruby-2.7.1/gems/railties-5.2.4.4/lib/rails/templates/rails/info/routes.html.erb within layouts/application (4.6ms)
Completed 200 OK in 11ms (Views: 8.9ms | ActiveRecord: 0.0ms)


Started GET "/" for ::1 at 2020-10-16 11:40:04 +1100
  
ActionController::RoutingError (No route matches [GET] "/"):
  
actionpack (5.2.4.4) lib/action_dispatch/middleware/debug_exceptions.rb:65:in `call'
web-console (3.7.0) lib/web_console/middleware.rb:135:in `call_app'
web-console (3.7.0) lib/web_console/middleware.rb:30:in `block in call'
web-console (3.7.0) lib/web_console/middleware.rb:20:in `catch'
web-console (3.7.0) lib/web_console/middleware.rb:20:in `call'
actionpack (5.2.4.4) lib/action_dispatch/middleware/show_exceptions.rb:33:in `call'
railties (5.2.4.4) lib/rails/rack/logger.rb:38:in `call_app'
railties (5.2.4.4) lib/rails/rack/logger.rb:26:in `block in call'
activesupport (5.2.4.4) lib/active_support/tagged_logging.rb:71:in `block in tagged'
activesupport (5.2.4.4) lib/active_support/tagged_logging.rb:28:in `tagged'
activesupport (5.2.4.4) lib/active_support/tagged_logging.rb:71:in `tagged'
railties (5.2.4.4) lib/rails/rack/logger.rb:26:in `call'
sprockets-rails (3.2.2) lib/sprockets/rails/quiet_assets.rb:13:in `call'
actionpack (5.2.4.4) lib/action_dispatch/middleware/remote_ip.rb:81:in `call'
actionpack (5.2.4.4) lib/action_dispatch/middleware/request_id.rb:27:in `call'
rack (2.2.3) lib/rack/method_override.rb:24:in `call'
rack (2.2.3) lib/rack/runtime.rb:22:in `call'
activesupport (5.2.4.4) lib/active_support/cache/strategy/local_cache_middleware.rb:29:in `call'
actionpack (5.2.4.4) lib/action_dispatch/middleware/executor.rb:14:in `call'
actionpack (5.2.4.4) lib/action_dispatch/middleware/static.rb:127:in `call'
rack (2.2.3) lib/rack/sendfile.rb:110:in `call'
railties (5.2.4.4) lib/rails/engine.rb:524:in `call'
puma (3.12.6) lib/puma/configuration.rb:227:in `call'
puma (3.12.6) lib/puma/server.rb:706:in `handle_request'
puma (3.12.6) lib/puma/server.rb:476:in `process_client'
puma (3.12.6) lib/puma/server.rb:334:in `block in run'
puma (3.12.6) lib/puma/thread_pool.rb:135:in `block in spawn_thread'
Started GET "/" for ::1 at 2020-10-16 11:40:31 +1100
Processing by PagesController#home as HTML
Completed 404 Not Found in 24ms (ActiveRecord: 16.8ms)


  
ActiveRecord::RecordNotFound (Couldn't find User without an ID):
  
app/controllers/pages_controller.rb:3:in `home'
Started GET "/" for ::1 at 2020-10-16 11:41:52 +1100
  [1m[35m (3.9ms)[0m  [1m[34mSELECT "schema_migrations"."version" FROM "schema_migrations" ORDER BY "schema_migrations"."version" ASC[0m
  ↳ /Users/henryzhang/.rvm/gems/ruby-2.7.1/gems/activerecord-5.2.4.4/lib/active_record/log_subscriber.rb:98
Processing by PagesController#home as HTML
Completed 404 Not Found in 36ms (ActiveRecord: 16.8ms)


  
ActiveRecord::RecordNotFound (Couldn't find User without an ID):
  
app/controllers/pages_controller.rb:3:in `home'
Started GET "/" for ::1 at 2020-10-16 11:41:58 +1100
Processing by PagesController#home as HTML
Completed 404 Not Found in 1ms (ActiveRecord: 0.0ms)


  
ActiveRecord::RecordNotFound (Couldn't find User without an ID):
  
app/controllers/pages_controller.rb:3:in `home'
Started PUT "/__web_console/repl_sessions/e96b593e45a234fe08018768c6c173df" for ::1 at 2020-10-16 12:12:40 +1100
Started PUT "/__web_console/repl_sessions/e96b593e45a234fe08018768c6c173df" for ::1 at 2020-10-16 12:12:41 +1100
Started PUT "/__web_console/repl_sessions/e96b593e45a234fe08018768c6c173df" for ::1 at 2020-10-16 12:13:04 +1100
Started PUT "/__web_console/repl_sessions/e96b593e45a234fe08018768c6c173df" for ::1 at 2020-10-16 12:13:22 +1100
Started GET "/" for ::1 at 2020-10-16 13:58:31 +1100
Processing by PagesController#home as HTML
Completed 404 Not Found in 1ms (ActiveRecord: 0.0ms)


  
ActiveRecord::RecordNotFound (Couldn't find User without an ID):
  
app/controllers/pages_controller.rb:3:in `home'
Started GET "/" for ::1 at 2020-10-23 16:04:27 +1100
  [1m[35m (4.2ms)[0m  [1m[34mSELECT "schema_migrations"."version" FROM "schema_migrations" ORDER BY "schema_migrations"."version" ASC[0m
  ↳ /Users/henryzhang/.rvm/gems/ruby-2.7.1/gems/activerecord-5.2.4.4/lib/active_record/log_subscriber.rb:98
Processing by PagesController#home as HTML
Completed 404 Not Found in 33ms (ActiveRecord: 15.8ms)


  
ActiveRecord::RecordNotFound (Couldn't find User without an ID):
  
app/controllers/pages_controller.rb:3:in `home'
Started GET "/login" for ::1 at 2020-10-25 16:03:36 +1100
  [1m[35m (2.6ms)[0m  [1m[34mSELECT "schema_migrations"."version" FROM "schema_migrations" ORDER BY "schema_migrations"."version" ASC[0m
  ↳ /Users/henryzhang/.rvm/gems/ruby-2.7.1/gems/activerecord-5.2.4.4/lib/active_record/log_subscriber.rb:98
Processing by SessionController#new as HTML
  Rendering session/new.html.erb within layouts/application
  Rendered session/new.html.erb within layouts/application (1.3ms)
Completed 500 Internal Server Error in 18ms (ActiveRecord: 0.0ms)


  
SyntaxError (/Users/henryzhang/Projects/classwork/08-rails/tunr/app/views/session/new.html.erb:3: syntax error, unexpected ')', expecting `then' or ';' or '\n'
...nd=( if flash[:error].present?);@output_buffer.safe_append='
...                              ^
/Users/henryzhang/Projects/classwork/08-rails/tunr/app/views/session/new.html.erb:15: syntax error, unexpected `ensure', expecting ')'
          ensure
          ^~~~~~
/Users/henryzhang/Projects/classwork/08-rails/tunr/app/views/session/new.html.erb:17: syntax error, unexpected `end', expecting ')'
          end
          ^~~
):
  
app/views/session/new.html.erb:3: syntax error, unexpected ')', expecting `then' or ';' or '\n'
app/views/session/new.html.erb:15: syntax error, unexpected `ensure', expecting ')'
app/views/session/new.html.erb:17: syntax error, unexpected `end', expecting ')'
Started GET "/login" for ::1 at 2020-10-25 16:09:15 +1100
  [1m[35m (1.0ms)[0m  [1m[34mSELECT "schema_migrations"."version" FROM "schema_migrations" ORDER BY "schema_migrations"."version" ASC[0m
  ↳ /Users/henryzhang/.rvm/gems/ruby-2.7.1/gems/activerecord-5.2.4.4/lib/active_record/log_subscriber.rb:98
Processing by SessionController#new as HTML
  Rendering session/new.html.erb within layouts/application
  Rendered session/new.html.erb within layouts/application (0.7ms)
Completed 500 Internal Server Error in 7ms (ActiveRecord: 0.0ms)


  
SyntaxError (/Users/henryzhang/Projects/classwork/08-rails/tunr/app/views/session/new.html.erb:15: syntax error, unexpected `ensure', expecting `end'
          ensure
          ^~~~~~
/Users/henryzhang/Projects/classwork/08-rails/tunr/app/views/session/new.html.erb:17: syntax error, unexpected end-of-input, expecting `end'):
  
app/views/session/new.html.erb:15: syntax error, unexpected `ensure', expecting `end'
app/views/session/new.html.erb:17: syntax error, unexpected end-of-input, expecting `end'
Started GET "/login" for ::1 at 2020-10-25 16:10:42 +1100
Processing by SessionController#new as HTML
  Rendering session/new.html.erb within layouts/application
  Rendered session/new.html.erb within layouts/application (0.7ms)
Completed 200 OK in 1917ms (Views: 1914.3ms | ActiveRecord: 0.0ms)


Started GET "/login" for ::1 at 2020-10-25 16:10:52 +1100
Processing by SessionController#new as HTML
  Rendering session/new.html.erb within layouts/application
  Rendered session/new.html.erb within layouts/application (0.9ms)
Completed 200 OK in 28ms (Views: 26.4ms | ActiveRecord: 0.0ms)


Started GET "/users/new" for ::1 at 2020-10-25 16:10:56 +1100
Processing by UsersController#new as HTML
  Rendering users/new.html.erb within layouts/application
  Rendered users/new.html.erb within layouts/application (14.1ms)
Completed 200 OK in 67ms (Views: 31.6ms | ActiveRecord: 12.6ms)


Started POST "/users" for ::1 at 2020-10-25 16:11:10 +1100
Processing by UsersController#create as HTML
  Parameters: {"utf8"=>"✓", "authenticity_token"=>"y5x71uVQs2Ump8ZFIdAeWXl/YWNsU8EkydO8eQsowpMj95sRqLm0zaUjDpguG+ca+MHNQSZjT/eqQvkDQ3x0uA==", "user"=>{"email"=>"craigsy@ga.co", "password"=>"[FILTERED]", "password_confirmation"=>"[FILTERED]"}, "commit"=>"Sign up!"}
  [1m[35m (0.3ms)[0m  [1m[35mBEGIN[0m
  ↳ app/controllers/users_controller.rb:8
  [1m[36mUser Exists (7.6ms)[0m  [1m[34mSELECT  1 AS one FROM "users" WHERE "users"."email" = $1 LIMIT $2[0m  [["email", "craigsy@ga.co"], ["LIMIT", 1]]
  ↳ app/controllers/users_controller.rb:8
  [1m[35m (0.4ms)[0m  [1m[31mROLLBACK[0m
  ↳ app/controllers/users_controller.rb:8
  Rendering users/new.html.erb within layouts/application
  Rendered users/new.html.erb within layouts/application (3.1ms)
Completed 200 OK in 280ms (Views: 18.1ms | ActiveRecord: 8.3ms)


Started POST "/users" for ::1 at 2020-10-25 16:11:32 +1100
Processing by UsersController#create as HTML
  Parameters: {"utf8"=>"✓", "authenticity_token"=>"B1j2kS8gvN8wbYJz5HiAJWmhu7eFziqXUrMhlBX+AZzr3R/EdWhBsMqBt0tMFgH5lBuQ6Z5ikCTuedjzMK+TMQ==", "user"=>{"email"=>"12@ga.co", "password"=>"[FILTERED]", "password_confirmation"=>"[FILTERED]"}, "commit"=>"Sign up!"}
  [1m[35m (0.3ms)[0m  [1m[35mBEGIN[0m
  ↳ app/controllers/users_controller.rb:8
  [1m[36mUser Exists (0.4ms)[0m  [1m[34mSELECT  1 AS one FROM "users" WHERE "users"."email" = $1 LIMIT $2[0m  [["email", "12@ga.co"], ["LIMIT", 1]]
  ↳ app/controllers/users_controller.rb:8
  [1m[36mUser Create (7.6ms)[0m  [1m[32mINSERT INTO "users" ("email", "created_at", "updated_at", "password_digest") VALUES ($1, $2, $3, $4) RETURNING "id"[0m  [["email", "12@ga.co"], ["created_at", "2020-10-25 05:11:32.380153"], ["updated_at", "2020-10-25 05:11:32.380153"], ["password_digest", "$2a$12$xJe7o1fGaUR5KC/95cMtI..BHW/Ry3M/IU/aqbplDBPtM2snxxbSC"]]
  ↳ app/controllers/users_controller.rb:8
  [1m[35m (2.0ms)[0m  [1m[35mCOMMIT[0m
  ↳ app/controllers/users_controller.rb:8
Redirected to http://localhost:3000/
Completed 302 Found in 264ms (ActiveRecord: 10.3ms)


Started GET "/" for ::1 at 2020-10-25 16:11:32 +1100
Processing by PagesController#home as HTML
  [1m[36mUser Load (0.4ms)[0m  [1m[34mSELECT  "users".* FROM "users" WHERE "users"."id" = $1 LIMIT $2[0m  [["id", 4], ["LIMIT", 1]]
  ↳ app/controllers/application_controller.rb:6
  [1m[36mCACHE User Load (0.0ms)[0m  [1m[34mSELECT  "users".* FROM "users" WHERE "users"."id" = $1 LIMIT $2[0m  [["id", 4], ["LIMIT", 1]]
  ↳ app/controllers/pages_controller.rb:3
  Rendering pages/home.html.erb within layouts/application
  Rendered pages/home.html.erb within layouts/application (0.4ms)
Completed 200 OK in 20ms (Views: 14.5ms | ActiveRecord: 0.6ms)


Started DELETE "/login" for ::1 at 2020-10-25 16:11:39 +1100
Processing by SessionController#destroy as HTML
  Parameters: {"authenticity_token"=>"Bf/+Phbg91+e4QJ265lwbjfClU4AWGjl4nVHdz3wa9HpehdrTKgKMGQNN05D9/Gyyni+EBv00lZev74QGKH5fA=="}
  [1m[36mUser Load (0.5ms)[0m  [1m[34mSELECT  "users".* FROM "users" WHERE "users"."id" = $1 LIMIT $2[0m  [["id", 4], ["LIMIT", 1]]
  ↳ app/controllers/application_controller.rb:6
Redirected to http://localhost:3000/login
Completed 302 Found in 3ms (ActiveRecord: 0.5ms)


Started GET "/login" for ::1 at 2020-10-25 16:11:39 +1100
Processing by SessionController#new as HTML
  Rendering session/new.html.erb within layouts/application
  Rendered session/new.html.erb within layouts/application (0.8ms)
Completed 200 OK in 24ms (Views: 22.8ms | ActiveRecord: 0.0ms)


Started GET "/" for ::1 at 2020-10-25 21:26:16 +1100
  [1m[35m (2.8ms)[0m  [1m[34mSELECT "schema_migrations"."version" FROM "schema_migrations" ORDER BY "schema_migrations"."version" ASC[0m
  ↳ /Users/henryzhang/.rvm/gems/ruby-2.7.1/gems/activerecord-5.2.4.4/lib/active_record/log_subscriber.rb:98
Processing by PagesController#home as HTML
Completed 404 Not Found in 27ms (ActiveRecord: 9.5ms)


  
ActiveRecord::RecordNotFound (Couldn't find User without an ID):
  
app/controllers/pages_controller.rb:3:in `home'
Started GET "/" for ::1 at 2020-10-25 21:34:06 +1100
  [1m[35m (1.8ms)[0m  [1m[34mSELECT "schema_migrations"."version" FROM "schema_migrations" ORDER BY "schema_migrations"."version" ASC[0m
  ↳ /Users/henryzhang/.rvm/gems/ruby-2.7.1/gems/activerecord-5.2.4.4/lib/active_record/log_subscriber.rb:98
Processing by PagesController#home as HTML
Completed 404 Not Found in 24ms (ActiveRecord: 14.8ms)


  
ActiveRecord::RecordNotFound (Couldn't find User without an ID):
  
app/controllers/pages_controller.rb:3:in `home'
Started GET "/" for ::1 at 2020-10-25 21:48:34 +1100
Processing by PagesController#home as HTML
Completed 404 Not Found in 1ms (ActiveRecord: 0.0ms)


  
ActiveRecord::RecordNotFound (Couldn't find User without an ID):
  
app/controllers/pages_controller.rb:3:in `home'
Started GET "/" for ::1 at 2020-10-25 21:48:39 +1100
Processing by PagesController#home as HTML
  Rendering pages/home.html.erb within layouts/application
  Rendered pages/home.html.erb within layouts/application (0.9ms)
Completed 200 OK in 282ms (Views: 278.9ms | ActiveRecord: 0.0ms)


Started GET "/" for ::1 at 2020-10-25 21:48:44 +1100
Processing by PagesController#home as HTML
  Rendering pages/home.html.erb within layouts/application
  Rendered pages/home.html.erb within layouts/application (0.6ms)
Completed 200 OK in 33ms (Views: 31.8ms | ActiveRecord: 0.0ms)


Started GET "/" for ::1 at 2020-10-25 21:48:45 +1100
Processing by PagesController#home as HTML
  Rendering pages/home.html.erb within layouts/application
  Rendered pages/home.html.erb within layouts/application (0.5ms)
Completed 200 OK in 26ms (Views: 23.8ms | ActiveRecord: 0.0ms)


Started GET "/" for ::1 at 2020-10-25 21:48:45 +1100
Processing by PagesController#home as HTML
  Rendering pages/home.html.erb within layouts/application
  Rendered pages/home.html.erb within layouts/application (0.5ms)
Completed 200 OK in 25ms (Views: 23.2ms | ActiveRecord: 0.0ms)


Started GET "/users/new" for ::1 at 2020-10-25 21:48:57 +1100
Processing by UsersController#new as HTML
  Rendering users/new.html.erb within layouts/application
  Rendered users/new.html.erb within layouts/application (15.2ms)
Completed 200 OK in 60ms (Views: 28.8ms | ActiveRecord: 17.5ms)


Started GET "/login" for ::1 at 2020-10-25 21:48:58 +1100
Processing by SessionController#new as HTML
  Rendering session/new.html.erb within layouts/application
  Rendered session/new.html.erb within layouts/application (1.4ms)
Completed 500 Internal Server Error in 8ms (ActiveRecord: 0.0ms)


  
SyntaxError (/Users/henryzhang/Projects/classwork/08-rails/tunr/app/views/session/new.html.erb:17: syntax error, unexpected `ensure', expecting end-of-input
          ensure
          ^~~~~~
):
  
app/views/session/new.html.erb:17: syntax error, unexpected `ensure', expecting end-of-input
Started GET "/login/new" for ::1 at 2020-10-25 21:49:05 +1100
  
ActionController::RoutingError (No route matches [GET] "/login/new"):
  
actionpack (5.2.4.4) lib/action_dispatch/middleware/debug_exceptions.rb:65:in `call'
web-console (3.7.0) lib/web_console/middleware.rb:135:in `call_app'
web-console (3.7.0) lib/web_console/middleware.rb:30:in `block in call'
web-console (3.7.0) lib/web_console/middleware.rb:20:in `catch'
web-console (3.7.0) lib/web_console/middleware.rb:20:in `call'
actionpack (5.2.4.4) lib/action_dispatch/middleware/show_exceptions.rb:33:in `call'
railties (5.2.4.4) lib/rails/rack/logger.rb:38:in `call_app'
railties (5.2.4.4) lib/rails/rack/logger.rb:26:in `block in call'
activesupport (5.2.4.4) lib/active_support/tagged_logging.rb:71:in `block in tagged'
activesupport (5.2.4.4) lib/active_support/tagged_logging.rb:28:in `tagged'
activesupport (5.2.4.4) lib/active_support/tagged_logging.rb:71:in `tagged'
railties (5.2.4.4) lib/rails/rack/logger.rb:26:in `call'
sprockets-rails (3.2.2) lib/sprockets/rails/quiet_assets.rb:13:in `call'
actionpack (5.2.4.4) lib/action_dispatch/middleware/remote_ip.rb:81:in `call'
actionpack (5.2.4.4) lib/action_dispatch/middleware/request_id.rb:27:in `call'
rack (2.2.3) lib/rack/method_override.rb:24:in `call'
rack (2.2.3) lib/rack/runtime.rb:22:in `call'
activesupport (5.2.4.4) lib/active_support/cache/strategy/local_cache_middleware.rb:29:in `call'
actionpack (5.2.4.4) lib/action_dispatch/middleware/executor.rb:14:in `call'
actionpack (5.2.4.4) lib/action_dispatch/middleware/static.rb:127:in `call'
rack (2.2.3) lib/rack/sendfile.rb:110:in `call'
railties (5.2.4.4) lib/rails/engine.rb:524:in `call'
puma (3.12.6) lib/puma/configuration.rb:227:in `call'
puma (3.12.6) lib/puma/server.rb:706:in `handle_request'
puma (3.12.6) lib/puma/server.rb:476:in `process_client'
puma (3.12.6) lib/puma/server.rb:334:in `block in run'
puma (3.12.6) lib/puma/thread_pool.rb:135:in `block in spawn_thread'
Started GET "/login" for ::1 at 2020-10-25 21:58:11 +1100
Processing by SessionController#new as HTML
  Rendering session/new.html.erb within layouts/application
  Rendered session/new.html.erb within layouts/application (0.7ms)
Completed 500 Internal Server Error in 4ms (ActiveRecord: 0.0ms)


  
SyntaxError (/Users/henryzhang/Projects/classwork/08-rails/tunr/app/views/session/new.html.erb:17: syntax error, unexpected `ensure', expecting end-of-input
          ensure
          ^~~~~~
):
  
app/views/session/new.html.erb:17: syntax error, unexpected `ensure', expecting end-of-input
Started GET "/login" for ::1 at 2020-10-25 21:59:52 +1100
Processing by SessionController#new as HTML
  Rendering session/new.html.erb within layouts/application
  Rendered session/new.html.erb within layouts/application (1.2ms)
Completed 500 Internal Server Error in 5ms (ActiveRecord: 0.0ms)


  
SyntaxError (/Users/henryzhang/Projects/classwork/08-rails/tunr/app/views/session/new.html.erb:16: syntax error, unexpected `end', expecting end-of-input
 end 
 ^~~
):
  
app/views/session/new.html.erb:16: syntax error, unexpected `end', expecting end-of-input
Started GET "/login" for ::1 at 2020-10-25 22:09:11 +1100
Processing by SessionController#new as HTML
  Rendering session/new.html.erb within layouts/application
  Rendered session/new.html.erb within layouts/application (1.2ms)
Completed 500 Internal Server Error in 5ms (ActiveRecord: 0.0ms)


  
SyntaxError (/Users/henryzhang/Projects/classwork/08-rails/tunr/app/views/session/new.html.erb:17: syntax error, unexpected `ensure', expecting end-of-input
          ensure
          ^~~~~~
):
  
app/views/session/new.html.erb:17: syntax error, unexpected `ensure', expecting end-of-input
Started GET "/login" for ::1 at 2020-10-25 22:10:32 +1100
Processing by SessionController#new as HTML
  Rendering session/new.html.erb within layouts/application
  Rendered session/new.html.erb within layouts/application (0.7ms)
Completed 500 Internal Server Error in 5ms (ActiveRecord: 0.0ms)


  
SyntaxError (/Users/henryzhang/Projects/classwork/08-rails/tunr/app/views/session/new.html.erb:19: syntax error, unexpected end-of-input, expecting `end'):
  
app/views/session/new.html.erb:19: syntax error, unexpected end-of-input, expecting `end'
Started GET "/login" for ::1 at 2020-10-25 22:10:42 +1100
Processing by SessionController#new as HTML
  Rendering session/new.html.erb within layouts/application
  Rendered session/new.html.erb within layouts/application (0.9ms)
Completed 500 Internal Server Error in 6ms (ActiveRecord: 0.0ms)


  
SyntaxError (/Users/henryzhang/Projects/classwork/08-rails/tunr/app/views/session/new.html.erb:19: syntax error, unexpected end-of-input, expecting `end'):
  
app/views/session/new.html.erb:19: syntax error, unexpected end-of-input, expecting `end'
Started GET "/login" for ::1 at 2020-10-25 22:10:49 +1100
Processing by SessionController#new as HTML
  Rendering session/new.html.erb within layouts/application
  Rendered session/new.html.erb within layouts/application (151.8ms)
Completed 500 Internal Server Error in 157ms (ActiveRecord: 0.0ms)


  
ActionView::Template::Error (undefined local variable or method `f' for #<#<Class:0x00007fc9fe721f30>:0x00007fc9fa6eb4e8>):
    11:     <%= label_tag :password %>
    12:     <%= password_field_tag :password %>
    13: 
    14:     <%= f.submit "Sign In!" %>
    15:     <% end %>
  
app/views/session/new.html.erb:14:in `block in _app_views_session_new_html_erb___146880518622410888_25040'
app/views/session/new.html.erb:7:in `_app_views_session_new_html_erb___146880518622410888_25040'
Started GET "/login" for ::1 at 2020-10-25 22:11:36 +1100
Processing by SessionController#new as HTML
  Rendering session/new.html.erb within layouts/application
  Rendered session/new.html.erb within layouts/application (4.3ms)
Completed 500 Internal Server Error in 10ms (ActiveRecord: 0.0ms)


  
ActionView::Template::Error (undefined method `submit' for nil:NilClass):
    11:     <%= label_tag :password %>
    12:     <%= password_field_tag :password %>
    13: 
    14:     <%= f.submit "Sign In!" %>
    15:     <% end %>
  
app/views/session/new.html.erb:14:in `block in _app_views_session_new_html_erb___146880518622410888_25680'
app/views/session/new.html.erb:7:in `_app_views_session_new_html_erb___146880518622410888_25680'
Started GET "/login" for ::1 at 2020-10-25 22:11:38 +1100
Processing by SessionController#new as HTML
  Rendering session/new.html.erb within layouts/application
  Rendered session/new.html.erb within layouts/application (3.8ms)
Completed 500 Internal Server Error in 10ms (ActiveRecord: 0.0ms)


  
ActionView::Template::Error (undefined method `submit' for nil:NilClass):
    11:     <%= label_tag :password %>
    12:     <%= password_field_tag :password %>
    13: 
    14:     <%= f.submit "Sign In!" %>
    15:     <% end %>
  
app/views/session/new.html.erb:14:in `block in _app_views_session_new_html_erb___146880518622410888_26200'
app/views/session/new.html.erb:7:in `_app_views_session_new_html_erb___146880518622410888_26200'
Started GET "/login" for ::1 at 2020-10-25 22:11:39 +1100
Processing by SessionController#new as HTML
  Rendering session/new.html.erb within layouts/application
  Rendered session/new.html.erb within layouts/application (4.0ms)
Completed 500 Internal Server Error in 10ms (ActiveRecord: 0.0ms)


  
ActionView::Template::Error (undefined method `submit' for nil:NilClass):
    11:     <%= label_tag :password %>
    12:     <%= password_field_tag :password %>
    13: 
    14:     <%= f.submit "Sign In!" %>
    15:     <% end %>
  
app/views/session/new.html.erb:14:in `block in _app_views_session_new_html_erb___146880518622410888_26720'
app/views/session/new.html.erb:7:in `_app_views_session_new_html_erb___146880518622410888_26720'
Started GET "/login" for ::1 at 2020-10-25 22:11:41 +1100
Processing by SessionController#new as HTML
  Rendering session/new.html.erb within layouts/application
  Rendered session/new.html.erb within layouts/application (3.6ms)
Completed 500 Internal Server Error in 8ms (ActiveRecord: 0.0ms)


  
ActionView::Template::Error (undefined method `submit' for nil:NilClass):
    11:     <%= label_tag :password %>
    12:     <%= password_field_tag :password %>
    13: 
    14:     <%= f.submit "Sign In!" %>
    15:     <% end %>
  
app/views/session/new.html.erb:14:in `block in _app_views_session_new_html_erb___146880518622410888_27240'
app/views/session/new.html.erb:7:in `_app_views_session_new_html_erb___146880518622410888_27240'
Started GET "/login" for ::1 at 2020-10-25 22:11:42 +1100
Processing by SessionController#new as HTML
  Rendering session/new.html.erb within layouts/application
  Rendered session/new.html.erb within layouts/application (3.5ms)
Completed 500 Internal Server Error in 9ms (ActiveRecord: 0.0ms)


  
ActionView::Template::Error (undefined method `submit' for nil:NilClass):
    11:     <%= label_tag :password %>
    12:     <%= password_field_tag :password %>
    13: 
    14:     <%= f.submit "Sign In!" %>
    15:     <% end %>
  
app/views/session/new.html.erb:14:in `block in _app_views_session_new_html_erb___146880518622410888_27760'
app/views/session/new.html.erb:7:in `_app_views_session_new_html_erb___146880518622410888_27760'
Started GET "/login" for ::1 at 2020-10-25 22:15:36 +1100
Processing by SessionController#new as HTML
  Rendering session/new.html.erb within layouts/application
  Rendered session/new.html.erb within layouts/application (1.6ms)
Completed 200 OK in 28ms (Views: 26.4ms | ActiveRecord: 0.0ms)


