  [1m[35m (0.1ms)[0m  [1m[34mSELECT sqlite_version(*)[0m
  ↳ /Users/henryzhang/.rvm/rubies/ruby-2.7.1/lib/ruby/gems/2.7.0/gems/rake-13.0.1/lib/rake/task.rb:281
  [1m[35m (1.5ms)[0m  [1m[35mCREATE TABLE "schema_migrations" ("version" varchar NOT NULL PRIMARY KEY)[0m
  ↳ /Users/henryzhang/.rvm/rubies/ruby-2.7.1/lib/ruby/gems/2.7.0/gems/rake-13.0.1/lib/rake/task.rb:281
  [1m[35m (1.6ms)[0m  [1m[35mCREATE TABLE "ar_internal_metadata" ("key" varchar NOT NULL PRIMARY KEY, "value" varchar, "created_at" datetime NOT NULL, "updated_at" datetime NOT NULL)[0m
  ↳ /Users/henryzhang/.rvm/rubies/ruby-2.7.1/lib/ruby/gems/2.7.0/gems/rake-13.0.1/lib/rake/task.rb:281
  [1m[35m (0.2ms)[0m  [1m[34mSELECT "schema_migrations"."version" FROM "schema_migrations" ORDER BY "schema_migrations"."version" ASC[0m
  ↳ /Users/henryzhang/.rvm/rubies/ruby-2.7.1/lib/ruby/gems/2.7.0/gems/rake-13.0.1/lib/rake/task.rb:281
Migrating to CreateArtists (20201013231541)
  [1m[35m (0.1ms)[0m  [1m[36mbegin transaction[0m
  ↳ /Users/henryzhang/.rvm/rubies/ruby-2.7.1/lib/ruby/gems/2.7.0/gems/rake-13.0.1/lib/rake/task.rb:281
  [1m[35m (0.7ms)[0m  [1m[35mCREATE TABLE "artists" ("id" integer PRIMARY KEY AUTOINCREMENT NOT NULL, "name" text, "nationality" text, "bod" date, "period" text, "image" text, "created_at" datetime NOT NULL, "updated_at" datetime NOT NULL)[0m
  ↳ db/migrate/20201013231541_create_artists.rb:3
  [1m[36mActiveRecord::SchemaMigration Create (0.3ms)[0m  [1m[32mINSERT INTO "schema_migrations" ("version") VALUES (?)[0m  [["version", "20201013231541"]]
  ↳ /Users/henryzhang/.rvm/rubies/ruby-2.7.1/lib/ruby/gems/2.7.0/gems/rake-13.0.1/lib/rake/task.rb:281
  [1m[35m (1.4ms)[0m  [1m[36mcommit transaction[0m
  ↳ /Users/henryzhang/.rvm/rubies/ruby-2.7.1/lib/ruby/gems/2.7.0/gems/rake-13.0.1/lib/rake/task.rb:281
  [1m[36mActiveRecord::InternalMetadata Load (0.2ms)[0m  [1m[34mSELECT  "ar_internal_metadata".* FROM "ar_internal_metadata" WHERE "ar_internal_metadata"."key" = ? LIMIT ?[0m  [["key", "environment"], ["LIMIT", 1]]
  ↳ /Users/henryzhang/.rvm/rubies/ruby-2.7.1/lib/ruby/gems/2.7.0/gems/rake-13.0.1/lib/rake/task.rb:281
  [1m[35m (0.1ms)[0m  [1m[36mbegin transaction[0m
  ↳ /Users/henryzhang/.rvm/rubies/ruby-2.7.1/lib/ruby/gems/2.7.0/gems/rake-13.0.1/lib/rake/task.rb:281
  [1m[36mActiveRecord::InternalMetadata Create (0.9ms)[0m  [1m[32mINSERT INTO "ar_internal_metadata" ("key", "value", "created_at", "updated_at") VALUES (?, ?, ?, ?)[0m  [["key", "environment"], ["value", "development"], ["created_at", "2020-10-13 23:22:09.134249"], ["updated_at", "2020-10-13 23:22:09.134249"]]
  ↳ /Users/henryzhang/.rvm/rubies/ruby-2.7.1/lib/ruby/gems/2.7.0/gems/rake-13.0.1/lib/rake/task.rb:281
  [1m[35m (1.2ms)[0m  [1m[36mcommit transaction[0m
  ↳ /Users/henryzhang/.rvm/rubies/ruby-2.7.1/lib/ruby/gems/2.7.0/gems/rake-13.0.1/lib/rake/task.rb:281
  [1m[35m (0.3ms)[0m  [1m[34mSELECT "schema_migrations"."version" FROM "schema_migrations" ORDER BY "schema_migrations"."version" ASC[0m
  ↳ /Users/henryzhang/.rvm/rubies/ruby-2.7.1/lib/ruby/gems/2.7.0/gems/rake-13.0.1/lib/rake/task.rb:281
  [1m[35m (0.8ms)[0m  [1m[34mSELECT "schema_migrations"."version" FROM "schema_migrations" ORDER BY "schema_migrations"."version" ASC[0m
  ↳ /Users/henryzhang/.rvm/rubies/ruby-2.7.1/lib/ruby/gems/2.7.0/gems/rake-13.0.1/lib/rake/task.rb:281
  [1m[36mArtist Load (0.8ms)[0m  [1m[34mSELECT "artists".* FROM "artists"[0m
  ↳ db/seeds.rb:8
  [1m[35m (0.5ms)[0m  [1m[34mSELECT "schema_migrations"."version" FROM "schema_migrations" ORDER BY "schema_migrations"."version" ASC[0m
  ↳ /Users/henryzhang/.rvm/rubies/ruby-2.7.1/lib/ruby/gems/2.7.0/gems/rake-13.0.1/lib/rake/task.rb:281
  [1m[35m (0.1ms)[0m  [1m[34mSELECT "schema_migrations"."version" FROM "schema_migrations" ORDER BY "schema_migrations"."version" ASC[0m
  ↳ /Users/henryzhang/.rvm/rubies/ruby-2.7.1/lib/ruby/gems/2.7.0/gems/rake-13.0.1/lib/rake/task.rb:281
  [1m[35m (0.1ms)[0m  [1m[34mSELECT "schema_migrations"."version" FROM "schema_migrations" ORDER BY "schema_migrations"."version" ASC[0m
  ↳ /Users/henryzhang/.rvm/rubies/ruby-2.7.1/lib/ruby/gems/2.7.0/gems/rake-13.0.1/lib/rake/task.rb:281
  [1m[35m (0.1ms)[0m  [1m[34mSELECT "schema_migrations"."version" FROM "schema_migrations" ORDER BY "schema_migrations"."version" ASC[0m
  ↳ /Users/henryzhang/.rvm/rubies/ruby-2.7.1/lib/ruby/gems/2.7.0/gems/rake-13.0.1/lib/rake/task.rb:281
Migrating to CreateArtists (20201013231541)
  [1m[35m (0.1ms)[0m  [1m[36mbegin transaction[0m
  ↳ /Users/henryzhang/.rvm/rubies/ruby-2.7.1/lib/ruby/gems/2.7.0/gems/rake-13.0.1/lib/rake/task.rb:281
  [1m[35m (1.1ms)[0m  [1m[35mDROP TABLE "artists"[0m
  ↳ /Users/henryzhang/.rvm/rubies/ruby-2.7.1/lib/ruby/gems/2.7.0/gems/rake-13.0.1/lib/rake/task.rb:281
  [1m[36mActiveRecord::SchemaMigration Destroy (1.0ms)[0m  [1m[31mDELETE FROM "schema_migrations" WHERE "schema_migrations"."version" = ?[0m  [["version", "20201013231541"]]
  ↳ /Users/henryzhang/.rvm/rubies/ruby-2.7.1/lib/ruby/gems/2.7.0/gems/rake-13.0.1/lib/rake/task.rb:281
  [1m[35m (1.5ms)[0m  [1m[36mcommit transaction[0m
  ↳ /Users/henryzhang/.rvm/rubies/ruby-2.7.1/lib/ruby/gems/2.7.0/gems/rake-13.0.1/lib/rake/task.rb:281
  [1m[35m (0.3ms)[0m  [1m[34mSELECT "schema_migrations"."version" FROM "schema_migrations" ORDER BY "schema_migrations"."version" ASC[0m
  ↳ /Users/henryzhang/.rvm/rubies/ruby-2.7.1/lib/ruby/gems/2.7.0/gems/rake-13.0.1/lib/rake/task.rb:281
  [1m[35m (0.2ms)[0m  [1m[34mSELECT "schema_migrations"."version" FROM "schema_migrations" ORDER BY "schema_migrations"."version" ASC[0m
  ↳ /Users/henryzhang/.rvm/rubies/ruby-2.7.1/lib/ruby/gems/2.7.0/gems/rake-13.0.1/lib/rake/task.rb:281
Migrating to CreateArtists (20201013231541)
  [1m[35m (0.2ms)[0m  [1m[36mbegin transaction[0m
  ↳ /Users/henryzhang/.rvm/rubies/ruby-2.7.1/lib/ruby/gems/2.7.0/gems/rake-13.0.1/lib/rake/task.rb:281
  [1m[35m (0.1ms)[0m  [1m[34mSELECT sqlite_version(*)[0m
  ↳ db/migrate/20201013231541_create_artists.rb:3
  [1m[35m (0.8ms)[0m  [1m[35mCREATE TABLE "artists" ("id" integer PRIMARY KEY AUTOINCREMENT NOT NULL, "name" text, "nationality" text, "dob" date, "period" text, "image" text, "created_at" datetime NOT NULL, "updated_at" datetime NOT NULL)[0m
  ↳ db/migrate/20201013231541_create_artists.rb:3
  [1m[36mActiveRecord::SchemaMigration Create (0.3ms)[0m  [1m[32mINSERT INTO "schema_migrations" ("version") VALUES (?)[0m  [["version", "20201013231541"]]
  ↳ /Users/henryzhang/.rvm/rubies/ruby-2.7.1/lib/ruby/gems/2.7.0/gems/rake-13.0.1/lib/rake/task.rb:281
  [1m[35m (1.7ms)[0m  [1m[36mcommit transaction[0m
  ↳ /Users/henryzhang/.rvm/rubies/ruby-2.7.1/lib/ruby/gems/2.7.0/gems/rake-13.0.1/lib/rake/task.rb:281
  [1m[36mActiveRecord::InternalMetadata Load (0.3ms)[0m  [1m[34mSELECT  "ar_internal_metadata".* FROM "ar_internal_metadata" WHERE "ar_internal_metadata"."key" = ? LIMIT ?[0m  [["key", "environment"], ["LIMIT", 1]]
  ↳ /Users/henryzhang/.rvm/rubies/ruby-2.7.1/lib/ruby/gems/2.7.0/gems/rake-13.0.1/lib/rake/task.rb:281
  [1m[35m (0.1ms)[0m  [1m[36mbegin transaction[0m
  ↳ /Users/henryzhang/.rvm/rubies/ruby-2.7.1/lib/ruby/gems/2.7.0/gems/rake-13.0.1/lib/rake/task.rb:281
  [1m[35m (0.1ms)[0m  [1m[36mcommit transaction[0m
  ↳ /Users/henryzhang/.rvm/rubies/ruby-2.7.1/lib/ruby/gems/2.7.0/gems/rake-13.0.1/lib/rake/task.rb:281
  [1m[35m (0.2ms)[0m  [1m[34mSELECT "schema_migrations"."version" FROM "schema_migrations" ORDER BY "schema_migrations"."version" ASC[0m
  ↳ /Users/henryzhang/.rvm/rubies/ruby-2.7.1/lib/ruby/gems/2.7.0/gems/rake-13.0.1/lib/rake/task.rb:281
  [1m[35m (0.2ms)[0m  [1m[34mSELECT "schema_migrations"."version" FROM "schema_migrations" ORDER BY "schema_migrations"."version" ASC[0m
  ↳ /Users/henryzhang/.rvm/rubies/ruby-2.7.1/lib/ruby/gems/2.7.0/gems/rake-13.0.1/lib/rake/task.rb:281
  [1m[36mArtist Load (0.2ms)[0m  [1m[34mSELECT "artists".* FROM "artists"[0m
  ↳ db/seeds.rb:8
  [1m[35m (0.1ms)[0m  [1m[36mbegin transaction[0m
  ↳ db/seeds.rb:9
  [1m[36mArtist Create (0.6ms)[0m  [1m[32mINSERT INTO "artists" ("name", "nationality", "dob", "period", "image", "created_at", "updated_at") VALUES (?, ?, ?, ?, ?, ?, ?)[0m  [["name", "Norman Lindsay"], ["nationality", "Australian"], ["dob", "1879-02-22"], ["period", "20th century"], ["image", "https://upload.wikimedia.org/wikipedia/commons/3/32/Norman_Lindsay_1931.jpg"], ["created_at", "2020-10-13 23:44:36.138321"], ["updated_at", "2020-10-13 23:44:36.138321"]]
  ↳ db/seeds.rb:9
  [1m[35m (2.0ms)[0m  [1m[36mcommit transaction[0m
  ↳ db/seeds.rb:9
  [1m[35m (0.1ms)[0m  [1m[36mbegin transaction[0m
  ↳ db/seeds.rb:10
  [1m[36mArtist Create (0.7ms)[0m  [1m[32mINSERT INTO "artists" ("name", "nationality", "dob", "period", "image", "created_at", "updated_at") VALUES (?, ?, ?, ?, ?, ?, ?)[0m  [["name", "Russell Drysdale"], ["nationality", "Australian"], ["dob", "1912-02-07"], ["period", "20th century"], ["image", "https://upload.wikimedia.org/wikipedia/commons/c/ca/Russell_Drysdale_Max_Dupain_1945.jpg"], ["created_at", "2020-10-13 23:44:36.144646"], ["updated_at", "2020-10-13 23:44:36.144646"]]
  ↳ db/seeds.rb:10
  [1m[35m (1.5ms)[0m  [1m[36mcommit transaction[0m
  ↳ db/seeds.rb:10
  [1m[35m (0.1ms)[0m  [1m[36mbegin transaction[0m
  ↳ db/seeds.rb:11
  [1m[36mArtist Create (1.1ms)[0m  [1m[32mINSERT INTO "artists" ("name", "nationality", "dob", "period", "image", "created_at", "updated_at") VALUES (?, ?, ?, ?, ?, ?, ?)[0m  [["name", "James Gleeson"], ["nationality", "Australian"], ["dob", "1915-11-21"], ["period", "20th century"], ["image", "https://media.artgallery.nsw.gov.au/uploads/artists/James_Gleeson_nla.jpg"], ["created_at", "2020-10-13 23:44:36.149827"], ["updated_at", "2020-10-13 23:44:36.149827"]]
  ↳ db/seeds.rb:11
  [1m[35m (1.2ms)[0m  [1m[36mcommit transaction[0m
  ↳ db/seeds.rb:11
  [1m[35m (0.1ms)[0m  [1m[36mbegin transaction[0m
  ↳ db/seeds.rb:12
  [1m[36mArtist Create (0.5ms)[0m  [1m[32mINSERT INTO "artists" ("name", "nationality", "dob", "period", "image", "created_at", "updated_at") VALUES (?, ?, ?, ?, ?, ?, ?)[0m  [["name", "Sidney Nolan"], ["nationality", "Australian"], ["dob", "1917-04-22"], ["period", "20th century"], ["image", "https://upload.wikimedia.org/wikipedia/commons/e/ef/Portrait_of_Sidney_Nolan.jpg"], ["created_at", "2020-10-13 23:44:36.155633"], ["updated_at", "2020-10-13 23:44:36.155633"]]
  ↳ db/seeds.rb:12
  [1m[35m (1.4ms)[0m  [1m[36mcommit transaction[0m
  ↳ db/seeds.rb:12
  [1m[35m (0.1ms)[0m  [1m[36mbegin transaction[0m
  ↳ db/seeds.rb:13
  [1m[36mArtist Create (1.3ms)[0m  [1m[32mINSERT INTO "artists" ("name", "nationality", "dob", "period", "image", "created_at", "updated_at") VALUES (?, ?, ?, ?, ?, ?, ?)[0m  [["name", "Arthur Boyd"], ["nationality", "Australian"], ["dob", "1920-07-24"], ["period", "20th century"], ["image", "https://upload.wikimedia.org/wikipedia/en/9/98/Arthur_Boyd.jpg"], ["created_at", "2020-10-13 23:44:36.160097"], ["updated_at", "2020-10-13 23:44:36.160097"]]
  ↳ db/seeds.rb:13
  [1m[35m (1.1ms)[0m  [1m[36mcommit transaction[0m
  ↳ db/seeds.rb:13
  [1m[35m (0.1ms)[0m  [1m[36mbegin transaction[0m
  ↳ db/seeds.rb:14
  [1m[36mArtist Create (0.5ms)[0m  [1m[32mINSERT INTO "artists" ("name", "nationality", "dob", "period", "image", "created_at", "updated_at") VALUES (?, ?, ?, ?, ?, ?, ?)[0m  [["name", "Jeffrey Smart"], ["nationality", "Australian"], ["dob", "1921-07-26"], ["period", "20th century"], ["image", "https://upload.wikimedia.org/wikipedia/en/b/b0/Australian_artist_Jeffrey_Smart.jpg"], ["created_at", "2020-10-13 23:44:36.165719"], ["updated_at", "2020-10-13 23:44:36.165719"]]
  ↳ db/seeds.rb:14
  [1m[35m (1.3ms)[0m  [1m[36mcommit transaction[0m
  ↳ db/seeds.rb:14
  [1m[35m (0.1ms)[0m  [1m[36mbegin transaction[0m
  ↳ db/seeds.rb:15
  [1m[36mArtist Create (1.1ms)[0m  [1m[32mINSERT INTO "artists" ("name", "nationality", "dob", "period", "image", "created_at", "updated_at") VALUES (?, ?, ?, ?, ?, ?, ?)[0m  [["name", "Brett Whiteley"], ["nationality", "Australian"], ["dob", "1939-04-07"], ["period", "20th century"], ["image", "https://www.portrait.gov.au/files/b/9/4/f/i9331.jpg"], ["created_at", "2020-10-13 23:44:36.170657"], ["updated_at", "2020-10-13 23:44:36.170657"]]
  ↳ db/seeds.rb:15
  [1m[35m (1.3ms)[0m  [1m[36mcommit transaction[0m
  ↳ db/seeds.rb:15
  [1m[35m (0.2ms)[0m  [1m[34mSELECT COUNT(*) FROM "artists"[0m
  ↳ db/seeds.rb:16
Started GET "/" for ::1 at 2020-10-14 10:53:46 +1100
  [1m[35m (1.7ms)[0m  [1m[34mSELECT "schema_migrations"."version" FROM "schema_migrations" ORDER BY "schema_migrations"."version" ASC[0m
  ↳ /Users/henryzhang/.rvm/gems/ruby-2.7.1/gems/activerecord-5.2.4.4/lib/active_record/log_subscriber.rb:98
Processing by Rails::WelcomeController#index as HTML
  Rendering /Users/henryzhang/.rvm/gems/ruby-2.7.1/gems/railties-5.2.4.4/lib/rails/templates/rails/welcome/index.html.erb
  Rendered /Users/henryzhang/.rvm/gems/ruby-2.7.1/gems/railties-5.2.4.4/lib/rails/templates/rails/welcome/index.html.erb (7.4ms)
Completed 200 OK in 31ms (Views: 20.4ms | ActiveRecord: 0.0ms)


Started GET "/artists" for ::1 at 2020-10-14 10:53:58 +1100
Processing by ArtistsController#index as HTML
  Rendering artists/index.html.erb within layouts/application
  Rendered artists/index.html.erb within layouts/application (0.6ms)
Completed 200 OK in 321ms (Views: 320.3ms | ActiveRecord: 0.0ms)


Started GET "/artists" for ::1 at 2020-10-14 11:15:12 +1100
Processing by ArtistsController#index as HTML
  Rendering artists/index.html.erb within layouts/application
  Rendered artists/index.html.erb within layouts/application (8.6ms)
Completed 500 Internal Server Error in 16ms (ActiveRecord: 0.0ms)


  
ActionView::Template::Error (undefined method `each' for nil:NilClass):
    1: <h2> Artists</h2 >
    2: 
    3: <% @artists.each do |artist| %>
    4:     <% image_tag artist.image, :class => 'thumb' if artist.image.present?  %>
    5: <ul> 
    6: 
  
app/views/artists/index.html.erb:3:in `_app_views_artists_index_html_erb___1986810776555290381_13660'
Started GET "/artists" for ::1 at 2020-10-14 11:22:01 +1100
Processing by ArtistsController#index as HTML
  Rendering artists/index.html.erb within layouts/application
  [1m[36mArtist Load (1.1ms)[0m  [1m[34mSELECT "artists".* FROM "artists"[0m
  ↳ app/views/artists/index.html.erb:3
  Rendered artists/index.html.erb within layouts/application (24.8ms)
Completed 200 OK in 120ms (Views: 111.9ms | ActiveRecord: 3.4ms)


Started GET "/artists/show" for ::1 at 2020-10-14 11:22:15 +1100
Processing by ArtistsController#show as HTML
  Parameters: {"id"=>"show"}
  [1m[36mArtist Load (0.8ms)[0m  [1m[34mSELECT  "artists".* FROM "artists" WHERE "artists"."id" = ? LIMIT ?[0m  [["id", 0], ["LIMIT", 1]]
  ↳ app/controllers/artists_controller.rb:7
Completed 404 Not Found in 10ms (ActiveRecord: 0.8ms)


  
ActiveRecord::RecordNotFound (Couldn't find Artist with 'id'=show):
  
app/controllers/artists_controller.rb:7:in `show'
Started GET "/artists/show" for ::1 at 2020-10-14 11:25:41 +1100
Processing by ArtistsController#show as HTML
  Parameters: {"id"=>"show"}
  [1m[36mArtist Load (0.2ms)[0m  [1m[34mSELECT  "artists".* FROM "artists" WHERE "artists"."id" = ? LIMIT ?[0m  [["id", 0], ["LIMIT", 1]]
  ↳ app/controllers/artists_controller.rb:7
Completed 404 Not Found in 4ms (ActiveRecord: 0.2ms)


  
ActiveRecord::RecordNotFound (Couldn't find Artist with 'id'=show):
  
app/controllers/artists_controller.rb:7:in `show'
Started GET "/artists/show" for ::1 at 2020-10-14 11:33:10 +1100
Processing by ArtistsController#show as HTML
  Parameters: {"id"=>"show"}
  [1m[36mArtist Load (0.8ms)[0m  [1m[34mSELECT  "artists".* FROM "artists" WHERE "artists"."id" = ? LIMIT ?[0m  [["id", 0], ["LIMIT", 1]]
  ↳ app/controllers/artists_controller.rb:7
Completed 404 Not Found in 9ms (ActiveRecord: 2.5ms)


  
ActiveRecord::RecordNotFound (Couldn't find Artist with 'id'=show):
  
app/controllers/artists_controller.rb:7:in `show'
Started GET "/artists/show" for ::1 at 2020-10-14 11:33:16 +1100
Processing by ArtistsController#show as HTML
  Parameters: {"id"=>"show"}
  [1m[36mArtist Load (0.2ms)[0m  [1m[34mSELECT  "artists".* FROM "artists" WHERE "artists"."id" = ? LIMIT ?[0m  [["id", 0], ["LIMIT", 1]]
  ↳ app/controllers/artists_controller.rb:7
Completed 404 Not Found in 2ms (ActiveRecord: 0.2ms)


  
ActiveRecord::RecordNotFound (Couldn't find Artist with 'id'=show):
  
app/controllers/artists_controller.rb:7:in `show'
Started GET "/artists/new" for ::1 at 2020-10-14 11:33:32 +1100
Processing by ArtistsController#new as HTML
  Rendering artists/new.html.erb within layouts/application
  Rendered artists/new.html.erb within layouts/application (50.6ms)
Completed 200 OK in 98ms (Views: 85.7ms | ActiveRecord: 0.0ms)


Started GET "/artists/show" for ::1 at 2020-10-14 11:33:59 +1100
Processing by ArtistsController#show as HTML
  Parameters: {"id"=>"show"}
  [1m[36mArtist Load (0.4ms)[0m  [1m[34mSELECT  "artists".* FROM "artists" WHERE "artists"."id" = ? LIMIT ?[0m  [["id", 0], ["LIMIT", 1]]
  ↳ app/controllers/artists_controller.rb:7
Completed 404 Not Found in 3ms (ActiveRecord: 0.4ms)


  
ActiveRecord::RecordNotFound (Couldn't find Artist with 'id'=show):
  
app/controllers/artists_controller.rb:7:in `show'
Started GET "/artists/new" for ::1 at 2020-10-14 11:41:56 +1100
Processing by ArtistsController#new as HTML
  Rendering artists/new.html.erb within layouts/application
  Rendered artists/new.html.erb within layouts/application (0.7ms)
Completed 500 Internal Server Error in 7ms (ActiveRecord: 0.0ms)


  
SyntaxError (/Users/henryzhang/Projects/classwork/08-rails/moma/app/views/artists/new.html.erb:5: syntax error, unexpected ':', expecting ')'
...r.append=( f.text_field :name :required =>true, :autofocus =...
...                              ^
/Users/henryzhang/Projects/classwork/08-rails/moma/app/views/artists/new.html.erb:5: Can't assign to true
...xt_field :name :required =>true, :autofocus => true );@outpu...
...                           ^~~~
/Users/henryzhang/Projects/classwork/08-rails/moma/app/views/artists/new.html.erb:5: syntax error, unexpected =>, expecting '.' or &. or :: or '['
...:required =>true, :autofocus => true );@output_buffer.safe_a...
...                             ^~
):
  
app/views/artists/new.html.erb:5: syntax error, unexpected ':', expecting ')'
app/views/artists/new.html.erb:5: Can't assign to true
app/views/artists/new.html.erb:5: syntax error, unexpected =>, expecting '.' or &. or :: or '['
Started GET "/artists/new" for ::1 at 2020-10-14 11:42:41 +1100
Processing by ArtistsController#new as HTML
  Rendering artists/new.html.erb within layouts/application
  Rendered artists/new.html.erb within layouts/application (22.9ms)
Completed 200 OK in 52ms (Views: 49.5ms | ActiveRecord: 0.0ms)


Started GET "/artists/new" for ::1 at 2020-10-14 11:44:38 +1100
Processing by ArtistsController#new as HTML
  Rendering artists/new.html.erb within layouts/application
  Rendered artists/new.html.erb within layouts/application (2.5ms)
Completed 200 OK in 17ms (Views: 15.9ms | ActiveRecord: 0.0ms)


Started GET "/artists/show" for ::1 at 2020-10-14 11:46:09 +1100
Processing by ArtistsController#show as HTML
  Parameters: {"id"=>"show"}
  [1m[36mArtist Load (0.7ms)[0m  [1m[34mSELECT  "artists".* FROM "artists" WHERE "artists"."id" = ? LIMIT ?[0m  [["id", 0], ["LIMIT", 1]]
  ↳ app/controllers/artists_controller.rb:7
Completed 404 Not Found in 2ms (ActiveRecord: 0.7ms)


  
ActiveRecord::RecordNotFound (Couldn't find Artist with 'id'=show):
  
app/controllers/artists_controller.rb:7:in `show'
Started GET "/" for ::1 at 2020-10-14 13:52:01 +1100
  [1m[35m (0.7ms)[0m  [1m[34mSELECT "schema_migrations"."version" FROM "schema_migrations" ORDER BY "schema_migrations"."version" ASC[0m
  ↳ /Users/henryzhang/.rvm/gems/ruby-2.7.1/gems/activerecord-5.2.4.4/lib/active_record/log_subscriber.rb:98
Processing by Rails::WelcomeController#index as HTML
  Rendering /Users/henryzhang/.rvm/gems/ruby-2.7.1/gems/railties-5.2.4.4/lib/rails/templates/rails/welcome/index.html.erb
  Rendered /Users/henryzhang/.rvm/gems/ruby-2.7.1/gems/railties-5.2.4.4/lib/rails/templates/rails/welcome/index.html.erb (3.5ms)
Completed 200 OK in 14ms (Views: 8.7ms | ActiveRecord: 0.0ms)


Started GET "/artists" for ::1 at 2020-10-14 13:52:16 +1100
Processing by ArtistsController#index as HTML
  Rendering artists/index.html.erb within layouts/application
  [1m[36mArtist Load (2.5ms)[0m  [1m[34mSELECT "artists".* FROM "artists"[0m
  ↳ app/views/artists/index.html.erb:3
  Rendered artists/index.html.erb within layouts/application (19.3ms)
Completed 200 OK in 239ms (Views: 225.9ms | ActiveRecord: 3.3ms)


Started GET "/artists/show" for ::1 at 2020-10-14 13:52:24 +1100
Processing by ArtistsController#show as HTML
  Parameters: {"id"=>"show"}
  [1m[36mArtist Load (0.5ms)[0m  [1m[34mSELECT  "artists".* FROM "artists" WHERE "artists"."id" = ? LIMIT ?[0m  [["id", 0], ["LIMIT", 1]]
  ↳ app/controllers/artists_controller.rb:7
Completed 404 Not Found in 7ms (ActiveRecord: 0.5ms)


  
ActiveRecord::RecordNotFound (Couldn't find Artist with 'id'=show):
  
app/controllers/artists_controller.rb:7:in `show'
Started GET "/artists/new" for ::1 at 2020-10-14 14:04:40 +1100
Processing by ArtistsController#new as HTML
  Rendering artists/new.html.erb within layouts/application
  Rendered artists/new.html.erb within layouts/application (26.5ms)
Completed 200 OK in 47ms (Views: 44.7ms | ActiveRecord: 0.0ms)


Started POST "/artists" for ::1 at 2020-10-14 14:05:04 +1100
  
AbstractController::ActionNotFound (The action 'create' could not be found for ArtistsController):
  
actionpack (5.2.4.4) lib/abstract_controller/base.rb:129:in `process'
actionview (5.2.4.4) lib/action_view/rendering.rb:32:in `process'
actionpack (5.2.4.4) lib/action_controller/metal.rb:191:in `dispatch'
actionpack (5.2.4.4) lib/action_controller/metal.rb:252:in `dispatch'
actionpack (5.2.4.4) lib/action_dispatch/routing/route_set.rb:52:in `dispatch'
actionpack (5.2.4.4) lib/action_dispatch/routing/route_set.rb:34:in `serve'
actionpack (5.2.4.4) lib/action_dispatch/journey/router.rb:52:in `block in serve'
actionpack (5.2.4.4) lib/action_dispatch/journey/router.rb:35:in `each'
actionpack (5.2.4.4) lib/action_dispatch/journey/router.rb:35:in `serve'
actionpack (5.2.4.4) lib/action_dispatch/routing/route_set.rb:840:in `call'
rack (2.2.3) lib/rack/tempfile_reaper.rb:15:in `call'
rack (2.2.3) lib/rack/etag.rb:27:in `call'
rack (2.2.3) lib/rack/conditional_get.rb:40:in `call'
rack (2.2.3) lib/rack/head.rb:12:in `call'
actionpack (5.2.4.4) lib/action_dispatch/http/content_security_policy.rb:18:in `call'
rack (2.2.3) lib/rack/session/abstract/id.rb:266:in `context'
rack (2.2.3) lib/rack/session/abstract/id.rb:260:in `call'
actionpack (5.2.4.4) lib/action_dispatch/middleware/cookies.rb:670:in `call'
activerecord (5.2.4.4) lib/active_record/migration.rb:559:in `call'
actionpack (5.2.4.4) lib/action_dispatch/middleware/callbacks.rb:28:in `block in call'
activesupport (5.2.4.4) lib/active_support/callbacks.rb:98:in `run_callbacks'
actionpack (5.2.4.4) lib/action_dispatch/middleware/callbacks.rb:26:in `call'
actionpack (5.2.4.4) lib/action_dispatch/middleware/executor.rb:14:in `call'
actionpack (5.2.4.4) lib/action_dispatch/middleware/debug_exceptions.rb:61:in `call'
web-console (3.7.0) lib/web_console/middleware.rb:135:in `call_app'
web-console (3.7.0) lib/web_console/middleware.rb:30:in `block in call'
web-console (3.7.0) lib/web_console/middleware.rb:20:in `catch'
web-console (3.7.0) lib/web_console/middleware.rb:20:in `call'
actionpack (5.2.4.4) lib/action_dispatch/middleware/show_exceptions.rb:33:in `call'
railties (5.2.4.4) lib/rails/rack/logger.rb:38:in `call_app'
railties (5.2.4.4) lib/rails/rack/logger.rb:26:in `block in call'
activesupport (5.2.4.4) lib/active_support/tagged_logging.rb:71:in `block in tagged'
activesupport (5.2.4.4) lib/active_support/tagged_logging.rb:28:in `tagged'
activesupport (5.2.4.4) lib/active_support/tagged_logging.rb:71:in `tagged'
railties (5.2.4.4) lib/rails/rack/logger.rb:26:in `call'
sprockets-rails (3.2.2) lib/sprockets/rails/quiet_assets.rb:13:in `call'
actionpack (5.2.4.4) lib/action_dispatch/middleware/remote_ip.rb:81:in `call'
actionpack (5.2.4.4) lib/action_dispatch/middleware/request_id.rb:27:in `call'
rack (2.2.3) lib/rack/method_override.rb:24:in `call'
rack (2.2.3) lib/rack/runtime.rb:22:in `call'
activesupport (5.2.4.4) lib/active_support/cache/strategy/local_cache_middleware.rb:29:in `call'
actionpack (5.2.4.4) lib/action_dispatch/middleware/executor.rb:14:in `call'
actionpack (5.2.4.4) lib/action_dispatch/middleware/static.rb:127:in `call'
rack (2.2.3) lib/rack/sendfile.rb:110:in `call'
railties (5.2.4.4) lib/rails/engine.rb:524:in `call'
puma (3.12.6) lib/puma/configuration.rb:227:in `call'
puma (3.12.6) lib/puma/server.rb:706:in `handle_request'
puma (3.12.6) lib/puma/server.rb:476:in `process_client'
puma (3.12.6) lib/puma/server.rb:334:in `block in run'
puma (3.12.6) lib/puma/thread_pool.rb:135:in `block in spawn_thread'
Started PUT "/__web_console/repl_sessions/806afb7d4384cd2095e9694561847fbe" for ::1 at 2020-10-14 14:05:31 +1100
Started PUT "/__web_console/repl_sessions/806afb7d4384cd2095e9694561847fbe" for ::1 at 2020-10-14 14:05:33 +1100
Started PUT "/__web_console/repl_sessions/806afb7d4384cd2095e9694561847fbe" for ::1 at 2020-10-14 14:05:38 +1100
Started PUT "/__web_console/repl_sessions/806afb7d4384cd2095e9694561847fbe" for ::1 at 2020-10-14 14:06:31 +1100
Started POST "/artists" for ::1 at 2020-10-14 14:08:10 +1100
  
SyntaxError (/Users/henryzhang/Projects/classwork/08-rails/moma/app/controllers/artists_controller.rb:16: syntax error, unexpected ':', expecting `end'
        raise : hell
              ^
):
  
app/controllers/artists_controller.rb:16: syntax error, unexpected ':', expecting `end'
Started PUT "/__web_console/repl_sessions/50546d303c237615acbc8e50d61aef53" for ::1 at 2020-10-14 14:09:20 +1100
Started PUT "/__web_console/repl_sessions/50546d303c237615acbc8e50d61aef53" for ::1 at 2020-10-14 14:09:23 +1100
Started GET "/artists/new" for ::1 at 2020-10-14 14:11:17 +1100
  
SyntaxError (/Users/henryzhang/Projects/classwork/08-rails/moma/app/controllers/artists_controller.rb:16: syntax error, unexpected ':', expecting `end'
        raise : hell
              ^
):
  
app/controllers/artists_controller.rb:16: syntax error, unexpected ':', expecting `end'
Started POST "/artists" for ::1 at 2020-10-14 14:11:44 +1100
Processing by ArtistsController#create as HTML
  Parameters: {"utf8"=>"✓", "authenticity_token"=>"ZHLo/0NZR1rjftTNOkrfU7mCYipj4voGRIniNdg+F0HyP3EAfaA6w8Yi9ErPkNbMM4EQ0HDF2IMmLAUCUp8CkA==", "artist"=>{"name"=>"qwew", "nationality"=>"", "dob"=>"", "period"=>"", "image"=>""}, "commit"=>"Create Artist"}
Completed 500 Internal Server Error in 1ms (ActiveRecord: 0.0ms)


  
TypeError (exception class/object expected):
  
app/controllers/artists_controller.rb:16:in `raise'
app/controllers/artists_controller.rb:16:in `create'
Started GET "/artists/new" for ::1 at 2020-10-14 14:26:33 +1100
Processing by ArtistsController#new as HTML
  Rendering artists/new.html.erb within layouts/application
  Rendered artists/new.html.erb within layouts/application (10.2ms)
Completed 200 OK in 75ms (Views: 47.8ms | ActiveRecord: 1.7ms)


Started POST "/artists" for ::1 at 2020-10-14 14:26:57 +1100
Processing by ArtistsController#create as HTML
  Parameters: {"utf8"=>"✓", "authenticity_token"=>"jOvqiWdMXnBc1xwOOqiYhNJ19zYIWPYvpo8PffdPqR8apnN2WbUj6XmLPInPcpEbWHaFzBt/1KrEKuhKfe68zg==", "artist"=>{"name"=>"adfh", "nationality"=>"dfhie", "dob"=>"1980-03-31", "period"=>"80", "image"=>""}, "commit"=>"Create Artist"}
  [1m[35m (0.1ms)[0m  [1m[36mbegin transaction[0m
  ↳ app/controllers/artists_controller.rb:15
  [1m[36mArtist Create (5.4ms)[0m  [1m[32mINSERT INTO "artists" ("name", "nationality", "dob", "period", "image", "created_at", "updated_at") VALUES (?, ?, ?, ?, ?, ?, ?)[0m  [["name", "adfh"], ["nationality", "dfhie"], ["dob", "1980-03-31"], ["period", "80"], ["image", ""], ["created_at", "2020-10-14 03:26:57.255928"], ["updated_at", "2020-10-14 03:26:57.255928"]]
  ↳ app/controllers/artists_controller.rb:15
  [1m[35m (1.2ms)[0m  [1m[36mcommit transaction[0m
  ↳ app/controllers/artists_controller.rb:15
Redirected to http://localhost:3000/artists/8
Completed 302 Found in 16ms (ActiveRecord: 6.7ms)


Started GET "/artists/8" for ::1 at 2020-10-14 14:26:57 +1100
Processing by ArtistsController#show as HTML
  Parameters: {"id"=>"8"}
  [1m[36mArtist Load (0.2ms)[0m  [1m[34mSELECT  "artists".* FROM "artists" WHERE "artists"."id" = ? LIMIT ?[0m  [["id", 8], ["LIMIT", 1]]
  ↳ app/controllers/artists_controller.rb:7
  Rendering artists/show.html.erb within layouts/application
  Rendered artists/show.html.erb within layouts/application (2.0ms)
Completed 200 OK in 32ms (Views: 28.3ms | ActiveRecord: 0.2ms)


Started GET "/artists/new" for ::1 at 2020-10-14 14:32:34 +1100
Processing by ArtistsController#new as HTML
  Rendering artists/new.html.erb within layouts/application
  Rendered artists/new.html.erb within layouts/application (3.1ms)
Completed 200 OK in 25ms (Views: 22.6ms | ActiveRecord: 0.0ms)


Started POST "/artists" for ::1 at 2020-10-14 14:33:05 +1100
Processing by ArtistsController#create as HTML
  Parameters: {"utf8"=>"✓", "authenticity_token"=>"UH7mgYvXpX4BojkplHXATxg1hGf6CENYd3U8M7KaEATGM39+tS7Y5yT+Ga5hr8nQkjb2nekvYd0V0NsEODsF1Q==", "artist"=>{"name"=>"qwew", "nationality"=>"dfhie", "dob"=>"", "period"=>"70", "image"=>""}, "commit"=>"Create Artist"}
  [1m[35m (0.2ms)[0m  [1m[36mbegin transaction[0m
  ↳ app/controllers/artists_controller.rb:15
  [1m[36mArtist Create (2.0ms)[0m  [1m[32mINSERT INTO "artists" ("name", "nationality", "period", "image", "created_at", "updated_at") VALUES (?, ?, ?, ?, ?, ?)[0m  [["name", "qwew"], ["nationality", "dfhie"], ["period", "70"], ["image", ""], ["created_at", "2020-10-14 03:33:05.506868"], ["updated_at", "2020-10-14 03:33:05.506868"]]
  ↳ app/controllers/artists_controller.rb:15
  [1m[35m (1.5ms)[0m  [1m[36mcommit transaction[0m
  ↳ app/controllers/artists_controller.rb:15
Redirected to http://localhost:3000/artists/9
Completed 302 Found in 10ms (ActiveRecord: 3.6ms)


Started GET "/artists/9" for ::1 at 2020-10-14 14:33:05 +1100
Processing by ArtistsController#show as HTML
  Parameters: {"id"=>"9"}
  [1m[36mArtist Load (0.8ms)[0m  [1m[34mSELECT  "artists".* FROM "artists" WHERE "artists"."id" = ? LIMIT ?[0m  [["id", 9], ["LIMIT", 1]]
  ↳ app/controllers/artists_controller.rb:7
  Rendering artists/show.html.erb within layouts/application
  Rendered artists/show.html.erb within layouts/application (3.5ms)
Completed 500 Internal Server Error in 12ms (ActiveRecord: 0.8ms)


  
SyntaxError (/Users/henryzhang/Projects/classwork/08-rails/moma/app/views/artists/show.html.erb:9: syntax error, unexpected ')', expecting `then' or ';' or '\n'
...end=( if @artist.dob.present? );@output_buffer.safe_append='...
...                              ^
/Users/henryzhang/Projects/classwork/08-rails/moma/app/views/artists/show.html.erb:15: syntax error, unexpected `ensure', expecting ')'
          ensure
          ^~~~~~
/Users/henryzhang/Projects/classwork/08-rails/moma/app/views/artists/show.html.erb:17: syntax error, unexpected `end', expecting ')'
          end
          ^~~
):
  
app/views/artists/show.html.erb:9: syntax error, unexpected ')', expecting `then' or ';' or '\n'
app/views/artists/show.html.erb:15: syntax error, unexpected `ensure', expecting ')'
app/views/artists/show.html.erb:17: syntax error, unexpected `end', expecting ')'
Started GET "/artists" for ::1 at 2020-10-14 14:41:10 +1100
Processing by ArtistsController#index as HTML
  Rendering artists/index.html.erb within layouts/application
  [1m[36mArtist Load (0.5ms)[0m  [1m[34mSELECT "artists".* FROM "artists"[0m
  ↳ app/views/artists/index.html.erb:3
  Rendered artists/index.html.erb within layouts/application (4.8ms)
Completed 500 Internal Server Error in 32ms (ActiveRecord: 0.5ms)


  
ActionView::Template::Error (No route matches {:action=>"show", :controller=>"artists"}, missing required keys: [:id]):
    11: 
    12:   <body>
    13:   <nav>
    14:     <%= link_to 'All artist', artist_path %>
    15:     <%= link_to 'New artist', artist_artist_path %>
    16:   </nav>
    17:     <%= yield %>
  
app/views/layouts/application.html.erb:14:in `_app_views_layouts_application_html_erb__1356145638279720425_20900'
Started GET "/artists/new" for ::1 at 2020-10-14 14:44:57 +1100
Processing by ArtistsController#new as HTML
  Rendering artists/new.html.erb within layouts/application
  Rendered artists/new.html.erb within layouts/application (3.0ms)
Completed 500 Internal Server Error in 35ms (ActiveRecord: 0.8ms)


  
ActionView::Template::Error (No route matches {:action=>"show", :controller=>"artists"}, missing required keys: [:id]):
    11: 
    12:   <body>
    13:   <nav>
    14:     <%= link_to 'All artist', artist_path %>
    15:     <%= link_to 'New artist', artist_artist_path %>
    16:   </nav>
    17:     <%= yield %>
  
app/views/layouts/application.html.erb:14:in `_app_views_layouts_application_html_erb__1356145638279720425_23160'
Started GET "/artists/new" for ::1 at 2020-10-14 14:53:28 +1100
Processing by ArtistsController#new as HTML
  Rendering artists/new.html.erb within layouts/application
  Rendered artists/new.html.erb within layouts/application (4.2ms)
Completed 500 Internal Server Error in 18ms (ActiveRecord: 0.0ms)


  
ActionView::Template::Error (No route matches {:action=>"show", :controller=>"artists"}, missing required keys: [:id]):
    11: 
    12:   <body>
    13:   <nav>
    14:     <%= link_to 'All artist', artist_path %>
    15:     <%= link_to 'New artist', artist_artist_path %>
    16:   </nav>
    17:     <%= yield %>
  
app/views/layouts/application.html.erb:14:in `_app_views_layouts_application_html_erb__1356145638279720425_23720'
Started GET "/artists/new" for ::1 at 2020-10-14 14:53:29 +1100
Processing by ArtistsController#new as HTML
  Rendering artists/new.html.erb within layouts/application
  Rendered artists/new.html.erb within layouts/application (4.1ms)
Completed 500 Internal Server Error in 39ms (ActiveRecord: 0.0ms)


  
ActionView::Template::Error (No route matches {:action=>"show", :controller=>"artists"}, missing required keys: [:id]):
    11: 
    12:   <body>
    13:   <nav>
    14:     <%= link_to 'All artist', artist_path %>
    15:     <%= link_to 'New artist', artist_artist_path %>
    16:   </nav>
    17:     <%= yield %>
  
app/views/layouts/application.html.erb:14:in `_app_views_layouts_application_html_erb__1356145638279720425_24260'
Started GET "/artists/new" for ::1 at 2020-10-14 14:53:30 +1100
Processing by ArtistsController#new as HTML
  Rendering artists/new.html.erb within layouts/application
  Rendered artists/new.html.erb within layouts/application (5.8ms)
Completed 500 Internal Server Error in 67ms (ActiveRecord: 0.0ms)


  
ActionView::Template::Error (No route matches {:action=>"show", :controller=>"artists"}, missing required keys: [:id]):
    11: 
    12:   <body>
    13:   <nav>
    14:     <%= link_to 'All artist', artist_path %>
    15:     <%= link_to 'New artist', artist_artist_path %>
    16:   </nav>
    17:     <%= yield %>
  
app/views/layouts/application.html.erb:14:in `_app_views_layouts_application_html_erb__1356145638279720425_24820'
Started GET "/" for ::1 at 2020-10-23 16:08:19 +1100
  [1m[35m (0.5ms)[0m  [1m[34mSELECT "schema_migrations"."version" FROM "schema_migrations" ORDER BY "schema_migrations"."version" ASC[0m
  ↳ /Users/henryzhang/.rvm/gems/ruby-2.7.1/gems/activerecord-5.2.4.4/lib/active_record/log_subscriber.rb:98
Processing by Rails::WelcomeController#index as HTML
  Rendering /Users/henryzhang/.rvm/gems/ruby-2.7.1/gems/railties-5.2.4.4/lib/rails/templates/rails/welcome/index.html.erb
  Rendered /Users/henryzhang/.rvm/gems/ruby-2.7.1/gems/railties-5.2.4.4/lib/rails/templates/rails/welcome/index.html.erb (4.6ms)
Completed 200 OK in 21ms (Views: 12.0ms | ActiveRecord: 0.0ms)


  [1m[36mArtist Load (0.2ms)[0m  [1m[34mSELECT  "artists".* FROM "artists" ORDER BY "artists"."id" DESC LIMIT ?[0m  [["LIMIT", 1]]
  [1m[36mArtist Load (0.5ms)[0m  [1m[34mSELECT  "artists".* FROM "artists" ORDER BY "artists"."id" ASC LIMIT ?[0m  [["LIMIT", 1]]
  [1m[35m (0.1ms)[0m  [1m[34mSELECT "schema_migrations"."version" FROM "schema_migrations" ORDER BY "schema_migrations"."version" ASC[0m
  ↳ /Users/henryzhang/.rvm/rubies/ruby-2.7.1/lib/ruby/gems/2.7.0/gems/rake-13.0.1/lib/rake/task.rb:281
  [1m[36mArtist Load (0.2ms)[0m  [1m[34mSELECT "artists".* FROM "artists"[0m
  ↳ db/seeds.rb:8
  [1m[35m (0.1ms)[0m  [1m[36mbegin transaction[0m
  ↳ db/seeds.rb:8
  [1m[36mArtist Destroy (0.6ms)[0m  [1m[31mDELETE FROM "artists" WHERE "artists"."id" = ?[0m  [["id", 1]]
  ↳ db/seeds.rb:8
  [1m[35m (1.3ms)[0m  [1m[36mcommit transaction[0m
  ↳ db/seeds.rb:8
  [1m[35m (0.1ms)[0m  [1m[36mbegin transaction[0m
  ↳ db/seeds.rb:8
  [1m[36mArtist Destroy (0.4ms)[0m  [1m[31mDELETE FROM "artists" WHERE "artists"."id" = ?[0m  [["id", 2]]
  ↳ db/seeds.rb:8
  [1m[35m (1.2ms)[0m  [1m[36mcommit transaction[0m
  ↳ db/seeds.rb:8
  [1m[35m (0.1ms)[0m  [1m[36mbegin transaction[0m
  ↳ db/seeds.rb:8
  [1m[36mArtist Destroy (0.3ms)[0m  [1m[31mDELETE FROM "artists" WHERE "artists"."id" = ?[0m  [["id", 3]]
  ↳ db/seeds.rb:8
  [1m[35m (0.9ms)[0m  [1m[36mcommit transaction[0m
  ↳ db/seeds.rb:8
  [1m[35m (0.1ms)[0m  [1m[36mbegin transaction[0m
  ↳ db/seeds.rb:8
  [1m[36mArtist Destroy (0.3ms)[0m  [1m[31mDELETE FROM "artists" WHERE "artists"."id" = ?[0m  [["id", 4]]
  ↳ db/seeds.rb:8
  [1m[35m (1.0ms)[0m  [1m[36mcommit transaction[0m
  ↳ db/seeds.rb:8
  [1m[35m (0.0ms)[0m  [1m[36mbegin transaction[0m
  ↳ db/seeds.rb:8
  [1m[36mArtist Destroy (0.3ms)[0m  [1m[31mDELETE FROM "artists" WHERE "artists"."id" = ?[0m  [["id", 5]]
  ↳ db/seeds.rb:8
  [1m[35m (1.3ms)[0m  [1m[36mcommit transaction[0m
  ↳ db/seeds.rb:8
  [1m[35m (0.1ms)[0m  [1m[36mbegin transaction[0m
  ↳ db/seeds.rb:8
  [1m[36mArtist Destroy (0.3ms)[0m  [1m[31mDELETE FROM "artists" WHERE "artists"."id" = ?[0m  [["id", 6]]
  ↳ db/seeds.rb:8
  [1m[35m (1.2ms)[0m  [1m[36mcommit transaction[0m
  ↳ db/seeds.rb:8
  [1m[35m (0.1ms)[0m  [1m[36mbegin transaction[0m
  ↳ db/seeds.rb:8
  [1m[36mArtist Destroy (0.3ms)[0m  [1m[31mDELETE FROM "artists" WHERE "artists"."id" = ?[0m  [["id", 7]]
  ↳ db/seeds.rb:8
  [1m[35m (1.2ms)[0m  [1m[36mcommit transaction[0m
  ↳ db/seeds.rb:8
  [1m[35m (0.0ms)[0m  [1m[36mbegin transaction[0m
  ↳ db/seeds.rb:8
  [1m[36mArtist Destroy (0.3ms)[0m  [1m[31mDELETE FROM "artists" WHERE "artists"."id" = ?[0m  [["id", 8]]
  ↳ db/seeds.rb:8
  [1m[35m (0.6ms)[0m  [1m[36mcommit transaction[0m
  ↳ db/seeds.rb:8
  [1m[35m (0.1ms)[0m  [1m[36mbegin transaction[0m
  ↳ db/seeds.rb:8
  [1m[36mArtist Destroy (0.5ms)[0m  [1m[31mDELETE FROM "artists" WHERE "artists"."id" = ?[0m  [["id", 9]]
  ↳ db/seeds.rb:8
  [1m[35m (1.0ms)[0m  [1m[36mcommit transaction[0m
  ↳ db/seeds.rb:8
  [1m[35m (0.0ms)[0m  [1m[36mbegin transaction[0m
  ↳ db/seeds.rb:9
  [1m[36mArtist Create (0.4ms)[0m  [1m[32mINSERT INTO "artists" ("name", "nationality", "dob", "period", "image", "created_at", "updated_at") VALUES (?, ?, ?, ?, ?, ?, ?)[0m  [["name", "Norman Lindsay"], ["nationality", "Australian"], ["dob", "1879-02-22"], ["period", "20th century"], ["image", "https://upload.wikimedia.org/wikipedia/commons/3/32/Norman_Lindsay_1931.jpg"], ["created_at", "2020-10-23 05:31:34.207125"], ["updated_at", "2020-10-23 05:31:34.207125"]]
  ↳ db/seeds.rb:9
  [1m[35m (1.1ms)[0m  [1m[36mcommit transaction[0m
  ↳ db/seeds.rb:9
  [1m[35m (0.1ms)[0m  [1m[36mbegin transaction[0m
  ↳ db/seeds.rb:10
  [1m[36mArtist Create (0.4ms)[0m  [1m[32mINSERT INTO "artists" ("name", "nationality", "dob", "period", "image", "created_at", "updated_at") VALUES (?, ?, ?, ?, ?, ?, ?)[0m  [["name", "Russell Drysdale"], ["nationality", "Australian"], ["dob", "1912-02-07"], ["period", "20th century"], ["image", "https://upload.wikimedia.org/wikipedia/commons/c/ca/Russell_Drysdale_Max_Dupain_1945.jpg"], ["created_at", "2020-10-23 05:31:34.211205"], ["updated_at", "2020-10-23 05:31:34.211205"]]
  ↳ db/seeds.rb:10
  [1m[35m (1.1ms)[0m  [1m[36mcommit transaction[0m
  ↳ db/seeds.rb:10
  [1m[35m (0.1ms)[0m  [1m[36mbegin transaction[0m
  ↳ db/seeds.rb:11
  [1m[36mArtist Create (0.3ms)[0m  [1m[32mINSERT INTO "artists" ("name", "nationality", "dob", "period", "image", "created_at", "updated_at") VALUES (?, ?, ?, ?, ?, ?, ?)[0m  [["name", "James Gleeson"], ["nationality", "Australian"], ["dob", "1915-11-21"], ["period", "20th century"], ["image", "https://media.artgallery.nsw.gov.au/uploads/artists/James_Gleeson_nla.jpg"], ["created_at", "2020-10-23 05:31:34.214856"], ["updated_at", "2020-10-23 05:31:34.214856"]]
  ↳ db/seeds.rb:11
  [1m[35m (1.0ms)[0m  [1m[36mcommit transaction[0m
  ↳ db/seeds.rb:11
  [1m[35m (0.1ms)[0m  [1m[36mbegin transaction[0m
  ↳ db/seeds.rb:12
  [1m[36mArtist Create (0.3ms)[0m  [1m[32mINSERT INTO "artists" ("name", "nationality", "dob", "period", "image", "created_at", "updated_at") VALUES (?, ?, ?, ?, ?, ?, ?)[0m  [["name", "Sidney Nolan"], ["nationality", "Australian"], ["dob", "1917-04-22"], ["period", "20th century"], ["image", "https://upload.wikimedia.org/wikipedia/commons/e/ef/Portrait_of_Sidney_Nolan.jpg"], ["created_at", "2020-10-23 05:31:34.218187"], ["updated_at", "2020-10-23 05:31:34.218187"]]
  ↳ db/seeds.rb:12
  [1m[35m (1.0ms)[0m  [1m[36mcommit transaction[0m
  ↳ db/seeds.rb:12
  [1m[35m (0.1ms)[0m  [1m[36mbegin transaction[0m
  ↳ db/seeds.rb:13
  [1m[36mArtist Create (0.3ms)[0m  [1m[32mINSERT INTO "artists" ("name", "nationality", "dob", "period", "image", "created_at", "updated_at") VALUES (?, ?, ?, ?, ?, ?, ?)[0m  [["name", "Arthur Boyd"], ["nationality", "Australian"], ["dob", "1920-07-24"], ["period", "20th century"], ["image", "https://upload.wikimedia.org/wikipedia/en/9/98/Arthur_Boyd.jpg"], ["created_at", "2020-10-23 05:31:34.221579"], ["updated_at", "2020-10-23 05:31:34.221579"]]
  ↳ db/seeds.rb:13
  [1m[35m (1.1ms)[0m  [1m[36mcommit transaction[0m
  ↳ db/seeds.rb:13
  [1m[35m (0.1ms)[0m  [1m[36mbegin transaction[0m
  ↳ db/seeds.rb:14
  [1m[36mArtist Create (0.3ms)[0m  [1m[32mINSERT INTO "artists" ("name", "nationality", "dob", "period", "image", "created_at", "updated_at") VALUES (?, ?, ?, ?, ?, ?, ?)[0m  [["name", "Jeffrey Smart"], ["nationality", "Australian"], ["dob", "1921-07-26"], ["period", "20th century"], ["image", "https://upload.wikimedia.org/wikipedia/en/b/b0/Australian_artist_Jeffrey_Smart.jpg"], ["created_at", "2020-10-23 05:31:34.225237"], ["updated_at", "2020-10-23 05:31:34.225237"]]
  ↳ db/seeds.rb:14
  [1m[35m (1.1ms)[0m  [1m[36mcommit transaction[0m
  ↳ db/seeds.rb:14
  [1m[35m (0.1ms)[0m  [1m[36mbegin transaction[0m
  ↳ db/seeds.rb:15
  [1m[36mArtist Create (0.3ms)[0m  [1m[32mINSERT INTO "artists" ("name", "nationality", "dob", "period", "image", "created_at", "updated_at") VALUES (?, ?, ?, ?, ?, ?, ?)[0m  [["name", "Brett Whiteley"], ["nationality", "Australian"], ["dob", "1939-04-07"], ["period", "20th century"], ["image", "https://www.portrait.gov.au/files/b/9/4/f/i9331.jpg"], ["created_at", "2020-10-23 05:31:34.229979"], ["updated_at", "2020-10-23 05:31:34.229979"]]
  ↳ db/seeds.rb:15
  [1m[35m (1.1ms)[0m  [1m[36mcommit transaction[0m
  ↳ db/seeds.rb:15
  [1m[35m (0.1ms)[0m  [1m[34mSELECT COUNT(*) FROM "artists"[0m
  ↳ db/seeds.rb:16
  [1m[36mArtist Load (0.2ms)[0m  [1m[34mSELECT  "artists".* FROM "artists" ORDER BY "artists"."id" DESC LIMIT ?[0m  [["LIMIT", 1]]
  [1m[35m (0.4ms)[0m  [1m[34mSELECT COUNT(*) FROM "artists"[0m
Started GET "/" for ::1 at 2020-10-23 16:45:39 +1100
  [1m[35m (0.2ms)[0m  [1m[34mSELECT "schema_migrations"."version" FROM "schema_migrations" ORDER BY "schema_migrations"."version" ASC[0m
  ↳ /Users/henryzhang/.rvm/gems/ruby-2.7.1/gems/activerecord-5.2.4.4/lib/active_record/log_subscriber.rb:98
Processing by Rails::WelcomeController#index as HTML
  Rendering /Users/henryzhang/.rvm/gems/ruby-2.7.1/gems/railties-5.2.4.4/lib/rails/templates/rails/welcome/index.html.erb
  Rendered /Users/henryzhang/.rvm/gems/ruby-2.7.1/gems/railties-5.2.4.4/lib/rails/templates/rails/welcome/index.html.erb (2.6ms)
Completed 200 OK in 12ms (Views: 6.6ms | ActiveRecord: 0.0ms)


Started GET "/artists" for ::1 at 2020-10-23 16:47:07 +1100
Processing by ArtistsController#index as HTML
  Rendering artists/index.html.erb within layouts/application
  [1m[36mArtist Load (0.2ms)[0m  [1m[34mSELECT "artists".* FROM "artists"[0m
  ↳ app/views/artists/index.html.erb:3
  Rendered artists/index.html.erb within layouts/application (18.6ms)
Completed 500 Internal Server Error in 192ms (ActiveRecord: 0.8ms)


  
ActionView::Template::Error (No route matches {:action=>"show", :controller=>"artists"}, missing required keys: [:id]):
    11: 
    12:   <body>
    13:   <nav>
    14:     <%= link_to 'All artist', artist_path %>
    15:     <%= link_to 'New artist', artist_artist_path %>
    16:   </nav>
    17:     <%= yield %>
  
app/views/layouts/application.html.erb:14:in `_app_views_layouts_application_html_erb___1153162058566765712_11840'
Started GET "/rails/info" for ::1 at 2020-10-23 16:50:14 +1100
Processing by Rails::InfoController#index as HTML
Redirected to http://localhost:3000/rails/info/routes
Completed 302 Found in 2ms (ActiveRecord: 0.0ms)


Started GET "/rails/info/routes" for ::1 at 2020-10-23 16:50:14 +1100
Processing by Rails::InfoController#routes as HTML
  Rendering /Users/henryzhang/.rvm/gems/ruby-2.7.1/gems/railties-5.2.4.4/lib/rails/templates/rails/info/routes.html.erb within layouts/application
  Rendered collection of /Users/henryzhang/.rvm/gems/ruby-2.7.1/gems/actionpack-5.2.4.4/lib/action_dispatch/middleware/templates/routes/_route.html.erb [8 times] (5.6ms)
  Rendered /Users/henryzhang/.rvm/gems/ruby-2.7.1/gems/actionpack-5.2.4.4/lib/action_dispatch/middleware/templates/routes/_table.html.erb (8.4ms)
  Rendered /Users/henryzhang/.rvm/gems/ruby-2.7.1/gems/railties-5.2.4.4/lib/rails/templates/rails/info/routes.html.erb within layouts/application (18.9ms)
Completed 200 OK in 26ms (Views: 23.0ms | ActiveRecord: 0.0ms)


Started GET "/artists" for ::1 at 2020-10-23 16:52:25 +1100
Processing by ArtistsController#index as HTML
  Rendering artists/index.html.erb within layouts/application
  [1m[36mArtist Load (0.4ms)[0m  [1m[34mSELECT "artists".* FROM "artists"[0m
  ↳ app/views/artists/index.html.erb:3
  Rendered artists/index.html.erb within layouts/application (4.4ms)
Completed 500 Internal Server Error in 27ms (ActiveRecord: 0.4ms)


  
ActionView::Template::Error (No route matches {:action=>"show", :controller=>"artists"}, missing required keys: [:id]):
    11: 
    12:   <body>
    13:   <nav>
    14:     <%= link_to 'All artist', artist_path %>
    15:     <%= link_to 'New artist', artist_artist_path %>
    16:   </nav>
    17:     <%= yield %>
  
app/views/layouts/application.html.erb:14:in `_app_views_layouts_application_html_erb___1153162058566765712_12760'
Started GET "/artists" for ::1 at 2020-10-23 16:59:18 +1100
  [1m[35m (0.1ms)[0m  [1m[34mSELECT "schema_migrations"."version" FROM "schema_migrations" ORDER BY "schema_migrations"."version" ASC[0m
  ↳ /Users/henryzhang/.rvm/gems/ruby-2.7.1/gems/activerecord-5.2.4.4/lib/active_record/log_subscriber.rb:98
Processing by ArtistsController#index as HTML
  Rendering artists/index.html.erb within layouts/application
  [1m[36mArtist Load (1.0ms)[0m  [1m[34mSELECT "artists".* FROM "artists"[0m
  ↳ app/views/artists/index.html.erb:3
  Rendered artists/index.html.erb within layouts/application (22.7ms)
Completed 500 Internal Server Error in 167ms (ActiveRecord: 1.5ms)


  
ActionView::Template::Error (No route matches {:action=>"show", :controller=>"artists"}, missing required keys: [:id]):
    11: 
    12:   <body>
    13:   <nav>
    14:     <%= link_to 'All artist', artist_path %>
    15:     <%= link_to 'New artist', artist_artist_path %>
    16:   </nav>
    17:     <%= yield %>
  
app/views/layouts/application.html.erb:14:in `_app_views_layouts_application_html_erb___3456036022304851467_11700'
Started GET "/artists" for ::1 at 2020-10-23 17:08:17 +1100
  [1m[35m (0.2ms)[0m  [1m[34mSELECT "schema_migrations"."version" FROM "schema_migrations" ORDER BY "schema_migrations"."version" ASC[0m
  ↳ /Users/henryzhang/.rvm/gems/ruby-2.7.1/gems/activerecord-5.2.4.4/lib/active_record/log_subscriber.rb:98
Processing by ArtistsController#index as HTML
  Rendering artists/index.html.erb within layouts/application
  [1m[36mArtist Load (1.1ms)[0m  [1m[34mSELECT "artists".* FROM "artists"[0m
  ↳ app/views/artists/index.html.erb:3
  Rendered artists/index.html.erb within layouts/application (24.4ms)
Completed 500 Internal Server Error in 392ms (ActiveRecord: 2.5ms)


  
ActionView::Template::Error (undefined local variable or method `artist' for #<#<Class:0x00007fd544c7e400>:0x00007fd544c4e340>
Did you mean?  @artists):
    11: 
    12:   <body>
    13:   <nav>
    14:     <%= link_to 'All artist', artist %>
    15:     <%= link_to 'New artist', artist_artist_path %>
    16:   </nav>
    17:     <%= yield %>
  
app/views/layouts/application.html.erb:14:in `_app_views_layouts_application_html_erb__3733315264872548310_11700'
Started GET "/artists" for ::1 at 2020-10-23 17:12:09 +1100
Processing by ArtistsController#index as HTML
  Rendering artists/index.html.erb within layouts/application
  [1m[36mArtist Load (0.4ms)[0m  [1m[34mSELECT "artists".* FROM "artists"[0m
  ↳ app/views/artists/index.html.erb:3
  Rendered artists/index.html.erb within layouts/application (3.6ms)
Completed 500 Internal Server Error in 191ms (ActiveRecord: 0.4ms)


  
ActionView::Template::Error (undefined local variable or method `artist_artist_path' for #<#<Class:0x00007fd544c7e400>:0x00007fd54c04df70>
Did you mean?  artist_path):
    12:   <body>
    13:   <nav>
    14:     <%= link_to 'All artist', artists_path %>
    15:     <%= link_to 'New artist', artist_artist_path %>
    16:   </nav>
    17:     <%= yield %>
    18:   </body>
  
app/views/layouts/application.html.erb:15:in `_app_views_layouts_application_html_erb__3733315264872548310_12480'
Started GET "/artists" for ::1 at 2020-10-23 17:12:46 +1100
Processing by ArtistsController#index as HTML
  Rendering artists/index.html.erb within layouts/application
  [1m[36mArtist Load (0.2ms)[0m  [1m[34mSELECT "artists".* FROM "artists"[0m
  ↳ app/views/artists/index.html.erb:3
  Rendered artists/index.html.erb within layouts/application (2.8ms)
Completed 500 Internal Server Error in 32ms (ActiveRecord: 0.2ms)


  
ActionView::Template::Error (No route matches {:action=>"show", :controller=>"artists"}, missing required keys: [:id]):
    12:   <body>
    13:   <nav>
    14:     <%= link_to 'All artist', artists_path %>
    15:     <%= link_to 'New artist', artist_path %>
    16:   </nav>
    17:     <%= yield %>
    18:   </body>
  
app/views/layouts/application.html.erb:15:in `_app_views_layouts_application_html_erb__3733315264872548310_13100'
Started GET "/artists" for ::1 at 2020-10-23 17:23:31 +1100
Processing by ArtistsController#index as HTML
  Rendering artists/index.html.erb within layouts/application
  [1m[36mArtist Load (0.3ms)[0m  [1m[34mSELECT "artists".* FROM "artists"[0m
  ↳ app/views/artists/index.html.erb:3
  Rendered artists/index.html.erb within layouts/application (12.4ms)
Completed 200 OK in 33ms (Views: 27.6ms | ActiveRecord: 0.9ms)


Started GET "/artists/10" for ::1 at 2020-10-23 17:24:08 +1100
Processing by ArtistsController#show as HTML
  Parameters: {"id"=>"10"}
  [1m[36mArtist Load (0.3ms)[0m  [1m[34mSELECT  "artists".* FROM "artists" WHERE "artists"."id" = ? LIMIT ?[0m  [["id", 10], ["LIMIT", 1]]
  ↳ app/controllers/artists_controller.rb:7
  Rendering artists/show.html.erb within layouts/application
  Rendered artists/show.html.erb within layouts/application (1.0ms)
Completed 500 Internal Server Error in 18ms (ActiveRecord: 0.3ms)


  
SyntaxError (/Users/henryzhang/Projects/classwork/08-rails/moma/app/views/artists/show.html.erb:9: syntax error, unexpected ')', expecting `then' or ';' or '\n'
...end=( if @artist.dob.present? );@output_buffer.safe_append='
...                              ^
/Users/henryzhang/Projects/classwork/08-rails/moma/app/views/artists/show.html.erb:17: syntax error, unexpected ':', expecting ')'
...",@artist, :method =>'delete' :data => {:confirm => 'Are you...
...                              ^
/Users/henryzhang/Projects/classwork/08-rails/moma/app/views/artists/show.html.erb:20: syntax error, unexpected `ensure', expecting ')'
          ensure
          ^~~~~~
/Users/henryzhang/Projects/classwork/08-rails/moma/app/views/artists/show.html.erb:22: syntax error, unexpected `end', expecting ')'
          end
          ^~~
):
  
app/views/artists/show.html.erb:9: syntax error, unexpected ')', expecting `then' or ';' or '\n'
app/views/artists/show.html.erb:17: syntax error, unexpected ':', expecting ')'
app/views/artists/show.html.erb:20: syntax error, unexpected `ensure', expecting ')'
app/views/artists/show.html.erb:22: syntax error, unexpected `end', expecting ')'
Started GET "/artists/10" for ::1 at 2020-10-23 17:27:18 +1100
Processing by ArtistsController#show as HTML
  Parameters: {"id"=>"10"}
  [1m[36mArtist Load (0.3ms)[0m  [1m[34mSELECT  "artists".* FROM "artists" WHERE "artists"."id" = ? LIMIT ?[0m  [["id", 10], ["LIMIT", 1]]
  ↳ app/controllers/artists_controller.rb:7
  Rendering artists/show.html.erb within layouts/application
  Rendered artists/show.html.erb within layouts/application (1.1ms)
Completed 500 Internal Server Error in 9ms (ActiveRecord: 0.3ms)


  
SyntaxError (/Users/henryzhang/Projects/classwork/08-rails/moma/app/views/artists/show.html.erb:9: syntax error, unexpected ')', expecting `then' or ';' or '\n'
...end=( if @artist.dob.present? );@output_buffer.safe_append='
...                              ^
/Users/henryzhang/Projects/classwork/08-rails/moma/app/views/artists/show.html.erb:11: syntax error, unexpected `end', expecting ')'
'.freeze; end 
          ^~~
/Users/henryzhang/Projects/classwork/08-rails/moma/app/views/artists/show.html.erb:18: syntax error, unexpected ':', expecting ')'
...",@artist, :method =>'delete' :data => {:confirm => 'Are you...
...                              ^
/Users/henryzhang/Projects/classwork/08-rails/moma/app/views/artists/show.html.erb:22: syntax error, unexpected `ensure', expecting ')'
          ensure
          ^~~~~~
/Users/henryzhang/Projects/classwork/08-rails/moma/app/views/artists/show.html.erb:24: syntax error, unexpected `end', expecting ')'
          end
          ^~~
):
  
app/views/artists/show.html.erb:9: syntax error, unexpected ')', expecting `then' or ';' or '\n'
app/views/artists/show.html.erb:11: syntax error, unexpected `end', expecting ')'
app/views/artists/show.html.erb:18: syntax error, unexpected ':', expecting ')'
app/views/artists/show.html.erb:22: syntax error, unexpected `ensure', expecting ')'
app/views/artists/show.html.erb:24: syntax error, unexpected `end', expecting ')'
Started GET "/artists/10" for ::1 at 2020-10-23 17:29:06 +1100
Processing by ArtistsController#show as HTML
  Parameters: {"id"=>"10"}
  [1m[36mArtist Load (0.2ms)[0m  [1m[34mSELECT  "artists".* FROM "artists" WHERE "artists"."id" = ? LIMIT ?[0m  [["id", 10], ["LIMIT", 1]]
  ↳ app/controllers/artists_controller.rb:7
  Rendering artists/show.html.erb within layouts/application
  Rendered artists/show.html.erb within layouts/application (0.9ms)
Completed 500 Internal Server Error in 8ms (ActiveRecord: 0.2ms)


  
SyntaxError (/Users/henryzhang/Projects/classwork/08-rails/moma/app/views/artists/show.html.erb:9: syntax error, unexpected ')', expecting `then' or ';' or '\n'
...end=( if @artist.dob.present? );@output_buffer.safe_append='
...                              ^
/Users/henryzhang/Projects/classwork/08-rails/moma/app/views/artists/show.html.erb:11: syntax error, unexpected `end', expecting ')'
'.freeze;         end 
                  ^~~
/Users/henryzhang/Projects/classwork/08-rails/moma/app/views/artists/show.html.erb:18: syntax error, unexpected ':', expecting ')'
...",@artist, :method =>'delete' :data => {:confirm => 'Are you...
...                              ^
/Users/henryzhang/Projects/classwork/08-rails/moma/app/views/artists/show.html.erb:22: syntax error, unexpected `ensure', expecting ')'
          ensure
          ^~~~~~
/Users/henryzhang/Projects/classwork/08-rails/moma/app/views/artists/show.html.erb:24: syntax error, unexpected `end', expecting ')'
          end
          ^~~
):
  
app/views/artists/show.html.erb:9: syntax error, unexpected ')', expecting `then' or ';' or '\n'
app/views/artists/show.html.erb:11: syntax error, unexpected `end', expecting ')'
app/views/artists/show.html.erb:18: syntax error, unexpected ':', expecting ')'
app/views/artists/show.html.erb:22: syntax error, unexpected `ensure', expecting ')'
app/views/artists/show.html.erb:24: syntax error, unexpected `end', expecting ')'
Started GET "/artists/10" for ::1 at 2020-10-23 17:29:09 +1100
Processing by ArtistsController#show as HTML
  Parameters: {"id"=>"10"}
  [1m[36mArtist Load (0.2ms)[0m  [1m[34mSELECT  "artists".* FROM "artists" WHERE "artists"."id" = ? LIMIT ?[0m  [["id", 10], ["LIMIT", 1]]
  ↳ app/controllers/artists_controller.rb:7
  Rendering artists/show.html.erb within layouts/application
  Rendered artists/show.html.erb within layouts/application (1.3ms)
Completed 500 Internal Server Error in 8ms (ActiveRecord: 0.2ms)


  
SyntaxError (/Users/henryzhang/Projects/classwork/08-rails/moma/app/views/artists/show.html.erb:9: syntax error, unexpected ')', expecting `then' or ';' or '\n'
...end=( if @artist.dob.present? );@output_buffer.safe_append='
...                              ^
/Users/henryzhang/Projects/classwork/08-rails/moma/app/views/artists/show.html.erb:11: syntax error, unexpected `end', expecting ')'
'.freeze;         end 
                  ^~~
/Users/henryzhang/Projects/classwork/08-rails/moma/app/views/artists/show.html.erb:18: syntax error, unexpected ':', expecting ')'
...",@artist, :method =>'delete' :data => {:confirm => 'Are you...
...                              ^
/Users/henryzhang/Projects/classwork/08-rails/moma/app/views/artists/show.html.erb:22: syntax error, unexpected `ensure', expecting ')'
          ensure
          ^~~~~~
/Users/henryzhang/Projects/classwork/08-rails/moma/app/views/artists/show.html.erb:24: syntax error, unexpected `end', expecting ')'
          end
          ^~~
):
  
app/views/artists/show.html.erb:9: syntax error, unexpected ')', expecting `then' or ';' or '\n'
app/views/artists/show.html.erb:11: syntax error, unexpected `end', expecting ')'
app/views/artists/show.html.erb:18: syntax error, unexpected ':', expecting ')'
app/views/artists/show.html.erb:22: syntax error, unexpected `ensure', expecting ')'
app/views/artists/show.html.erb:24: syntax error, unexpected `end', expecting ')'
Started GET "/artists/10" for ::1 at 2020-10-23 17:30:37 +1100
Processing by ArtistsController#show as HTML
  Parameters: {"id"=>"10"}
  [1m[36mArtist Load (0.2ms)[0m  [1m[34mSELECT  "artists".* FROM "artists" WHERE "artists"."id" = ? LIMIT ?[0m  [["id", 10], ["LIMIT", 1]]
  ↳ app/controllers/artists_controller.rb:7
  Rendering artists/show.html.erb within layouts/application
  Rendered artists/show.html.erb within layouts/application (1.0ms)
Completed 500 Internal Server Error in 6ms (ActiveRecord: 0.2ms)


  
SyntaxError (/Users/henryzhang/Projects/classwork/08-rails/moma/app/views/artists/show.html.erb:9: syntax error, unexpected ')', expecting `then' or ';' or '\n'
...end=( if @artist.dob.present? );@output_buffer.safe_append='
...                              ^
/Users/henryzhang/Projects/classwork/08-rails/moma/app/views/artists/show.html.erb:11: syntax error, unexpected `end', expecting ')'
'.freeze;         end 
                  ^~~
/Users/henryzhang/Projects/classwork/08-rails/moma/app/views/artists/show.html.erb:21: syntax error, unexpected ':', expecting ')'
...",@artist, :method =>'delete' :data => {:confirm => 'Are you...
...                              ^
/Users/henryzhang/Projects/classwork/08-rails/moma/app/views/artists/show.html.erb:25: syntax error, unexpected `ensure', expecting ')'
          ensure
          ^~~~~~
/Users/henryzhang/Projects/classwork/08-rails/moma/app/views/artists/show.html.erb:27: syntax error, unexpected `end', expecting ')'
          end
          ^~~
):
  
app/views/artists/show.html.erb:9: syntax error, unexpected ')', expecting `then' or ';' or '\n'
app/views/artists/show.html.erb:11: syntax error, unexpected `end', expecting ')'
app/views/artists/show.html.erb:21: syntax error, unexpected ':', expecting ')'
app/views/artists/show.html.erb:25: syntax error, unexpected `ensure', expecting ')'
app/views/artists/show.html.erb:27: syntax error, unexpected `end', expecting ')'
Started GET "/artists/10" for ::1 at 2020-10-23 17:30:38 +1100
Processing by ArtistsController#show as HTML
  Parameters: {"id"=>"10"}
  [1m[36mArtist Load (0.4ms)[0m  [1m[34mSELECT  "artists".* FROM "artists" WHERE "artists"."id" = ? LIMIT ?[0m  [["id", 10], ["LIMIT", 1]]
  ↳ app/controllers/artists_controller.rb:7
  Rendering artists/show.html.erb within layouts/application
  Rendered artists/show.html.erb within layouts/application (0.9ms)
Completed 500 Internal Server Error in 6ms (ActiveRecord: 0.4ms)


  
SyntaxError (/Users/henryzhang/Projects/classwork/08-rails/moma/app/views/artists/show.html.erb:9: syntax error, unexpected ')', expecting `then' or ';' or '\n'
...end=( if @artist.dob.present? );@output_buffer.safe_append='
...                              ^
/Users/henryzhang/Projects/classwork/08-rails/moma/app/views/artists/show.html.erb:11: syntax error, unexpected `end', expecting ')'
'.freeze;         end 
                  ^~~
/Users/henryzhang/Projects/classwork/08-rails/moma/app/views/artists/show.html.erb:21: syntax error, unexpected ':', expecting ')'
...",@artist, :method =>'delete' :data => {:confirm => 'Are you...
...                              ^
/Users/henryzhang/Projects/classwork/08-rails/moma/app/views/artists/show.html.erb:25: syntax error, unexpected `ensure', expecting ')'
          ensure
          ^~~~~~
/Users/henryzhang/Projects/classwork/08-rails/moma/app/views/artists/show.html.erb:27: syntax error, unexpected `end', expecting ')'
          end
          ^~~
):
  
app/views/artists/show.html.erb:9: syntax error, unexpected ')', expecting `then' or ';' or '\n'
app/views/artists/show.html.erb:11: syntax error, unexpected `end', expecting ')'
app/views/artists/show.html.erb:21: syntax error, unexpected ':', expecting ')'
app/views/artists/show.html.erb:25: syntax error, unexpected `ensure', expecting ')'
app/views/artists/show.html.erb:27: syntax error, unexpected `end', expecting ')'
Started GET "/artists/10" for ::1 at 2020-10-23 17:30:56 +1100
Processing by ArtistsController#show as HTML
  Parameters: {"id"=>"10"}
  [1m[36mArtist Load (0.2ms)[0m  [1m[34mSELECT  "artists".* FROM "artists" WHERE "artists"."id" = ? LIMIT ?[0m  [["id", 10], ["LIMIT", 1]]
  ↳ app/controllers/artists_controller.rb:7
  Rendering artists/show.html.erb within layouts/application
  Rendered artists/show.html.erb within layouts/application (1.0ms)
Completed 500 Internal Server Error in 7ms (ActiveRecord: 0.2ms)


  
SyntaxError (/Users/henryzhang/Projects/classwork/08-rails/moma/app/views/artists/show.html.erb:9: syntax error, unexpected ')', expecting `then' or ';' or '\n'
...end=( if @artist.dob.present? );@output_buffer.safe_append='
...                              ^
/Users/henryzhang/Projects/classwork/08-rails/moma/app/views/artists/show.html.erb:11: syntax error, unexpected `end', expecting ')'
'.freeze;         end 
                  ^~~
/Users/henryzhang/Projects/classwork/08-rails/moma/app/views/artists/show.html.erb:21: syntax error, unexpected ':', expecting ')'
...",@artist, :method =>'delete' :data => {:confirm => 'Are you...
...                              ^
/Users/henryzhang/Projects/classwork/08-rails/moma/app/views/artists/show.html.erb:25: syntax error, unexpected `ensure', expecting ')'
          ensure
          ^~~~~~
/Users/henryzhang/Projects/classwork/08-rails/moma/app/views/artists/show.html.erb:27: syntax error, unexpected `end', expecting ')'
          end
          ^~~
):
  
app/views/artists/show.html.erb:9: syntax error, unexpected ')', expecting `then' or ';' or '\n'
app/views/artists/show.html.erb:11: syntax error, unexpected `end', expecting ')'
app/views/artists/show.html.erb:21: syntax error, unexpected ':', expecting ')'
app/views/artists/show.html.erb:25: syntax error, unexpected `ensure', expecting ')'
app/views/artists/show.html.erb:27: syntax error, unexpected `end', expecting ')'
Started GET "/artists/10" for ::1 at 2020-10-23 17:30:57 +1100
Processing by ArtistsController#show as HTML
  Parameters: {"id"=>"10"}
  [1m[36mArtist Load (0.4ms)[0m  [1m[34mSELECT  "artists".* FROM "artists" WHERE "artists"."id" = ? LIMIT ?[0m  [["id", 10], ["LIMIT", 1]]
  ↳ app/controllers/artists_controller.rb:7
  Rendering artists/show.html.erb within layouts/application
  Rendered artists/show.html.erb within layouts/application (1.0ms)
Completed 500 Internal Server Error in 7ms (ActiveRecord: 0.4ms)


  
SyntaxError (/Users/henryzhang/Projects/classwork/08-rails/moma/app/views/artists/show.html.erb:9: syntax error, unexpected ')', expecting `then' or ';' or '\n'
...end=( if @artist.dob.present? );@output_buffer.safe_append='
...                              ^
/Users/henryzhang/Projects/classwork/08-rails/moma/app/views/artists/show.html.erb:11: syntax error, unexpected `end', expecting ')'
'.freeze;         end 
                  ^~~
/Users/henryzhang/Projects/classwork/08-rails/moma/app/views/artists/show.html.erb:21: syntax error, unexpected ':', expecting ')'
...",@artist, :method =>'delete' :data => {:confirm => 'Are you...
...                              ^
/Users/henryzhang/Projects/classwork/08-rails/moma/app/views/artists/show.html.erb:25: syntax error, unexpected `ensure', expecting ')'
          ensure
          ^~~~~~
/Users/henryzhang/Projects/classwork/08-rails/moma/app/views/artists/show.html.erb:27: syntax error, unexpected `end', expecting ')'
          end
          ^~~
):
  
app/views/artists/show.html.erb:9: syntax error, unexpected ')', expecting `then' or ';' or '\n'
app/views/artists/show.html.erb:11: syntax error, unexpected `end', expecting ')'
app/views/artists/show.html.erb:21: syntax error, unexpected ':', expecting ')'
app/views/artists/show.html.erb:25: syntax error, unexpected `ensure', expecting ')'
app/views/artists/show.html.erb:27: syntax error, unexpected `end', expecting ')'
Started GET "/artists/10" for ::1 at 2020-10-23 17:31:01 +1100
Processing by ArtistsController#show as HTML
  Parameters: {"id"=>"10"}
  [1m[36mArtist Load (0.3ms)[0m  [1m[34mSELECT  "artists".* FROM "artists" WHERE "artists"."id" = ? LIMIT ?[0m  [["id", 10], ["LIMIT", 1]]
  ↳ app/controllers/artists_controller.rb:7
  Rendering artists/show.html.erb within layouts/application
  Rendered artists/show.html.erb within layouts/application (1.6ms)
Completed 500 Internal Server Error in 8ms (ActiveRecord: 0.3ms)


  
SyntaxError (/Users/henryzhang/Projects/classwork/08-rails/moma/app/views/artists/show.html.erb:9: syntax error, unexpected ')', expecting `then' or ';' or '\n'
...end=( if @artist.dob.present? );@output_buffer.safe_append='
...                              ^
/Users/henryzhang/Projects/classwork/08-rails/moma/app/views/artists/show.html.erb:11: syntax error, unexpected `end', expecting ')'
'.freeze;         end 
                  ^~~
/Users/henryzhang/Projects/classwork/08-rails/moma/app/views/artists/show.html.erb:21: syntax error, unexpected ':', expecting ')'
...",@artist, :method =>'delete' :data => {:confirm => 'Are you...
...                              ^
/Users/henryzhang/Projects/classwork/08-rails/moma/app/views/artists/show.html.erb:25: syntax error, unexpected `ensure', expecting ')'
          ensure
          ^~~~~~
/Users/henryzhang/Projects/classwork/08-rails/moma/app/views/artists/show.html.erb:27: syntax error, unexpected `end', expecting ')'
          end
          ^~~
):
  
app/views/artists/show.html.erb:9: syntax error, unexpected ')', expecting `then' or ';' or '\n'
app/views/artists/show.html.erb:11: syntax error, unexpected `end', expecting ')'
app/views/artists/show.html.erb:21: syntax error, unexpected ':', expecting ')'
app/views/artists/show.html.erb:25: syntax error, unexpected `ensure', expecting ')'
app/views/artists/show.html.erb:27: syntax error, unexpected `end', expecting ')'
Started GET "/artists/10" for ::1 at 2020-10-23 17:32:05 +1100
Processing by ArtistsController#show as HTML
  Parameters: {"id"=>"10"}
  [1m[36mArtist Load (0.3ms)[0m  [1m[34mSELECT  "artists".* FROM "artists" WHERE "artists"."id" = ? LIMIT ?[0m  [["id", 10], ["LIMIT", 1]]
  ↳ app/controllers/artists_controller.rb:7
  Rendering artists/show.html.erb within layouts/application
  Rendered artists/show.html.erb within layouts/application (1.9ms)
Completed 500 Internal Server Error in 9ms (ActiveRecord: 0.3ms)


  
SyntaxError (/Users/henryzhang/Projects/classwork/08-rails/moma/app/views/artists/show.html.erb:21: syntax error, unexpected ':', expecting ')'
...",@artist, :method =>'delete' :data => {:confirm => 'Are you...
...                              ^
):
  
app/views/artists/show.html.erb:21: syntax error, unexpected ':', expecting ')'
Started GET "/artists/10" for ::1 at 2020-10-23 17:33:17 +1100
Processing by ArtistsController#show as HTML
  Parameters: {"id"=>"10"}
  [1m[36mArtist Load (0.2ms)[0m  [1m[34mSELECT  "artists".* FROM "artists" WHERE "artists"."id" = ? LIMIT ?[0m  [["id", 10], ["LIMIT", 1]]
  ↳ app/controllers/artists_controller.rb:7
  Rendering artists/show.html.erb within layouts/application
  Rendered artists/show.html.erb within layouts/application (6.9ms)
Completed 500 Internal Server Error in 13ms (ActiveRecord: 0.2ms)


  
ActionView::Template::Error (undefined method `works' for #<Artist:0x00007fd54f86f458>):
    12:     <li> Period: <%=@artist.name %></li>
    13:     </ul>
    14: 
    15:     <% @artist.works.each do |work| %>
    16:       <%= link_to image_tag(work.image, :class => 'thumb'), work %>
    17:     <% end %>
    18: 
  
app/views/artists/show.html.erb:15:in `_app_views_artists_show_html_erb__2718931847756564124_20880'
Started GET "/artists/10" for ::1 at 2020-10-23 17:34:03 +1100
Processing by ArtistsController#show as HTML
  Parameters: {"id"=>"10"}
  [1m[36mArtist Load (0.3ms)[0m  [1m[34mSELECT  "artists".* FROM "artists" WHERE "artists"."id" = ? LIMIT ?[0m  [["id", 10], ["LIMIT", 1]]
  ↳ app/controllers/artists_controller.rb:7
  Rendering artists/show.html.erb within layouts/application
  Rendered artists/show.html.erb within layouts/application (2.1ms)
Completed 200 OK in 20ms (Views: 16.1ms | ActiveRecord: 0.3ms)


Started GET "/index" for ::1 at 2020-10-23 17:38:06 +1100
  
ActionController::RoutingError (No route matches [GET] "/index"):
  
actionpack (5.2.4.4) lib/action_dispatch/middleware/debug_exceptions.rb:65:in `call'
web-console (3.7.0) lib/web_console/middleware.rb:135:in `call_app'
web-console (3.7.0) lib/web_console/middleware.rb:30:in `block in call'
web-console (3.7.0) lib/web_console/middleware.rb:20:in `catch'
web-console (3.7.0) lib/web_console/middleware.rb:20:in `call'
actionpack (5.2.4.4) lib/action_dispatch/middleware/show_exceptions.rb:33:in `call'
railties (5.2.4.4) lib/rails/rack/logger.rb:38:in `call_app'
railties (5.2.4.4) lib/rails/rack/logger.rb:26:in `block in call'
activesupport (5.2.4.4) lib/active_support/tagged_logging.rb:71:in `block in tagged'
activesupport (5.2.4.4) lib/active_support/tagged_logging.rb:28:in `tagged'
activesupport (5.2.4.4) lib/active_support/tagged_logging.rb:71:in `tagged'
railties (5.2.4.4) lib/rails/rack/logger.rb:26:in `call'
sprockets-rails (3.2.2) lib/sprockets/rails/quiet_assets.rb:13:in `call'
actionpack (5.2.4.4) lib/action_dispatch/middleware/remote_ip.rb:81:in `call'
actionpack (5.2.4.4) lib/action_dispatch/middleware/request_id.rb:27:in `call'
rack (2.2.3) lib/rack/method_override.rb:24:in `call'
rack (2.2.3) lib/rack/runtime.rb:22:in `call'
activesupport (5.2.4.4) lib/active_support/cache/strategy/local_cache_middleware.rb:29:in `call'
actionpack (5.2.4.4) lib/action_dispatch/middleware/executor.rb:14:in `call'
actionpack (5.2.4.4) lib/action_dispatch/middleware/static.rb:127:in `call'
rack (2.2.3) lib/rack/sendfile.rb:110:in `call'
railties (5.2.4.4) lib/rails/engine.rb:524:in `call'
puma (3.12.6) lib/puma/configuration.rb:227:in `call'
puma (3.12.6) lib/puma/server.rb:706:in `handle_request'
puma (3.12.6) lib/puma/server.rb:476:in `process_client'
puma (3.12.6) lib/puma/server.rb:334:in `block in run'
puma (3.12.6) lib/puma/thread_pool.rb:135:in `block in spawn_thread'
Started GET "/" for ::1 at 2020-10-23 17:38:13 +1100
Processing by Rails::WelcomeController#index as HTML
  Rendering /Users/henryzhang/.rvm/gems/ruby-2.7.1/gems/railties-5.2.4.4/lib/rails/templates/rails/welcome/index.html.erb
  Rendered /Users/henryzhang/.rvm/gems/ruby-2.7.1/gems/railties-5.2.4.4/lib/rails/templates/rails/welcome/index.html.erb (3.3ms)
Completed 200 OK in 9ms (Views: 5.7ms | ActiveRecord: 0.0ms)


Started GET "/index" for ::1 at 2020-10-23 17:39:21 +1100
  
ActionController::RoutingError (No route matches [GET] "/index"):
  
actionpack (5.2.4.4) lib/action_dispatch/middleware/debug_exceptions.rb:65:in `call'
web-console (3.7.0) lib/web_console/middleware.rb:135:in `call_app'
web-console (3.7.0) lib/web_console/middleware.rb:30:in `block in call'
web-console (3.7.0) lib/web_console/middleware.rb:20:in `catch'
web-console (3.7.0) lib/web_console/middleware.rb:20:in `call'
actionpack (5.2.4.4) lib/action_dispatch/middleware/show_exceptions.rb:33:in `call'
railties (5.2.4.4) lib/rails/rack/logger.rb:38:in `call_app'
railties (5.2.4.4) lib/rails/rack/logger.rb:26:in `block in call'
activesupport (5.2.4.4) lib/active_support/tagged_logging.rb:71:in `block in tagged'
activesupport (5.2.4.4) lib/active_support/tagged_logging.rb:28:in `tagged'
activesupport (5.2.4.4) lib/active_support/tagged_logging.rb:71:in `tagged'
railties (5.2.4.4) lib/rails/rack/logger.rb:26:in `call'
sprockets-rails (3.2.2) lib/sprockets/rails/quiet_assets.rb:13:in `call'
actionpack (5.2.4.4) lib/action_dispatch/middleware/remote_ip.rb:81:in `call'
actionpack (5.2.4.4) lib/action_dispatch/middleware/request_id.rb:27:in `call'
rack (2.2.3) lib/rack/method_override.rb:24:in `call'
rack (2.2.3) lib/rack/runtime.rb:22:in `call'
activesupport (5.2.4.4) lib/active_support/cache/strategy/local_cache_middleware.rb:29:in `call'
actionpack (5.2.4.4) lib/action_dispatch/middleware/executor.rb:14:in `call'
actionpack (5.2.4.4) lib/action_dispatch/middleware/static.rb:127:in `call'
rack (2.2.3) lib/rack/sendfile.rb:110:in `call'
railties (5.2.4.4) lib/rails/engine.rb:524:in `call'
puma (3.12.6) lib/puma/configuration.rb:227:in `call'
puma (3.12.6) lib/puma/server.rb:706:in `handle_request'
puma (3.12.6) lib/puma/server.rb:476:in `process_client'
puma (3.12.6) lib/puma/server.rb:334:in `block in run'
puma (3.12.6) lib/puma/thread_pool.rb:135:in `block in spawn_thread'
Started GET "/artists" for ::1 at 2020-10-23 17:51:44 +1100
Processing by ArtistsController#index as HTML
  Rendering artists/index.html.erb within layouts/application
  [1m[36mArtist Load (0.2ms)[0m  [1m[34mSELECT "artists".* FROM "artists"[0m
  ↳ app/views/artists/index.html.erb:3
  Rendered artists/index.html.erb within layouts/application (11.0ms)
Completed 200 OK in 30ms (Views: 26.4ms | ActiveRecord: 0.9ms)


Started GET "/artists/new" for ::1 at 2020-10-23 17:51:57 +1100
Processing by ArtistsController#new as HTML
  Rendering artists/new.html.erb within layouts/application
  Rendered artists/_form.html.erb (0.4ms)
  Rendered artists/new.html.erb within layouts/application (15.9ms)
Completed 200 OK in 36ms (Views: 32.1ms | ActiveRecord: 0.0ms)


Started GET "/artists" for ::1 at 2020-10-23 17:57:14 +1100
Processing by ArtistsController#index as HTML
  Rendering artists/index.html.erb within layouts/application
  [1m[36mArtist Load (0.5ms)[0m  [1m[34mSELECT "artists".* FROM "artists"[0m
  ↳ app/views/artists/index.html.erb:3
  Rendered artists/index.html.erb within layouts/application (5.5ms)
Completed 200 OK in 36ms (Views: 31.6ms | ActiveRecord: 0.5ms)


Started GET "/artists" for ::1 at 2020-10-23 17:58:21 +1100
Processing by ArtistsController#index as HTML
  Rendering artists/index.html.erb within layouts/application
  [1m[36mArtist Load (0.3ms)[0m  [1m[34mSELECT "artists".* FROM "artists"[0m
  ↳ app/views/artists/index.html.erb:3
  Rendered artists/index.html.erb within layouts/application (3.7ms)
Completed 200 OK in 25ms (Views: 23.1ms | ActiveRecord: 0.3ms)


Started GET "/artists/new" for ::1 at 2020-10-23 18:01:20 +1100
Processing by ArtistsController#new as HTML
  Rendering artists/new.html.erb within layouts/application
  Rendered artists/_form.html.erb (0.4ms)
  Rendered artists/new.html.erb within layouts/application (4.3ms)
Completed 200 OK in 17ms (Views: 15.5ms | ActiveRecord: 0.0ms)


Started GET "/artists" for ::1 at 2020-10-23 18:01:22 +1100
Processing by ArtistsController#index as HTML
  Rendering artists/index.html.erb within layouts/application
  [1m[36mArtist Load (0.4ms)[0m  [1m[34mSELECT "artists".* FROM "artists"[0m
  ↳ app/views/artists/index.html.erb:3
  Rendered artists/index.html.erb within layouts/application (4.1ms)
Completed 200 OK in 28ms (Views: 24.4ms | ActiveRecord: 0.4ms)


Started GET "/" for ::1 at 2020-10-23 18:24:11 +1100
  [1m[35m (0.2ms)[0m  [1m[34mSELECT "schema_migrations"."version" FROM "schema_migrations" ORDER BY "schema_migrations"."version" ASC[0m
  ↳ /Users/henryzhang/.rvm/gems/ruby-2.7.1/gems/activerecord-5.2.4.4/lib/active_record/log_subscriber.rb:98
Processing by Rails::WelcomeController#index as HTML
  Rendering /Users/henryzhang/.rvm/gems/ruby-2.7.1/gems/railties-5.2.4.4/lib/rails/templates/rails/welcome/index.html.erb
  Rendered /Users/henryzhang/.rvm/gems/ruby-2.7.1/gems/railties-5.2.4.4/lib/rails/templates/rails/welcome/index.html.erb (3.1ms)
Completed 200 OK in 12ms (Views: 7.3ms | ActiveRecord: 0.0ms)


Started GET "/artists" for ::1 at 2020-10-23 18:24:43 +1100
Processing by ArtistsController#index as HTML
  Rendering artists/index.html.erb within layouts/application
  [1m[36mArtist Load (0.3ms)[0m  [1m[34mSELECT "artists".* FROM "artists"[0m
  ↳ app/views/artists/index.html.erb:3
  Rendered artists/index.html.erb within layouts/application (11.1ms)
Completed 200 OK in 2916ms (Views: 2912.4ms | ActiveRecord: 0.9ms)


Started GET "/artists" for ::1 at 2020-10-23 18:52:09 +1100
  [1m[35m (0.2ms)[0m  [1m[34mSELECT "schema_migrations"."version" FROM "schema_migrations" ORDER BY "schema_migrations"."version" ASC[0m
  ↳ /Users/henryzhang/.rvm/gems/ruby-2.7.1/gems/activerecord-5.2.4.4/lib/active_record/log_subscriber.rb:98
Processing by ArtistsController#index as HTML
  Rendering artists/index.html.erb within layouts/application
  [1m[36mArtist Load (0.2ms)[0m  [1m[34mSELECT "artists".* FROM "artists"[0m
  ↳ app/views/artists/index.html.erb:3
  Rendered artists/index.html.erb within layouts/application (7.9ms)
Completed 200 OK in 337ms (Views: 331.5ms | ActiveRecord: 0.6ms)


Started GET "/artists" for ::1 at 2020-10-23 18:53:12 +1100
Processing by ArtistsController#index as HTML
  Rendering artists/index.html.erb within layouts/application
  [1m[36mArtist Load (0.3ms)[0m  [1m[34mSELECT "artists".* FROM "artists"[0m
  ↳ app/views/artists/index.html.erb:3
  Rendered artists/index.html.erb within layouts/application (7.3ms)
Completed 200 OK in 66ms (Views: 63.1ms | ActiveRecord: 0.3ms)


Started GET "/artists" for ::1 at 2020-10-23 18:53:16 +1100
Processing by ArtistsController#index as HTML
  Rendering artists/index.html.erb within layouts/application
  [1m[36mArtist Load (0.4ms)[0m  [1m[34mSELECT "artists".* FROM "artists"[0m
  ↳ app/views/artists/index.html.erb:3
  Rendered artists/index.html.erb within layouts/application (2.9ms)
Completed 200 OK in 61ms (Views: 58.2ms | ActiveRecord: 0.4ms)


Started GET "/artists" for ::1 at 2020-10-23 18:58:21 +1100
Processing by ArtistsController#index as HTML
  Rendering artists/index.html.erb within layouts/application
  [1m[36mArtist Load (0.2ms)[0m  [1m[34mSELECT "artists".* FROM "artists"[0m
  ↳ app/views/artists/index.html.erb:3
  Rendered artists/index.html.erb within layouts/application (2.7ms)
Completed 200 OK in 55ms (Views: 53.2ms | ActiveRecord: 0.2ms)


Started GET "/artists" for ::1 at 2020-10-23 18:58:47 +1100
Processing by ArtistsController#index as HTML
  Rendering artists/index.html.erb within layouts/application
  [1m[36mArtist Load (0.2ms)[0m  [1m[34mSELECT "artists".* FROM "artists"[0m
  ↳ app/views/artists/index.html.erb:3
  Rendered artists/index.html.erb within layouts/application (2.1ms)
Completed 200 OK in 47ms (Views: 45.3ms | ActiveRecord: 0.2ms)


Started GET "/artists/new" for ::1 at 2020-10-23 18:59:54 +1100
Processing by ArtistsController#new as HTML
  Rendering artists/new.html.erb within layouts/application
  Rendered artists/_form.html.erb (0.5ms)
  Rendered artists/new.html.erb within layouts/application (21.9ms)
Completed 200 OK in 62ms (Views: 59.0ms | ActiveRecord: 0.0ms)


Started GET "/artists/new" for ::1 at 2020-10-23 19:04:29 +1100
Processing by ArtistsController#new as HTML
  Rendering artists/new.html.erb within layouts/application
  Rendered artists/new.html.erb within layouts/application (1.5ms)
Completed 500 Internal Server Error in 6ms (ActiveRecord: 0.0ms)


  
SyntaxError (/Users/henryzhang/Projects/classwork/08-rails/moma/app/views/artists/new.html.erb:26: syntax error, unexpected '<', expecting ')'
 <%  end );
 ^
/Users/henryzhang/Projects/classwork/08-rails/moma/app/views/artists/new.html.erb:29: syntax error, unexpected `ensure', expecting ')'
          ensure
          ^~~~~~
/Users/henryzhang/Projects/classwork/08-rails/moma/app/views/artists/new.html.erb:31: syntax error, unexpected `end', expecting ')'
          end
          ^~~
):
  
app/views/artists/new.html.erb:26: syntax error, unexpected '<', expecting ')'
app/views/artists/new.html.erb:29: syntax error, unexpected `ensure', expecting ')'
app/views/artists/new.html.erb:31: syntax error, unexpected `end', expecting ')'
Started GET "/artists/new" for ::1 at 2020-10-23 19:04:57 +1100
Processing by ArtistsController#new as HTML
  Rendering artists/new.html.erb within layouts/application
  Rendered artists/_form.html.erb (0.4ms)
  Rendered artists/new.html.erb within layouts/application (6.4ms)
Completed 200 OK in 62ms (Views: 59.4ms | ActiveRecord: 0.0ms)


Started GET "/artists/new" for ::1 at 2020-10-23 19:06:05 +1100
Processing by ArtistsController#new as HTML
  Rendering artists/new.html.erb within layouts/application
  Rendered artists/_form.html.erb (0.3ms)
  Rendered artists/new.html.erb within layouts/application (4.0ms)
Completed 200 OK in 58ms (Views: 56.0ms | ActiveRecord: 0.0ms)


Started GET "/artists/new" for ::1 at 2020-10-23 19:08:45 +1100
Processing by ArtistsController#new as HTML
  Rendering artists/new.html.erb within layouts/application
  Rendered artists/_form.html.erb (0.3ms)
  Rendered artists/new.html.erb within layouts/application (4.6ms)
Completed 200 OK in 62ms (Views: 59.2ms | ActiveRecord: 0.0ms)


Started GET "/artists/new" for ::1 at 2020-10-23 19:09:28 +1100
Processing by ArtistsController#new as HTML
  Rendering artists/new.html.erb within layouts/application
  Rendered artists/_form.html.erb (0.3ms)
  Rendered artists/new.html.erb within layouts/application (4.4ms)
Completed 200 OK in 56ms (Views: 53.3ms | ActiveRecord: 0.0ms)


Started GET "/artists/new" for ::1 at 2020-10-23 19:12:38 +1100
Processing by ArtistsController#new as HTML
  Rendering artists/new.html.erb within layouts/application
  Rendered artists/new.html.erb within layouts/application (1.0ms)
Completed 500 Internal Server Error in 5ms (ActiveRecord: 0.0ms)


  
SyntaxError (/Users/henryzhang/Projects/classwork/08-rails/moma/app/views/artists/new.html.erb:28: syntax error, unexpected '='
...d=( f.submit "Sing up!", class="btn btn-primary");@output_bu...
...                              ^
):
  
app/views/artists/new.html.erb:28: syntax error, unexpected '='
Started GET "/artists/new" for ::1 at 2020-10-23 19:12:51 +1100
Processing by ArtistsController#new as HTML
  Rendering artists/new.html.erb within layouts/application
  Rendered artists/new.html.erb within layouts/application (1.0ms)
Completed 500 Internal Server Error in 6ms (ActiveRecord: 0.0ms)


  
SyntaxError (/Users/henryzhang/Projects/classwork/08-rails/moma/app/views/artists/new.html.erb:28: syntax error, unexpected string literal, expecting ')'
...( f.submit "Sing up!", :class="btn btn-primary");@output_buf...
...                              ^
):
  
app/views/artists/new.html.erb:28: syntax error, unexpected string literal, expecting ')'
Started GET "/artists/new" for ::1 at 2020-10-23 19:13:04 +1100
Processing by ArtistsController#new as HTML
  Rendering artists/new.html.erb within layouts/application
  Rendered artists/_form.html.erb (0.3ms)
  Rendered artists/new.html.erb within layouts/application (4.6ms)
Completed 200 OK in 64ms (Views: 61.9ms | ActiveRecord: 0.0ms)


Started GET "/artists/new" for ::1 at 2020-10-23 19:13:28 +1100
Processing by ArtistsController#new as HTML
  Rendering artists/new.html.erb within layouts/application
  Rendered artists/_form.html.erb (0.3ms)
  Rendered artists/new.html.erb within layouts/application (5.3ms)
Completed 200 OK in 57ms (Views: 53.6ms | ActiveRecord: 0.0ms)


Started GET "/artists" for ::1 at 2020-10-23 19:13:30 +1100
Processing by ArtistsController#index as HTML
  Rendering artists/index.html.erb within layouts/application
  [1m[36mArtist Load (0.2ms)[0m  [1m[34mSELECT "artists".* FROM "artists"[0m
  ↳ app/views/artists/index.html.erb:3
  Rendered artists/index.html.erb within layouts/application (3.0ms)
Completed 200 OK in 59ms (Views: 56.3ms | ActiveRecord: 0.2ms)


Started GET "/artists/new" for ::1 at 2020-10-23 19:13:32 +1100
Processing by ArtistsController#new as HTML
  Rendering artists/new.html.erb within layouts/application
  Rendered artists/_form.html.erb (0.3ms)
  Rendered artists/new.html.erb within layouts/application (4.5ms)
Completed 200 OK in 61ms (Views: 58.8ms | ActiveRecord: 0.0ms)


Started GET "/" for ::1 at 2020-10-23 19:30:02 +1100
  [1m[35m (0.2ms)[0m  [1m[34mSELECT "schema_migrations"."version" FROM "schema_migrations" ORDER BY "schema_migrations"."version" ASC[0m
  ↳ /Users/henryzhang/.rvm/gems/ruby-2.7.1/gems/activerecord-5.2.4.4/lib/active_record/log_subscriber.rb:98
Processing by PagesController#home as HTML
  Rendering pages/home.html.erb within layouts/application
  Rendered pages/home.html.erb within layouts/application (1.0ms)
Completed 200 OK in 1704ms (Views: 1700.3ms | ActiveRecord: 0.0ms)


Started GET "/" for ::1 at 2020-10-23 19:30:31 +1100
Processing by PagesController#home as HTML
  Rendering pages/home.html.erb within layouts/application
  Rendered pages/home.html.erb within layouts/application (0.5ms)
Completed 200 OK in 93ms (Views: 90.1ms | ActiveRecord: 0.0ms)


Started GET "/" for ::1 at 2020-10-23 19:38:45 +1100
Processing by PagesController#home as HTML
  Rendering pages/home.html.erb within layouts/application
  Rendered pages/home.html.erb within layouts/application (0.7ms)
Completed 200 OK in 68ms (Views: 65.4ms | ActiveRecord: 0.0ms)


Started GET "/" for ::1 at 2020-10-23 19:39:10 +1100
Processing by PagesController#home as HTML
  Rendering pages/home.html.erb within layouts/application
  Rendered pages/home.html.erb within layouts/application (0.5ms)
Completed 200 OK in 63ms (Views: 60.3ms | ActiveRecord: 0.0ms)


